Using pre-set license
Built from '2021.3/staging' branch; Version is '2021.3.4f1 (cb45f9cae8b7) revision 13321721'; Using compiler version '192829333'; Build Type 'Release'
OS: 'Windows 11  (10.0.26100) 64bit Professional' Language: 'en' Physical Memory: 31887 MB
BatchMode: 1, IsHumanControllingUs: 0, StartBugReporterOnCrash: 0, Is64bit: 1, IsPro: 1

COMMAND LINE ARGUMENTS:
C:\Program Files\Unity\Hub\Editor\2021.3.4f1\Editor\Unity.exe
-adb2
-batchMode
-noUpm
-name
AssetImportWorker9
-projectPath
C:/Users/PC/OneDrive/Documents/GitHub/Complete-C-Unity-Game-Developer-3D
-logFile
Logs/AssetImportWorker9.log
-srvPort
62565
Successfully changed project path to: C:/Users/PC/OneDrive/Documents/GitHub/Complete-C-Unity-Game-Developer-3D
C:/Users/PC/OneDrive/Documents/GitHub/Complete-C-Unity-Game-Developer-3D
[UnityMemory] Configuration Parameters - Can be set up in boot.config
    "memorysetup-bucket-allocator-granularity=16"
    "memorysetup-bucket-allocator-bucket-count=8"
    "memorysetup-bucket-allocator-block-size=33554432"
    "memorysetup-bucket-allocator-block-count=8"
    "memorysetup-main-allocator-block-size=16777216"
    "memorysetup-thread-allocator-block-size=16777216"
    "memorysetup-gfx-main-allocator-block-size=16777216"
    "memorysetup-gfx-thread-allocator-block-size=16777216"
    "memorysetup-cache-allocator-block-size=4194304"
    "memorysetup-typetree-allocator-block-size=2097152"
    "memorysetup-profiler-bucket-allocator-granularity=16"
    "memorysetup-profiler-bucket-allocator-bucket-count=8"
    "memorysetup-profiler-bucket-allocator-block-size=33554432"
    "memorysetup-profiler-bucket-allocator-block-count=8"
    "memorysetup-profiler-allocator-block-size=16777216"
    "memorysetup-profiler-editor-allocator-block-size=1048576"
    "memorysetup-temp-allocator-size-main=16777216"
    "memorysetup-job-temp-allocator-block-size=2097152"
    "memorysetup-job-temp-allocator-block-size-background=1048576"
    "memorysetup-job-temp-allocator-reduction-small-platforms=262144"
    "memorysetup-temp-allocator-size-background-worker=32768"
    "memorysetup-temp-allocator-size-job-worker=262144"
    "memorysetup-temp-allocator-size-preload-manager=33554432"
    "memorysetup-temp-allocator-size-nav-mesh-worker=65536"
    "memorysetup-temp-allocator-size-audio-worker=65536"
    "memorysetup-temp-allocator-size-cloud-worker=32768"
    "memorysetup-temp-allocator-size-gi-baking-worker=262144"
    "memorysetup-temp-allocator-size-gfx=262144"
Refreshing native plugins compatible for Editor in 72.10 ms, found 3 plugins.
Preloading 0 native plugins for Editor in 0.00 ms.
Initialize engine version: 2021.3.4f1 (cb45f9cae8b7)
[Subsystems] Discovering subsystems at path C:/Program Files/Unity/Hub/Editor/2021.3.4f1/Editor/Data/Resources/UnitySubsystems
[Subsystems] Discovering subsystems at path C:/Users/PC/OneDrive/Documents/GitHub/Complete-C-Unity-Game-Developer-3D/Assets
GfxDevice: creating device client; threaded=0; jobified=0
Direct3D:
    Version:  Direct3D 11.0 [level 11.1]
    Renderer: NVIDIA GeForce RTX 4060 (ID=0x2882)
    Vendor:   NVIDIA
    VRAM:     7957 MB
    Driver:   32.0.15.7602
Initialize mono
Mono path[0] = 'C:/Program Files/Unity/Hub/Editor/2021.3.4f1/Editor/Data/Managed'
Mono path[1] = 'C:/Program Files/Unity/Hub/Editor/2021.3.4f1/Editor/Data/MonoBleedingEdge/lib/mono/unityjit-win32'
Mono config path = 'C:/Program Files/Unity/Hub/Editor/2021.3.4f1/Editor/Data/MonoBleedingEdge/etc'
Using monoOptions --debugger-agent=transport=dt_socket,embedding=1,server=y,suspend=n,address=127.0.0.1:56528
Begin MonoManager ReloadAssembly
Registering precompiled unity dll's ...
Register platform support module: C:/Program Files/Unity/Hub/Editor/2021.3.4f1/Editor/Data/PlaybackEngines/WebGLSupport/UnityEditor.WebGL.Extensions.dll
Register platform support module: C:/Program Files/Unity/Hub/Editor/2021.3.4f1/Editor/Data/PlaybackEngines/WindowsStandaloneSupport/UnityEditor.WindowsStandalone.Extensions.dll
Register platform support module: C:/Program Files/Unity/Hub/Editor/2021.3.4f1/Editor/Data/PlaybackEngines/MetroSupport/UnityEditor.UWP.Extensions.dll
Registered in 0.004878 seconds.
Native extension for UWP target not found
Native extension for WindowsStandalone target not found
Native extension for WebGL target not found
Refreshing native plugins compatible for Editor in 72.16 ms, found 3 plugins.
Preloading 0 native plugins for Editor in 0.00 ms.
Mono: successfully reloaded assembly
- Completed reload, in  0.416 seconds
Domain Reload Profiling:
	ReloadAssembly (416ms)
		BeginReloadAssembly (47ms)
			ExecutionOrderSort (0ms)
			DisableScriptedObjects (0ms)
			BackupInstance (0ms)
			ReleaseScriptingObjects (0ms)
			CreateAndSetChildDomain (0ms)
		EndReloadAssembly (299ms)
			LoadAssemblies (47ms)
			RebuildTransferFunctionScriptingTraits (0ms)
			SetupTypeCache (58ms)
			ReleaseScriptCaches (0ms)
			RebuildScriptCaches (17ms)
			SetupLoadedEditorAssemblies (190ms)
				LogAssemblyErrors (0ms)
				InitializePlatformSupportModulesInManaged (6ms)
				SetLoadedEditorAssemblies (0ms)
				RefreshPlugins (72ms)
				BeforeProcessingInitializeOnLoad (1ms)
				ProcessInitializeOnLoadAttributes (84ms)
				ProcessInitializeOnLoadMethodAttributes (26ms)
				AfterProcessingInitializeOnLoad (0ms)
				EditorAssembliesLoaded (0ms)
			ExecutionOrderSort2 (0ms)
			AwakeInstancesAfterBackupRestoration (0ms)
Platform modules already initialized, skipping
Registering precompiled user dll's ...
Registered in 0.004893 seconds.
Begin MonoManager ReloadAssembly
Symbol file LoadedFromMemory doesn't match image C:\Users\PC\OneDrive\Documents\GitHub\Complete-C-Unity-Game-Developer-3D\Library\PackageCache\com.unity.visualscripting@1.7.8\Editor\VisualScripting.Core\Dependencies\YamlDotNet\Unity.VisualScripting.YamlDotNet.dll
Symbol file LoadedFromMemory doesn't match image C:\Users\PC\OneDrive\Documents\GitHub\Complete-C-Unity-Game-Developer-3D\Library\PackageCache\com.unity.visualscripting@1.7.8\Editor\VisualScripting.Core\Dependencies\DotNetZip\Unity.VisualScripting.IonicZip.dll
Native extension for UWP target not found
Native extension for WindowsStandalone target not found
Native extension for WebGL target not found
Refreshing native plugins compatible for Editor in 71.61 ms, found 3 plugins.
Preloading 0 native plugins for Editor in 0.00 ms.
Mono: successfully reloaded assembly
- Completed reload, in  0.925 seconds
Domain Reload Profiling:
	ReloadAssembly (926ms)
		BeginReloadAssembly (75ms)
			ExecutionOrderSort (0ms)
			DisableScriptedObjects (4ms)
			BackupInstance (0ms)
			ReleaseScriptingObjects (0ms)
			CreateAndSetChildDomain (16ms)
		EndReloadAssembly (780ms)
			LoadAssemblies (62ms)
			RebuildTransferFunctionScriptingTraits (0ms)
			SetupTypeCache (174ms)
			ReleaseScriptCaches (1ms)
			RebuildScriptCaches (39ms)
			SetupLoadedEditorAssemblies (478ms)
				LogAssemblyErrors (0ms)
				InitializePlatformSupportModulesInManaged (5ms)
				SetLoadedEditorAssemblies (0ms)
				RefreshPlugins (72ms)
				BeforeProcessingInitializeOnLoad (79ms)
				ProcessInitializeOnLoadAttributes (302ms)
				ProcessInitializeOnLoadMethodAttributes (15ms)
				AfterProcessingInitializeOnLoad (5ms)
				EditorAssembliesLoaded (0ms)
			ExecutionOrderSort2 (0ms)
			AwakeInstancesAfterBackupRestoration (4ms)
Platform modules already initialized, skipping
========================================================================
Worker process is ready to serve import requests
Launched and connected shader compiler UnityShaderCompiler.exe after 0.07 seconds
Refreshing native plugins compatible for Editor in 1.67 ms, found 3 plugins.
Preloading 0 native plugins for Editor in 0.00 ms.
Unloading 4219 Unused Serialized files (Serialized files now loaded: 0)
Unloading 77 unused Assets / (2.8 MB). Loaded Objects now: 4693.
Memory consumption went from 252.1 MB to 249.2 MB.
Total: 5.147700 ms (FindLiveObjects: 0.565100 ms CreateObjectMapping: 0.235300 ms MarkObjects: 3.537100 ms  DeleteObjects: 0.808800 ms)

AssetImportParameters requested are different than current active one (requested -> active):
  custom:video-decoder-ogg-theora: a1e56fd34408186e4bbccfd4996cb3dc -> 
  custom:container-muxer-webm: aa71ff27fc2769a1b78a27578f13a17b -> 
  custom:container-demuxer-webm: 4f35f7cbe854078d1ac9338744f61a02 -> 
  custom:video-encoder-webm-vp8: eb34c28f22e8b96e1ab97ce403110664 -> 
  custom:video-codec-MediaFoundation-h265: 746d11721c4dcdbdad8f713fa42b33f4 -> 
  custom:audio-encoder-webm-vorbis: bf7c407c2cedff20999df2af8eb42d56 -> 
  custom:framework-win-MediaFoundation: 216162199b28c13a410421893ffa2e32 -> 
  custom:container-demuxer-ogg: 62fdf1f143b41e24485cea50d1cbac27 -> 
  custom:video-decoder-webm-vp8: 9c59270c3fd7afecdb556c50c9e8de78 -> 
  custom:audio-decoder-ogg-vorbis: bf7c407c2cedff20999df2af8eb42d56 -> 
========================================================================
Received Import Request.
  Time since last request: 1793708.008843 seconds.
  path: Assets/Section 5 = Realm Rush/Prefabs/Straight Road 90.prefab
  artifactKey: Guid(0d999cdd95106834a823c4514a3420a3) Importer(815301076,1909f56bfc062723c751e8b465ee728b)
Start importing Assets/Section 5 = Realm Rush/Prefabs/Straight Road 90.prefab using Guid(0d999cdd95106834a823c4514a3420a3) Importer(815301076,1909f56bfc062723c751e8b465ee728b)  -> (artifact id: 'f53c52343cb3ad8d9ff647b65c41aecc') in 0.142837 seconds 
========================================================================
Received Import Request.
  Time since last request: 0.000019 seconds.
  path: Assets/Section 5 = Realm Rush/Prefabs/Turn Road 180.prefab
  artifactKey: Guid(936f38b85178a954a843fc3c328230d5) Importer(815301076,1909f56bfc062723c751e8b465ee728b)
Start importing Assets/Section 5 = Realm Rush/Prefabs/Turn Road 180.prefab using Guid(936f38b85178a954a843fc3c328230d5) Importer(815301076,1909f56bfc062723c751e8b465ee728b)  -> (artifact id: '5b8440b40a530463fe677633cf9ee152') in 0.026134 seconds 
========================================================================
Received Import Request.
  Time since last request: 0.000023 seconds.
  path: Assets/Section 5 = Realm Rush/Prefabs/Tile.prefab
  artifactKey: Guid(83ca4c24902474b449e3425f55f7a258) Importer(815301076,1909f56bfc062723c751e8b465ee728b)
Start importing Assets/Section 5 = Realm Rush/Prefabs/Tile.prefab using Guid(83ca4c24902474b449e3425f55f7a258) Importer(815301076,1909f56bfc062723c751e8b465ee728b)  -> (artifact id: '5fd9ac3a4a4cf3feb3dbe6042292d96d') in 0.024283 seconds 
========================================================================
Received Prepare
Registering precompiled user dll's ...
Registered in 0.008892 seconds.
Begin MonoManager ReloadAssembly
Symbol file LoadedFromMemory doesn't match image C:\Users\PC\OneDrive\Documents\GitHub\Complete-C-Unity-Game-Developer-3D\Library\PackageCache\com.unity.visualscripting@1.7.8\Editor\VisualScripting.Core\Dependencies\YamlDotNet\Unity.VisualScripting.YamlDotNet.dll
Symbol file LoadedFromMemory doesn't match image C:\Users\PC\OneDrive\Documents\GitHub\Complete-C-Unity-Game-Developer-3D\Library\PackageCache\com.unity.visualscripting@1.7.8\Editor\VisualScripting.Core\Dependencies\DotNetZip\Unity.VisualScripting.IonicZip.dll
Native extension for UWP target not found
Native extension for WindowsStandalone target not found
Native extension for WebGL target not found
Refreshing native plugins compatible for Editor in 1.21 ms, found 3 plugins.
Preloading 0 native plugins for Editor in 0.00 ms.
Mono: successfully reloaded assembly
- Completed reload, in  1.215 seconds
Domain Reload Profiling:
	ReloadAssembly (1216ms)
		BeginReloadAssembly (173ms)
			ExecutionOrderSort (0ms)
			DisableScriptedObjects (4ms)
			BackupInstance (0ms)
			ReleaseScriptingObjects (0ms)
			CreateAndSetChildDomain (43ms)
		EndReloadAssembly (922ms)
			LoadAssemblies (128ms)
			RebuildTransferFunctionScriptingTraits (0ms)
			SetupTypeCache (291ms)
			ReleaseScriptCaches (1ms)
			RebuildScriptCaches (43ms)
			SetupLoadedEditorAssemblies (450ms)
				LogAssemblyErrors (0ms)
				InitializePlatformSupportModulesInManaged (13ms)
				SetLoadedEditorAssemblies (0ms)
				RefreshPlugins (1ms)
				BeforeProcessingInitializeOnLoad (84ms)
				ProcessInitializeOnLoadAttributes (326ms)
				ProcessInitializeOnLoadMethodAttributes (21ms)
				AfterProcessingInitializeOnLoad (5ms)
				EditorAssembliesLoaded (0ms)
			ExecutionOrderSort2 (0ms)
			AwakeInstancesAfterBackupRestoration (4ms)
Platform modules already initialized, skipping
Refreshing native plugins compatible for Editor in 2.93 ms, found 3 plugins.
Preloading 0 native plugins for Editor in 0.00 ms.
Unloading 4139 Unused Serialized files (Serialized files now loaded: 0)
Unloading 46 unused Assets / (2.8 MB). Loaded Objects now: 4715.
Memory consumption went from 248.8 MB to 246.0 MB.
Total: 4.744000 ms (FindLiveObjects: 0.504400 ms CreateObjectMapping: 0.176400 ms MarkObjects: 3.327200 ms  DeleteObjects: 0.734800 ms)

AssetImportParameters requested are different than current active one (requested -> active):
  custom:video-decoder-ogg-theora: a1e56fd34408186e4bbccfd4996cb3dc -> 
  custom:container-muxer-webm: aa71ff27fc2769a1b78a27578f13a17b -> 
  custom:container-demuxer-webm: 4f35f7cbe854078d1ac9338744f61a02 -> 
  custom:video-encoder-webm-vp8: eb34c28f22e8b96e1ab97ce403110664 -> 
  custom:video-codec-MediaFoundation-h265: 746d11721c4dcdbdad8f713fa42b33f4 -> 
  custom:audio-encoder-webm-vorbis: bf7c407c2cedff20999df2af8eb42d56 -> 
  custom:framework-win-MediaFoundation: 216162199b28c13a410421893ffa2e32 -> 
  custom:container-demuxer-ogg: 62fdf1f143b41e24485cea50d1cbac27 -> 
  custom:video-decoder-webm-vp8: 9c59270c3fd7afecdb556c50c9e8de78 -> 
  custom:audio-decoder-ogg-vorbis: bf7c407c2cedff20999df2af8eb42d56 -> 
========================================================================
Received Import Request.
  Time since last request: 58.925677 seconds.
  path: Assets/Section 5 = Realm Rush/Prefabs/Straight Road.prefab
  artifactKey: Guid(837e589a8fa2c294a8dc07ccf8a66576) Importer(815301076,1909f56bfc062723c751e8b465ee728b)
Start importing Assets/Section 5 = Realm Rush/Prefabs/Straight Road.prefab using Guid(837e589a8fa2c294a8dc07ccf8a66576) Importer(815301076,1909f56bfc062723c751e8b465ee728b)  -> (artifact id: 'ed12e16ff703310a2e984a7303fc20bf') in 0.097427 seconds 
========================================================================
Received Import Request.
  Time since last request: 0.000019 seconds.
  path: Assets/Section 5 = Realm Rush/Prefabs/Tile.prefab
  artifactKey: Guid(83ca4c24902474b449e3425f55f7a258) Importer(815301076,1909f56bfc062723c751e8b465ee728b)
Start importing Assets/Section 5 = Realm Rush/Prefabs/Tile.prefab using Guid(83ca4c24902474b449e3425f55f7a258) Importer(815301076,1909f56bfc062723c751e8b465ee728b)  -> (artifact id: '27f2c52cbf7a3e60f79ab4b5903f749e') in 0.044700 seconds 
========================================================================
Received Import Request.
  Time since last request: 22.537828 seconds.
  path: Assets/Section 5 = Realm Rush/Prefabs/Straight Road.prefab
  artifactKey: Guid(837e589a8fa2c294a8dc07ccf8a66576) Importer(815301076,1909f56bfc062723c751e8b465ee728b)
Start importing Assets/Section 5 = Realm Rush/Prefabs/Straight Road.prefab using Guid(837e589a8fa2c294a8dc07ccf8a66576) Importer(815301076,1909f56bfc062723c751e8b465ee728b)  -> (artifact id: '9c81189ee88e87565a124628f6234b07') in 0.028614 seconds 
========================================================================
Received Import Request.
  Time since last request: 0.000017 seconds.
  path: Assets/Section 5 = Realm Rush/Prefabs/Turn Road 90.prefab
  artifactKey: Guid(1d99113e38b1a784bb163a26e30a9ac3) Importer(815301076,1909f56bfc062723c751e8b465ee728b)
Start importing Assets/Section 5 = Realm Rush/Prefabs/Turn Road 90.prefab using Guid(1d99113e38b1a784bb163a26e30a9ac3) Importer(815301076,1909f56bfc062723c751e8b465ee728b)  -> (artifact id: '8b4ca5ff11f65b19ba68600934f8811a') in 0.024391 seconds 
========================================================================
Received Import Request.
  Time since last request: 0.000016 seconds.
  path: Assets/Section 5 = Realm Rush/Prefabs/Tile.prefab
  artifactKey: Guid(83ca4c24902474b449e3425f55f7a258) Importer(815301076,1909f56bfc062723c751e8b465ee728b)
Start importing Assets/Section 5 = Realm Rush/Prefabs/Tile.prefab using Guid(83ca4c24902474b449e3425f55f7a258) Importer(815301076,1909f56bfc062723c751e8b465ee728b)  -> (artifact id: '48fca10540e5b2d096fd04b45f128ffc') in 0.021768 seconds 
========================================================================
Received Import Request.
  Time since last request: 14.247422 seconds.
  path: Assets/Section 5 = Realm Rush/Prefabs/Straight Road.prefab
  artifactKey: Guid(837e589a8fa2c294a8dc07ccf8a66576) Importer(815301076,1909f56bfc062723c751e8b465ee728b)
Start importing Assets/Section 5 = Realm Rush/Prefabs/Straight Road.prefab using Guid(837e589a8fa2c294a8dc07ccf8a66576) Importer(815301076,1909f56bfc062723c751e8b465ee728b)  -> (artifact id: '0513fff013ede782b6fb0efceff6c5db') in 0.024248 seconds 
========================================================================
Received Import Request.
  Time since last request: 0.000012 seconds.
  path: Assets/Section 5 = Realm Rush/Prefabs/Turn Road 180.prefab
  artifactKey: Guid(936f38b85178a954a843fc3c328230d5) Importer(815301076,1909f56bfc062723c751e8b465ee728b)
Start importing Assets/Section 5 = Realm Rush/Prefabs/Turn Road 180.prefab using Guid(936f38b85178a954a843fc3c328230d5) Importer(815301076,1909f56bfc062723c751e8b465ee728b)  -> (artifact id: '861157d2e91f48c0a546342837ae1889') in 0.026964 seconds 
========================================================================
Received Import Request.
  Time since last request: 8.795583 seconds.
  path: Assets/Section 5 = Realm Rush/Prefabs/Straight Road.prefab
  artifactKey: Guid(837e589a8fa2c294a8dc07ccf8a66576) Importer(815301076,1909f56bfc062723c751e8b465ee728b)
Start importing Assets/Section 5 = Realm Rush/Prefabs/Straight Road.prefab using Guid(837e589a8fa2c294a8dc07ccf8a66576) Importer(815301076,1909f56bfc062723c751e8b465ee728b)  -> (artifact id: 'a1913c5f597e772237134e372b920b25') in 0.025028 seconds 
========================================================================
Received Import Request.
  Time since last request: 0.000016 seconds.
  path: Assets/Section 5 = Realm Rush/Prefabs/Turn Road 180.prefab
  artifactKey: Guid(936f38b85178a954a843fc3c328230d5) Importer(815301076,1909f56bfc062723c751e8b465ee728b)
Start importing Assets/Section 5 = Realm Rush/Prefabs/Turn Road 180.prefab using Guid(936f38b85178a954a843fc3c328230d5) Importer(815301076,1909f56bfc062723c751e8b465ee728b)  -> (artifact id: '476a486e8c5ad2b76f06033aa5872a43') in 0.022638 seconds 
========================================================================
Received Import Request.
  Time since last request: 0.000013 seconds.
  path: Assets/Section 5 = Realm Rush/Prefabs/Turn Road -90.prefab
  artifactKey: Guid(554d8c432cbc36944a879dca93e287a2) Importer(815301076,1909f56bfc062723c751e8b465ee728b)
Start importing Assets/Section 5 = Realm Rush/Prefabs/Turn Road -90.prefab using Guid(554d8c432cbc36944a879dca93e287a2) Importer(815301076,1909f56bfc062723c751e8b465ee728b)  -> (artifact id: 'b748ef44b66a8f400041caea931369c6') in 0.021123 seconds 
========================================================================
Received Import Request.
  Time since last request: 28.979778 seconds.
  path: Assets/Section 5 = Realm Rush/Prefabs/Straight Road.prefab
  artifactKey: Guid(837e589a8fa2c294a8dc07ccf8a66576) Importer(815301076,1909f56bfc062723c751e8b465ee728b)
Start importing Assets/Section 5 = Realm Rush/Prefabs/Straight Road.prefab using Guid(837e589a8fa2c294a8dc07ccf8a66576) Importer(815301076,1909f56bfc062723c751e8b465ee728b)  -> (artifact id: 'e92eb75d0a1577beae348902258325c0') in 0.028616 seconds 
========================================================================
Received Import Request.
  Time since last request: 0.000016 seconds.
  path: Assets/Section 5 = Realm Rush/Prefabs/Turn Road.prefab
  artifactKey: Guid(fe3bab9163511f147b9cf9048f187a0f) Importer(815301076,1909f56bfc062723c751e8b465ee728b)
Start importing Assets/Section 5 = Realm Rush/Prefabs/Turn Road.prefab using Guid(fe3bab9163511f147b9cf9048f187a0f) Importer(815301076,1909f56bfc062723c751e8b465ee728b)  -> (artifact id: '22d0626b20d04cb9933be2a6ea1a7425') in 0.030465 seconds 
========================================================================
Received Import Request.
  Time since last request: 0.000017 seconds.
  path: Assets/Section 5 = Realm Rush/Prefabs/Turn Road -90.prefab
  artifactKey: Guid(554d8c432cbc36944a879dca93e287a2) Importer(815301076,1909f56bfc062723c751e8b465ee728b)
Start importing Assets/Section 5 = Realm Rush/Prefabs/Turn Road -90.prefab using Guid(554d8c432cbc36944a879dca93e287a2) Importer(815301076,1909f56bfc062723c751e8b465ee728b)  -> (artifact id: 'c65d71394768c353cfcd06f65d804a7a') in 0.028206 seconds 
========================================================================
Received Import Request.
  Time since last request: 21.595264 seconds.
  path: Assets/Section 5 = Realm Rush/Prefabs/Straight Road.prefab
  artifactKey: Guid(837e589a8fa2c294a8dc07ccf8a66576) Importer(815301076,1909f56bfc062723c751e8b465ee728b)
Start importing Assets/Section 5 = Realm Rush/Prefabs/Straight Road.prefab using Guid(837e589a8fa2c294a8dc07ccf8a66576) Importer(815301076,1909f56bfc062723c751e8b465ee728b)  -> (artifact id: '047265ade777e7784e6283b35de52f76') in 0.028348 seconds 
========================================================================
Received Import Request.
  Time since last request: 0.000012 seconds.
  path: Assets/Section 5 = Realm Rush/Prefabs/Turn Road.prefab
  artifactKey: Guid(fe3bab9163511f147b9cf9048f187a0f) Importer(815301076,1909f56bfc062723c751e8b465ee728b)
Start importing Assets/Section 5 = Realm Rush/Prefabs/Turn Road.prefab using Guid(fe3bab9163511f147b9cf9048f187a0f) Importer(815301076,1909f56bfc062723c751e8b465ee728b)  -> (artifact id: 'ddff2f0ae2258661563e94999fa525d7') in 0.033015 seconds 
========================================================================
Received Import Request.
  Time since last request: 0.000014 seconds.
  path: Assets/Section 5 = Realm Rush/Prefabs/Turn Road -90.prefab
  artifactKey: Guid(554d8c432cbc36944a879dca93e287a2) Importer(815301076,1909f56bfc062723c751e8b465ee728b)
Start importing Assets/Section 5 = Realm Rush/Prefabs/Turn Road -90.prefab using Guid(554d8c432cbc36944a879dca93e287a2) Importer(815301076,1909f56bfc062723c751e8b465ee728b)  -> (artifact id: '24587a9e8552092a419df0a729663134') in 0.027550 seconds 
========================================================================
Received Import Request.
  Time since last request: 5.537872 seconds.
  path: Assets/Section 5 = Realm Rush/Prefabs/Straight Road.prefab
  artifactKey: Guid(837e589a8fa2c294a8dc07ccf8a66576) Importer(815301076,1909f56bfc062723c751e8b465ee728b)
Start importing Assets/Section 5 = Realm Rush/Prefabs/Straight Road.prefab using Guid(837e589a8fa2c294a8dc07ccf8a66576) Importer(815301076,1909f56bfc062723c751e8b465ee728b)  -> (artifact id: '7ec6fb39b45a1eaeea7ea5aa1f4477a2') in 0.023153 seconds 
========================================================================
Received Import Request.
  Time since last request: 0.000015 seconds.
  path: Assets/Section 5 = Realm Rush/Prefabs/Turn Road.prefab
  artifactKey: Guid(fe3bab9163511f147b9cf9048f187a0f) Importer(815301076,1909f56bfc062723c751e8b465ee728b)
Start importing Assets/Section 5 = Realm Rush/Prefabs/Turn Road.prefab using Guid(fe3bab9163511f147b9cf9048f187a0f) Importer(815301076,1909f56bfc062723c751e8b465ee728b)  -> (artifact id: '5e5b3bf38326186b672f2bcda383ffa0') in 0.021395 seconds 
========================================================================
Received Import Request.
  Time since last request: 0.000018 seconds.
  path: Assets/Section 5 = Realm Rush/Prefabs/Turn Road -90.prefab
  artifactKey: Guid(554d8c432cbc36944a879dca93e287a2) Importer(815301076,1909f56bfc062723c751e8b465ee728b)
Start importing Assets/Section 5 = Realm Rush/Prefabs/Turn Road -90.prefab using Guid(554d8c432cbc36944a879dca93e287a2) Importer(815301076,1909f56bfc062723c751e8b465ee728b)  -> (artifact id: '3c7d74a8a1cffc55d6f7140981d19951') in 0.021413 seconds 
========================================================================
Received Import Request.
  Time since last request: 1.127706 seconds.
  path: Assets/Section 5 = Realm Rush/Prefabs/Straight Road.prefab
  artifactKey: Guid(837e589a8fa2c294a8dc07ccf8a66576) Importer(815301076,1909f56bfc062723c751e8b465ee728b)
Start importing Assets/Section 5 = Realm Rush/Prefabs/Straight Road.prefab using Guid(837e589a8fa2c294a8dc07ccf8a66576) Importer(815301076,1909f56bfc062723c751e8b465ee728b)  -> (artifact id: '4382009446d6d8536923e2fb4b8f892e') in 0.026448 seconds 
========================================================================
Received Import Request.
  Time since last request: 0.000016 seconds.
  path: Assets/Section 5 = Realm Rush/Prefabs/Turn Road.prefab
  artifactKey: Guid(fe3bab9163511f147b9cf9048f187a0f) Importer(815301076,1909f56bfc062723c751e8b465ee728b)
Start importing Assets/Section 5 = Realm Rush/Prefabs/Turn Road.prefab using Guid(fe3bab9163511f147b9cf9048f187a0f) Importer(815301076,1909f56bfc062723c751e8b465ee728b)  -> (artifact id: '59b42fb41af4a7dfeed999f4b45f661c') in 0.021572 seconds 
========================================================================
Received Import Request.
  Time since last request: 0.000010 seconds.
  path: Assets/Section 5 = Realm Rush/Prefabs/Turn Road -90.prefab
  artifactKey: Guid(554d8c432cbc36944a879dca93e287a2) Importer(815301076,1909f56bfc062723c751e8b465ee728b)
Start importing Assets/Section 5 = Realm Rush/Prefabs/Turn Road -90.prefab using Guid(554d8c432cbc36944a879dca93e287a2) Importer(815301076,1909f56bfc062723c751e8b465ee728b)  -> (artifact id: '7121747e84efdc89abe36b6c38bc3853') in 0.020662 seconds 
========================================================================
Received Import Request.
  Time since last request: 12.429631 seconds.
  path: Assets/Section 5 = Realm Rush/Prefabs/Straight Road.prefab
  artifactKey: Guid(837e589a8fa2c294a8dc07ccf8a66576) Importer(815301076,1909f56bfc062723c751e8b465ee728b)
Start importing Assets/Section 5 = Realm Rush/Prefabs/Straight Road.prefab using Guid(837e589a8fa2c294a8dc07ccf8a66576) Importer(815301076,1909f56bfc062723c751e8b465ee728b)  -> (artifact id: 'e21c4928797caf9290f52f723d5a6ff3') in 0.025939 seconds 
========================================================================
Received Import Request.
  Time since last request: 0.000012 seconds.
  path: Assets/Section 5 = Realm Rush/Prefabs/Turn Road 180.prefab
  artifactKey: Guid(936f38b85178a954a843fc3c328230d5) Importer(815301076,1909f56bfc062723c751e8b465ee728b)
Start importing Assets/Section 5 = Realm Rush/Prefabs/Turn Road 180.prefab using Guid(936f38b85178a954a843fc3c328230d5) Importer(815301076,1909f56bfc062723c751e8b465ee728b)  -> (artifact id: '22fd6f8302d72b26fefc12f06ff387bc') in 0.029134 seconds 
========================================================================
Received Import Request.
  Time since last request: 0.000014 seconds.
  path: Assets/Section 5 = Realm Rush/Prefabs/Turn Road -90.prefab
  artifactKey: Guid(554d8c432cbc36944a879dca93e287a2) Importer(815301076,1909f56bfc062723c751e8b465ee728b)
Start importing Assets/Section 5 = Realm Rush/Prefabs/Turn Road -90.prefab using Guid(554d8c432cbc36944a879dca93e287a2) Importer(815301076,1909f56bfc062723c751e8b465ee728b)  -> (artifact id: '0320c0d027980fc6e17106dfc4199cc3') in 0.022223 seconds 
========================================================================
Received Import Request.
  Time since last request: 4.355378 seconds.
  path: Assets/Section 5 = Realm Rush/Prefabs/Straight Road.prefab
  artifactKey: Guid(837e589a8fa2c294a8dc07ccf8a66576) Importer(815301076,1909f56bfc062723c751e8b465ee728b)
Start importing Assets/Section 5 = Realm Rush/Prefabs/Straight Road.prefab using Guid(837e589a8fa2c294a8dc07ccf8a66576) Importer(815301076,1909f56bfc062723c751e8b465ee728b)  -> (artifact id: '4d13d93730d0f255d03f9706e297575d') in 0.023724 seconds 
========================================================================
Received Import Request.
  Time since last request: 0.000013 seconds.
  path: Assets/Section 5 = Realm Rush/Prefabs/Turn Road.prefab
  artifactKey: Guid(fe3bab9163511f147b9cf9048f187a0f) Importer(815301076,1909f56bfc062723c751e8b465ee728b)
Start importing Assets/Section 5 = Realm Rush/Prefabs/Turn Road.prefab using Guid(fe3bab9163511f147b9cf9048f187a0f) Importer(815301076,1909f56bfc062723c751e8b465ee728b)  -> (artifact id: 'f9807e980eafa3c67003b3aa177c98ea') in 0.023697 seconds 
========================================================================
Received Import Request.
  Time since last request: 6.783328 seconds.
  path: Assets/Section 5 = Realm Rush/Prefabs/Straight Road.prefab
  artifactKey: Guid(837e589a8fa2c294a8dc07ccf8a66576) Importer(815301076,1909f56bfc062723c751e8b465ee728b)
Start importing Assets/Section 5 = Realm Rush/Prefabs/Straight Road.prefab using Guid(837e589a8fa2c294a8dc07ccf8a66576) Importer(815301076,1909f56bfc062723c751e8b465ee728b)  -> (artifact id: 'b2828e0840bf19b45af48a0581b63d29') in 0.023384 seconds 
========================================================================
Received Import Request.
  Time since last request: 0.000016 seconds.
  path: Assets/Section 5 = Realm Rush/Prefabs/Turn Road 180.prefab
  artifactKey: Guid(936f38b85178a954a843fc3c328230d5) Importer(815301076,1909f56bfc062723c751e8b465ee728b)
Start importing Assets/Section 5 = Realm Rush/Prefabs/Turn Road 180.prefab using Guid(936f38b85178a954a843fc3c328230d5) Importer(815301076,1909f56bfc062723c751e8b465ee728b)  -> (artifact id: 'bc5240e7ba94ac6b592651883ba6a17c') in 0.024008 seconds 
========================================================================
Received Import Request.
  Time since last request: 3.164280 seconds.
  path: Assets/Section 5 = Realm Rush/Prefabs/Straight Road.prefab
  artifactKey: Guid(837e589a8fa2c294a8dc07ccf8a66576) Importer(815301076,1909f56bfc062723c751e8b465ee728b)
Start importing Assets/Section 5 = Realm Rush/Prefabs/Straight Road.prefab using Guid(837e589a8fa2c294a8dc07ccf8a66576) Importer(815301076,1909f56bfc062723c751e8b465ee728b)  -> (artifact id: '98abd22fe6603bb221b877e9f9dc772b') in 0.026634 seconds 
========================================================================
Received Import Request.
  Time since last request: 0.000013 seconds.
  path: Assets/Section 5 = Realm Rush/Prefabs/Turn Road.prefab
  artifactKey: Guid(fe3bab9163511f147b9cf9048f187a0f) Importer(815301076,1909f56bfc062723c751e8b465ee728b)
Start importing Assets/Section 5 = Realm Rush/Prefabs/Turn Road.prefab using Guid(fe3bab9163511f147b9cf9048f187a0f) Importer(815301076,1909f56bfc062723c751e8b465ee728b)  -> (artifact id: 'c236263badd827e1108c796af8226548') in 0.040482 seconds 
========================================================================
Received Import Request.
  Time since last request: 0.000014 seconds.
  path: Assets/Section 5 = Realm Rush/Prefabs/Tile.prefab
  artifactKey: Guid(83ca4c24902474b449e3425f55f7a258) Importer(815301076,1909f56bfc062723c751e8b465ee728b)
Start importing Assets/Section 5 = Realm Rush/Prefabs/Tile.prefab using Guid(83ca4c24902474b449e3425f55f7a258) Importer(815301076,1909f56bfc062723c751e8b465ee728b)  -> (artifact id: '1499d5b6747fdd326af8a95c8f31f207') in 0.021606 seconds 
========================================================================
Received Import Request.
  Time since last request: 1.762438 seconds.
  path: Assets/Section 5 = Realm Rush/Prefabs/Straight Road.prefab
  artifactKey: Guid(837e589a8fa2c294a8dc07ccf8a66576) Importer(815301076,1909f56bfc062723c751e8b465ee728b)
Start importing Assets/Section 5 = Realm Rush/Prefabs/Straight Road.prefab using Guid(837e589a8fa2c294a8dc07ccf8a66576) Importer(815301076,1909f56bfc062723c751e8b465ee728b)  -> (artifact id: 'b52ed727f5921e4203c128d4410b408c') in 0.022353 seconds 
========================================================================
Received Import Request.
  Time since last request: 0.000014 seconds.
  path: Assets/Section 5 = Realm Rush/Prefabs/Turn Road.prefab
  artifactKey: Guid(fe3bab9163511f147b9cf9048f187a0f) Importer(815301076,1909f56bfc062723c751e8b465ee728b)
Start importing Assets/Section 5 = Realm Rush/Prefabs/Turn Road.prefab using Guid(fe3bab9163511f147b9cf9048f187a0f) Importer(815301076,1909f56bfc062723c751e8b465ee728b)  -> (artifact id: '97c44caab94a8a4678e29fb3c0375e4a') in 0.021859 seconds 
========================================================================
Received Import Request.
  Time since last request: 0.000011 seconds.
  path: Assets/Section 5 = Realm Rush/Prefabs/Turn Road -90.prefab
  artifactKey: Guid(554d8c432cbc36944a879dca93e287a2) Importer(815301076,1909f56bfc062723c751e8b465ee728b)
Start importing Assets/Section 5 = Realm Rush/Prefabs/Turn Road -90.prefab using Guid(554d8c432cbc36944a879dca93e287a2) Importer(815301076,1909f56bfc062723c751e8b465ee728b)  -> (artifact id: '75a814f101f3243c94dbca56a8d6c19f') in 0.020435 seconds 
========================================================================
Received Import Request.
  Time since last request: 6.733533 seconds.
  path: Assets/Section 5 = Realm Rush/Prefabs/Straight Road.prefab
  artifactKey: Guid(837e589a8fa2c294a8dc07ccf8a66576) Importer(815301076,1909f56bfc062723c751e8b465ee728b)
Start importing Assets/Section 5 = Realm Rush/Prefabs/Straight Road.prefab using Guid(837e589a8fa2c294a8dc07ccf8a66576) Importer(815301076,1909f56bfc062723c751e8b465ee728b)  -> (artifact id: '5b37a8e9115dfe437122a1bdee438c4c') in 0.028158 seconds 
========================================================================
Received Import Request.
  Time since last request: 0.000015 seconds.
  path: Assets/Section 5 = Realm Rush/Prefabs/Turn Road 180.prefab
  artifactKey: Guid(936f38b85178a954a843fc3c328230d5) Importer(815301076,1909f56bfc062723c751e8b465ee728b)
Start importing Assets/Section 5 = Realm Rush/Prefabs/Turn Road 180.prefab using Guid(936f38b85178a954a843fc3c328230d5) Importer(815301076,1909f56bfc062723c751e8b465ee728b)  -> (artifact id: '41a0771e598429fc86cc657453cf6554') in 0.027345 seconds 
========================================================================
Received Import Request.
  Time since last request: 0.000011 seconds.
  path: Assets/Section 5 = Realm Rush/Prefabs/Turn Road -90.prefab
  artifactKey: Guid(554d8c432cbc36944a879dca93e287a2) Importer(815301076,1909f56bfc062723c751e8b465ee728b)
Start importing Assets/Section 5 = Realm Rush/Prefabs/Turn Road -90.prefab using Guid(554d8c432cbc36944a879dca93e287a2) Importer(815301076,1909f56bfc062723c751e8b465ee728b)  -> (artifact id: 'dd7357d9fe63377e16843727cc79dd23') in 0.025850 seconds 
========================================================================
Received Import Request.
  Time since last request: 5.977333 seconds.
  path: Assets/Section 5 = Realm Rush/Prefabs/Straight Road.prefab
  artifactKey: Guid(837e589a8fa2c294a8dc07ccf8a66576) Importer(815301076,1909f56bfc062723c751e8b465ee728b)
Start importing Assets/Section 5 = Realm Rush/Prefabs/Straight Road.prefab using Guid(837e589a8fa2c294a8dc07ccf8a66576) Importer(815301076,1909f56bfc062723c751e8b465ee728b)  -> (artifact id: '25420b9e0855f3f379812d246785679f') in 0.027191 seconds 
========================================================================
Received Import Request.
  Time since last request: 0.000017 seconds.
  path: Assets/Section 5 = Realm Rush/Prefabs/Turn Road.prefab
  artifactKey: Guid(fe3bab9163511f147b9cf9048f187a0f) Importer(815301076,1909f56bfc062723c751e8b465ee728b)
Start importing Assets/Section 5 = Realm Rush/Prefabs/Turn Road.prefab using Guid(fe3bab9163511f147b9cf9048f187a0f) Importer(815301076,1909f56bfc062723c751e8b465ee728b)  -> (artifact id: '5428026aadc34bc5ca3b604eaab76a43') in 0.025304 seconds 
========================================================================
Received Import Request.
  Time since last request: 0.000020 seconds.
  path: Assets/Section 5 = Realm Rush/Prefabs/Turn Road -90.prefab
  artifactKey: Guid(554d8c432cbc36944a879dca93e287a2) Importer(815301076,1909f56bfc062723c751e8b465ee728b)
Start importing Assets/Section 5 = Realm Rush/Prefabs/Turn Road -90.prefab using Guid(554d8c432cbc36944a879dca93e287a2) Importer(815301076,1909f56bfc062723c751e8b465ee728b)  -> (artifact id: '8394f5e149e039ffcb72f974f9acd151') in 0.031816 seconds 
========================================================================
Received Import Request.
  Time since last request: 0.491252 seconds.
  path: Assets/Section 5 = Realm Rush/Prefabs/Straight Road.prefab
  artifactKey: Guid(837e589a8fa2c294a8dc07ccf8a66576) Importer(815301076,1909f56bfc062723c751e8b465ee728b)
Start importing Assets/Section 5 = Realm Rush/Prefabs/Straight Road.prefab using Guid(837e589a8fa2c294a8dc07ccf8a66576) Importer(815301076,1909f56bfc062723c751e8b465ee728b)  -> (artifact id: '4433c81941fee798b221a4573b315c6b') in 0.026179 seconds 
========================================================================
Received Import Request.
  Time since last request: 0.000014 seconds.
  path: Assets/Section 5 = Realm Rush/Prefabs/Turn Road 180.prefab
  artifactKey: Guid(936f38b85178a954a843fc3c328230d5) Importer(815301076,1909f56bfc062723c751e8b465ee728b)
Start importing Assets/Section 5 = Realm Rush/Prefabs/Turn Road 180.prefab using Guid(936f38b85178a954a843fc3c328230d5) Importer(815301076,1909f56bfc062723c751e8b465ee728b)  -> (artifact id: '2968c87f8f4dfbf63acc34e1c87836e0') in 0.027847 seconds 
========================================================================
Received Import Request.
  Time since last request: 1.539750 seconds.
  path: Assets/Section 5 = Realm Rush/Prefabs/Straight Road.prefab
  artifactKey: Guid(837e589a8fa2c294a8dc07ccf8a66576) Importer(815301076,1909f56bfc062723c751e8b465ee728b)
Start importing Assets/Section 5 = Realm Rush/Prefabs/Straight Road.prefab using Guid(837e589a8fa2c294a8dc07ccf8a66576) Importer(815301076,1909f56bfc062723c751e8b465ee728b)  -> (artifact id: 'f9abe03b0bc85dae97d5ba33ad38855e') in 0.022736 seconds 
========================================================================
Received Import Request.
  Time since last request: 0.000012 seconds.
  path: Assets/Section 5 = Realm Rush/Prefabs/Turn Road.prefab
  artifactKey: Guid(fe3bab9163511f147b9cf9048f187a0f) Importer(815301076,1909f56bfc062723c751e8b465ee728b)
Start importing Assets/Section 5 = Realm Rush/Prefabs/Turn Road.prefab using Guid(fe3bab9163511f147b9cf9048f187a0f) Importer(815301076,1909f56bfc062723c751e8b465ee728b)  -> (artifact id: 'cc92747ec1d9c19e02007967b4fe14f4') in 0.023824 seconds 
========================================================================
Received Import Request.
  Time since last request: 0.000012 seconds.
  path: Assets/Section 5 = Realm Rush/Prefabs/Turn Road -90.prefab
  artifactKey: Guid(554d8c432cbc36944a879dca93e287a2) Importer(815301076,1909f56bfc062723c751e8b465ee728b)
Start importing Assets/Section 5 = Realm Rush/Prefabs/Turn Road -90.prefab using Guid(554d8c432cbc36944a879dca93e287a2) Importer(815301076,1909f56bfc062723c751e8b465ee728b)  -> (artifact id: '22e511397abd6e8b76197d35f39c7b1a') in 0.022668 seconds 
========================================================================
Received Import Request.
  Time since last request: 7.782339 seconds.
  path: Assets/Section 5 = Realm Rush/Prefabs/Straight Road.prefab
  artifactKey: Guid(837e589a8fa2c294a8dc07ccf8a66576) Importer(815301076,1909f56bfc062723c751e8b465ee728b)
Start importing Assets/Section 5 = Realm Rush/Prefabs/Straight Road.prefab using Guid(837e589a8fa2c294a8dc07ccf8a66576) Importer(815301076,1909f56bfc062723c751e8b465ee728b)  -> (artifact id: '010ba1b8e5a12d91f9bb301c97891188') in 0.024696 seconds 
========================================================================
Received Import Request.
  Time since last request: 0.000012 seconds.
  path: Assets/Section 5 = Realm Rush/Prefabs/Turn Road.prefab
  artifactKey: Guid(fe3bab9163511f147b9cf9048f187a0f) Importer(815301076,1909f56bfc062723c751e8b465ee728b)
Start importing Assets/Section 5 = Realm Rush/Prefabs/Turn Road.prefab using Guid(fe3bab9163511f147b9cf9048f187a0f) Importer(815301076,1909f56bfc062723c751e8b465ee728b)  -> (artifact id: 'e2b78e95cc7c077c1bd755f1c0f17298') in 0.025413 seconds 
========================================================================
Received Import Request.
  Time since last request: 0.000012 seconds.
  path: Assets/Section 5 = Realm Rush/Prefabs/Tile.prefab
  artifactKey: Guid(83ca4c24902474b449e3425f55f7a258) Importer(815301076,1909f56bfc062723c751e8b465ee728b)
Start importing Assets/Section 5 = Realm Rush/Prefabs/Tile.prefab using Guid(83ca4c24902474b449e3425f55f7a258) Importer(815301076,1909f56bfc062723c751e8b465ee728b)  -> (artifact id: '9a4b6022536572d2ac72b4a9f3bb5a2e') in 0.019525 seconds 
========================================================================
Received Import Request.
  Time since last request: 6.790431 seconds.
  path: Assets/Section 5 = Realm Rush/Prefabs/Straight Road.prefab
  artifactKey: Guid(837e589a8fa2c294a8dc07ccf8a66576) Importer(815301076,1909f56bfc062723c751e8b465ee728b)
Start importing Assets/Section 5 = Realm Rush/Prefabs/Straight Road.prefab using Guid(837e589a8fa2c294a8dc07ccf8a66576) Importer(815301076,1909f56bfc062723c751e8b465ee728b)  -> (artifact id: '2f31d15aeae53991b9fb86b14ff62f40') in 0.027465 seconds 
========================================================================
Received Import Request.
  Time since last request: 0.000014 seconds.
  path: Assets/Section 5 = Realm Rush/Prefabs/Turn Road 180.prefab
  artifactKey: Guid(936f38b85178a954a843fc3c328230d5) Importer(815301076,1909f56bfc062723c751e8b465ee728b)
Start importing Assets/Section 5 = Realm Rush/Prefabs/Turn Road 180.prefab using Guid(936f38b85178a954a843fc3c328230d5) Importer(815301076,1909f56bfc062723c751e8b465ee728b)  -> (artifact id: '2d192ef5c21f1b62524f721cf8a68470') in 0.027504 seconds 
========================================================================
Received Import Request.
  Time since last request: 0.000020 seconds.
  path: Assets/Section 5 = Realm Rush/Prefabs/Turn Road -90.prefab
  artifactKey: Guid(554d8c432cbc36944a879dca93e287a2) Importer(815301076,1909f56bfc062723c751e8b465ee728b)
Start importing Assets/Section 5 = Realm Rush/Prefabs/Turn Road -90.prefab using Guid(554d8c432cbc36944a879dca93e287a2) Importer(815301076,1909f56bfc062723c751e8b465ee728b)  -> (artifact id: '33327c104cd3cab9f3edc4900e9b1269') in 0.027985 seconds 
========================================================================
Received Import Request.
  Time since last request: 8.970614 seconds.
  path: Assets/Section 5 = Realm Rush/Prefabs/Straight Road.prefab
  artifactKey: Guid(837e589a8fa2c294a8dc07ccf8a66576) Importer(815301076,1909f56bfc062723c751e8b465ee728b)
Start importing Assets/Section 5 = Realm Rush/Prefabs/Straight Road.prefab using Guid(837e589a8fa2c294a8dc07ccf8a66576) Importer(815301076,1909f56bfc062723c751e8b465ee728b)  -> (artifact id: '1e5f1efe466d9e39ecd6540d99564465') in 0.024624 seconds 
========================================================================
Received Import Request.
  Time since last request: 0.000034 seconds.
  path: Assets/Section 5 = Realm Rush/Prefabs/Turn Road.prefab
  artifactKey: Guid(fe3bab9163511f147b9cf9048f187a0f) Importer(815301076,1909f56bfc062723c751e8b465ee728b)
Start importing Assets/Section 5 = Realm Rush/Prefabs/Turn Road.prefab using Guid(fe3bab9163511f147b9cf9048f187a0f) Importer(815301076,1909f56bfc062723c751e8b465ee728b)  -> (artifact id: 'b9b27f7482d5f87414bbf67536562fa1') in 0.021603 seconds 
========================================================================
Received Import Request.
  Time since last request: 2.328585 seconds.
  path: Assets/Section 5 = Realm Rush/Prefabs/Straight Road.prefab
  artifactKey: Guid(837e589a8fa2c294a8dc07ccf8a66576) Importer(815301076,1909f56bfc062723c751e8b465ee728b)
Start importing Assets/Section 5 = Realm Rush/Prefabs/Straight Road.prefab using Guid(837e589a8fa2c294a8dc07ccf8a66576) Importer(815301076,1909f56bfc062723c751e8b465ee728b)  -> (artifact id: 'd280f312ec1142b64cce0cb41a41db29') in 0.030070 seconds 
========================================================================
Received Import Request.
  Time since last request: 0.000016 seconds.
  path: Assets/Section 5 = Realm Rush/Prefabs/Turn Road.prefab
  artifactKey: Guid(fe3bab9163511f147b9cf9048f187a0f) Importer(815301076,1909f56bfc062723c751e8b465ee728b)
Start importing Assets/Section 5 = Realm Rush/Prefabs/Turn Road.prefab using Guid(fe3bab9163511f147b9cf9048f187a0f) Importer(815301076,1909f56bfc062723c751e8b465ee728b)  -> (artifact id: '963190766f96a6aed341b35225dcab5a') in 0.024020 seconds 
========================================================================
Received Import Request.
  Time since last request: 0.000019 seconds.
  path: Assets/Section 5 = Realm Rush/Prefabs/Turn Road -90.prefab
  artifactKey: Guid(554d8c432cbc36944a879dca93e287a2) Importer(815301076,1909f56bfc062723c751e8b465ee728b)
Start importing Assets/Section 5 = Realm Rush/Prefabs/Turn Road -90.prefab using Guid(554d8c432cbc36944a879dca93e287a2) Importer(815301076,1909f56bfc062723c751e8b465ee728b)  -> (artifact id: '954895a0edb154ae6aed18d9290a7bbe') in 0.021364 seconds 
========================================================================
Received Import Request.
  Time since last request: 69.810765 seconds.
  path: Assets/Section 5 = Realm Rush/Prefabs/Straight Road 90.prefab
  artifactKey: Guid(0d999cdd95106834a823c4514a3420a3) Importer(815301076,1909f56bfc062723c751e8b465ee728b)
Start importing Assets/Section 5 = Realm Rush/Prefabs/Straight Road 90.prefab using Guid(0d999cdd95106834a823c4514a3420a3) Importer(815301076,1909f56bfc062723c751e8b465ee728b)  -> (artifact id: '815e8f0bbc3c6d0a4f5cb662c97fca6c') in 0.034906 seconds 
========================================================================
Received Import Request.
  Time since last request: 0.000016 seconds.
  path: Assets/Section 5 = Realm Rush/Prefabs/Turn Road.prefab
  artifactKey: Guid(fe3bab9163511f147b9cf9048f187a0f) Importer(815301076,1909f56bfc062723c751e8b465ee728b)
Start importing Assets/Section 5 = Realm Rush/Prefabs/Turn Road.prefab using Guid(fe3bab9163511f147b9cf9048f187a0f) Importer(815301076,1909f56bfc062723c751e8b465ee728b)  -> (artifact id: '314d65e2ecc027ff78ebb13e365c0357') in 0.042979 seconds 
========================================================================
Received Import Request.
  Time since last request: 0.000013 seconds.
  path: Assets/Section 5 = Realm Rush/Prefabs/Straight Road.prefab
  artifactKey: Guid(837e589a8fa2c294a8dc07ccf8a66576) Importer(815301076,1909f56bfc062723c751e8b465ee728b)
Start importing Assets/Section 5 = Realm Rush/Prefabs/Straight Road.prefab using Guid(837e589a8fa2c294a8dc07ccf8a66576) Importer(815301076,1909f56bfc062723c751e8b465ee728b)  -> (artifact id: '1824baac092672e28f6dc0589fe8875a') in 0.034250 seconds 
========================================================================
Received Import Request.
  Time since last request: 0.000015 seconds.
  path: Assets/Section 5 = Realm Rush/Prefabs/Turn Road -90.prefab
  artifactKey: Guid(554d8c432cbc36944a879dca93e287a2) Importer(815301076,1909f56bfc062723c751e8b465ee728b)
Start importing Assets/Section 5 = Realm Rush/Prefabs/Turn Road -90.prefab using Guid(554d8c432cbc36944a879dca93e287a2) Importer(815301076,1909f56bfc062723c751e8b465ee728b)  -> (artifact id: '343d391da22cc18f2e978c5e30d4d9c5') in 0.027252 seconds 
========================================================================
Received Import Request.
  Time since last request: 29.942047 seconds.
  path: Assets/Section 5 = Realm Rush/Prefabs/Straight Road.prefab
  artifactKey: Guid(837e589a8fa2c294a8dc07ccf8a66576) Importer(815301076,1909f56bfc062723c751e8b465ee728b)
Start importing Assets/Section 5 = Realm Rush/Prefabs/Straight Road.prefab using Guid(837e589a8fa2c294a8dc07ccf8a66576) Importer(815301076,1909f56bfc062723c751e8b465ee728b)  -> (artifact id: '76b1a5300e4c6b423e200140605a7fe9') in 0.048323 seconds 
========================================================================
Received Import Request.
  Time since last request: 0.000016 seconds.
  path: Assets/Section 5 = Realm Rush/Prefabs/Turn Road 90.prefab
  artifactKey: Guid(1d99113e38b1a784bb163a26e30a9ac3) Importer(815301076,1909f56bfc062723c751e8b465ee728b)
Start importing Assets/Section 5 = Realm Rush/Prefabs/Turn Road 90.prefab using Guid(1d99113e38b1a784bb163a26e30a9ac3) Importer(815301076,1909f56bfc062723c751e8b465ee728b)  -> (artifact id: '4e00b14a19260021f46408e3581d8130') in 0.031516 seconds 
========================================================================
Received Import Request.
  Time since last request: 0.000015 seconds.
  path: Assets/Section 5 = Realm Rush/Prefabs/Tile.prefab
  artifactKey: Guid(83ca4c24902474b449e3425f55f7a258) Importer(815301076,1909f56bfc062723c751e8b465ee728b)
Start importing Assets/Section 5 = Realm Rush/Prefabs/Tile.prefab using Guid(83ca4c24902474b449e3425f55f7a258) Importer(815301076,1909f56bfc062723c751e8b465ee728b)  -> (artifact id: '23d21018e26cf8a7310b5baecf06b881') in 0.024408 seconds 
========================================================================
Received Import Request.
  Time since last request: 21.152055 seconds.
  path: Assets/Section 5 = Realm Rush/Prefabs/Straight Road.prefab
  artifactKey: Guid(837e589a8fa2c294a8dc07ccf8a66576) Importer(815301076,1909f56bfc062723c751e8b465ee728b)
Start importing Assets/Section 5 = Realm Rush/Prefabs/Straight Road.prefab using Guid(837e589a8fa2c294a8dc07ccf8a66576) Importer(815301076,1909f56bfc062723c751e8b465ee728b)  -> (artifact id: '704a5db943ac90762ed6a437feb38af8') in 0.029202 seconds 
========================================================================
Received Import Request.
  Time since last request: 0.000014 seconds.
  path: Assets/Section 5 = Realm Rush/Prefabs/Turn Road.prefab
  artifactKey: Guid(fe3bab9163511f147b9cf9048f187a0f) Importer(815301076,1909f56bfc062723c751e8b465ee728b)
Start importing Assets/Section 5 = Realm Rush/Prefabs/Turn Road.prefab using Guid(fe3bab9163511f147b9cf9048f187a0f) Importer(815301076,1909f56bfc062723c751e8b465ee728b)  -> (artifact id: '18414c8a498131ec4e808a507b060d23') in 0.026097 seconds 
========================================================================
Received Import Request.
  Time since last request: 0.000011 seconds.
  path: Assets/Section 5 = Realm Rush/Prefabs/Turn Road -90.prefab
  artifactKey: Guid(554d8c432cbc36944a879dca93e287a2) Importer(815301076,1909f56bfc062723c751e8b465ee728b)
Start importing Assets/Section 5 = Realm Rush/Prefabs/Turn Road -90.prefab using Guid(554d8c432cbc36944a879dca93e287a2) Importer(815301076,1909f56bfc062723c751e8b465ee728b)  -> (artifact id: '78b2c71fe67fd2b350c5f413419cb3b3') in 0.024608 seconds 
========================================================================
Received Import Request.
  Time since last request: 63.362650 seconds.
  path: Assets/Section 5 = Realm Rush/Prefabs/Straight Road 90.prefab
  artifactKey: Guid(0d999cdd95106834a823c4514a3420a3) Importer(815301076,1909f56bfc062723c751e8b465ee728b)
Start importing Assets/Section 5 = Realm Rush/Prefabs/Straight Road 90.prefab using Guid(0d999cdd95106834a823c4514a3420a3) Importer(815301076,1909f56bfc062723c751e8b465ee728b)  -> (artifact id: '2b5f777dbc5b4649c037cd99dcb89695') in 0.024872 seconds 
========================================================================
Received Import Request.
  Time since last request: 0.000016 seconds.
  path: Assets/Section 5 = Realm Rush/Prefabs/Turn Road.prefab
  artifactKey: Guid(fe3bab9163511f147b9cf9048f187a0f) Importer(815301076,1909f56bfc062723c751e8b465ee728b)
Start importing Assets/Section 5 = Realm Rush/Prefabs/Turn Road.prefab using Guid(fe3bab9163511f147b9cf9048f187a0f) Importer(815301076,1909f56bfc062723c751e8b465ee728b)  -> (artifact id: '80675ae8225db03b451e073e52f0286f') in 0.030755 seconds 
========================================================================
Received Import Request.
  Time since last request: 0.000016 seconds.
  path: Assets/Section 5 = Realm Rush/Prefabs/Straight Road.prefab
  artifactKey: Guid(837e589a8fa2c294a8dc07ccf8a66576) Importer(815301076,1909f56bfc062723c751e8b465ee728b)
Start importing Assets/Section 5 = Realm Rush/Prefabs/Straight Road.prefab using Guid(837e589a8fa2c294a8dc07ccf8a66576) Importer(815301076,1909f56bfc062723c751e8b465ee728b)  -> (artifact id: '7297e1a234b0c1007494a8112a4f8b27') in 0.025096 seconds 
========================================================================
Received Import Request.
  Time since last request: 0.000021 seconds.
  path: Assets/Section 5 = Realm Rush/Prefabs/Turn Road -90.prefab
  artifactKey: Guid(554d8c432cbc36944a879dca93e287a2) Importer(815301076,1909f56bfc062723c751e8b465ee728b)
Start importing Assets/Section 5 = Realm Rush/Prefabs/Turn Road -90.prefab using Guid(554d8c432cbc36944a879dca93e287a2) Importer(815301076,1909f56bfc062723c751e8b465ee728b)  -> (artifact id: 'bb0c62bd56da504cb558dfec151a82a7') in 0.024152 seconds 
========================================================================
Received Import Request.
  Time since last request: 8.583927 seconds.
  path: Assets/Section 5 = Realm Rush/Prefabs/Straight Road.prefab
  artifactKey: Guid(837e589a8fa2c294a8dc07ccf8a66576) Importer(815301076,1909f56bfc062723c751e8b465ee728b)
Start importing Assets/Section 5 = Realm Rush/Prefabs/Straight Road.prefab using Guid(837e589a8fa2c294a8dc07ccf8a66576) Importer(815301076,1909f56bfc062723c751e8b465ee728b)  -> (artifact id: '3d49ca144654bda3ddbcb84d767914f4') in 0.024503 seconds 
========================================================================
Received Import Request.
  Time since last request: 0.000013 seconds.
  path: Assets/Section 5 = Realm Rush/Prefabs/Turn Road.prefab
  artifactKey: Guid(fe3bab9163511f147b9cf9048f187a0f) Importer(815301076,1909f56bfc062723c751e8b465ee728b)
Start importing Assets/Section 5 = Realm Rush/Prefabs/Turn Road.prefab using Guid(fe3bab9163511f147b9cf9048f187a0f) Importer(815301076,1909f56bfc062723c751e8b465ee728b)  -> (artifact id: '9126dc2d72ede8ce21c08b8979c16abe') in 0.021037 seconds 
========================================================================
Received Import Request.
  Time since last request: 0.000011 seconds.
  path: Assets/Section 5 = Realm Rush/Prefabs/Tile.prefab
  artifactKey: Guid(83ca4c24902474b449e3425f55f7a258) Importer(815301076,1909f56bfc062723c751e8b465ee728b)
Start importing Assets/Section 5 = Realm Rush/Prefabs/Tile.prefab using Guid(83ca4c24902474b449e3425f55f7a258) Importer(815301076,1909f56bfc062723c751e8b465ee728b)  -> (artifact id: '7a3055f8f1a771b837038f28ce139459') in 0.022409 seconds 
========================================================================
Received Import Request.
  Time since last request: 12.425758 seconds.
  path: Assets/Section 5 = Realm Rush/Prefabs/Straight Road.prefab
  artifactKey: Guid(837e589a8fa2c294a8dc07ccf8a66576) Importer(815301076,1909f56bfc062723c751e8b465ee728b)
Start importing Assets/Section 5 = Realm Rush/Prefabs/Straight Road.prefab using Guid(837e589a8fa2c294a8dc07ccf8a66576) Importer(815301076,1909f56bfc062723c751e8b465ee728b)  -> (artifact id: 'f034a1636e18ec9e1560270799fc3c78') in 0.023573 seconds 
========================================================================
Received Import Request.
  Time since last request: 0.000014 seconds.
  path: Assets/Section 5 = Realm Rush/Prefabs/Turn Road.prefab
  artifactKey: Guid(fe3bab9163511f147b9cf9048f187a0f) Importer(815301076,1909f56bfc062723c751e8b465ee728b)
Start importing Assets/Section 5 = Realm Rush/Prefabs/Turn Road.prefab using Guid(fe3bab9163511f147b9cf9048f187a0f) Importer(815301076,1909f56bfc062723c751e8b465ee728b)  -> (artifact id: 'ef96a7c0b523c3799e058a8804c9fddd') in 0.023632 seconds 
========================================================================
Received Import Request.
  Time since last request: 0.000024 seconds.
  path: Assets/Section 5 = Realm Rush/Prefabs/Turn Road -90.prefab
  artifactKey: Guid(554d8c432cbc36944a879dca93e287a2) Importer(815301076,1909f56bfc062723c751e8b465ee728b)
Start importing Assets/Section 5 = Realm Rush/Prefabs/Turn Road -90.prefab using Guid(554d8c432cbc36944a879dca93e287a2) Importer(815301076,1909f56bfc062723c751e8b465ee728b)  -> (artifact id: '2021a2356a7f165271c6c72b1b612fd6') in 0.025324 seconds 
========================================================================
Received Import Request.
  Time since last request: 13.737052 seconds.
  path: Assets/Section 5 = Realm Rush/Prefabs/Straight Road.prefab
  artifactKey: Guid(837e589a8fa2c294a8dc07ccf8a66576) Importer(815301076,1909f56bfc062723c751e8b465ee728b)
Start importing Assets/Section 5 = Realm Rush/Prefabs/Straight Road.prefab using Guid(837e589a8fa2c294a8dc07ccf8a66576) Importer(815301076,1909f56bfc062723c751e8b465ee728b)  -> (artifact id: '6e3ce483424345ee19a95ca222f494a3') in 0.035163 seconds 
========================================================================
Received Import Request.
  Time since last request: 0.000015 seconds.
  path: Assets/Section 5 = Realm Rush/Prefabs/Turn Road 180.prefab
  artifactKey: Guid(936f38b85178a954a843fc3c328230d5) Importer(815301076,1909f56bfc062723c751e8b465ee728b)
Start importing Assets/Section 5 = Realm Rush/Prefabs/Turn Road 180.prefab using Guid(936f38b85178a954a843fc3c328230d5) Importer(815301076,1909f56bfc062723c751e8b465ee728b)  -> (artifact id: 'b22335bf475337b49a05744dcc56d538') in 0.035610 seconds 
========================================================================
Received Import Request.
  Time since last request: 7.394313 seconds.
  path: Assets/Section 5 = Realm Rush/Prefabs/Straight Road.prefab
  artifactKey: Guid(837e589a8fa2c294a8dc07ccf8a66576) Importer(815301076,1909f56bfc062723c751e8b465ee728b)
Start importing Assets/Section 5 = Realm Rush/Prefabs/Straight Road.prefab using Guid(837e589a8fa2c294a8dc07ccf8a66576) Importer(815301076,1909f56bfc062723c751e8b465ee728b)  -> (artifact id: 'bc6ea0b024dd59b89ea0e1a3222d4f70') in 0.025729 seconds 
========================================================================
Received Import Request.
  Time since last request: 0.000013 seconds.
  path: Assets/Section 5 = Realm Rush/Prefabs/Turn Road 180.prefab
  artifactKey: Guid(936f38b85178a954a843fc3c328230d5) Importer(815301076,1909f56bfc062723c751e8b465ee728b)
Start importing Assets/Section 5 = Realm Rush/Prefabs/Turn Road 180.prefab using Guid(936f38b85178a954a843fc3c328230d5) Importer(815301076,1909f56bfc062723c751e8b465ee728b)  -> (artifact id: 'bd033589b1b39df3998cf53b05465d75') in 0.022554 seconds 
========================================================================
Received Import Request.
  Time since last request: 13.474893 seconds.
  path: Assets/Section 5 = Realm Rush/Prefabs/Straight Road.prefab
  artifactKey: Guid(837e589a8fa2c294a8dc07ccf8a66576) Importer(815301076,1909f56bfc062723c751e8b465ee728b)
Start importing Assets/Section 5 = Realm Rush/Prefabs/Straight Road.prefab using Guid(837e589a8fa2c294a8dc07ccf8a66576) Importer(815301076,1909f56bfc062723c751e8b465ee728b)  -> (artifact id: 'bac273b9a37ba9d637f9a449b615736e') in 0.035503 seconds 
========================================================================
Received Import Request.
  Time since last request: 0.000012 seconds.
  path: Assets/Section 5 = Realm Rush/Prefabs/Turn Road.prefab
  artifactKey: Guid(fe3bab9163511f147b9cf9048f187a0f) Importer(815301076,1909f56bfc062723c751e8b465ee728b)
Start importing Assets/Section 5 = Realm Rush/Prefabs/Turn Road.prefab using Guid(fe3bab9163511f147b9cf9048f187a0f) Importer(815301076,1909f56bfc062723c751e8b465ee728b)  -> (artifact id: 'f6bf6520b829707b005c299df3cb6402') in 0.031129 seconds 
========================================================================
Received Import Request.
  Time since last request: 0.000012 seconds.
  path: Assets/Section 5 = Realm Rush/Prefabs/Turn Road -90.prefab
  artifactKey: Guid(554d8c432cbc36944a879dca93e287a2) Importer(815301076,1909f56bfc062723c751e8b465ee728b)
Start importing Assets/Section 5 = Realm Rush/Prefabs/Turn Road -90.prefab using Guid(554d8c432cbc36944a879dca93e287a2) Importer(815301076,1909f56bfc062723c751e8b465ee728b)  -> (artifact id: 'ee7d1f498a8766acdf756633e1285fee') in 0.037802 seconds 
========================================================================
Received Import Request.
  Time since last request: 14.453405 seconds.
  path: Assets/Section 5 = Realm Rush/Prefabs/Straight Road.prefab
  artifactKey: Guid(837e589a8fa2c294a8dc07ccf8a66576) Importer(815301076,1909f56bfc062723c751e8b465ee728b)
Start importing Assets/Section 5 = Realm Rush/Prefabs/Straight Road.prefab using Guid(837e589a8fa2c294a8dc07ccf8a66576) Importer(815301076,1909f56bfc062723c751e8b465ee728b)  -> (artifact id: '589256ea864420367ee4f2eb0a99adc9') in 0.023072 seconds 
========================================================================
Received Import Request.
  Time since last request: 0.000015 seconds.
  path: Assets/Section 5 = Realm Rush/Prefabs/Turn Road.prefab
  artifactKey: Guid(fe3bab9163511f147b9cf9048f187a0f) Importer(815301076,1909f56bfc062723c751e8b465ee728b)
Start importing Assets/Section 5 = Realm Rush/Prefabs/Turn Road.prefab using Guid(fe3bab9163511f147b9cf9048f187a0f) Importer(815301076,1909f56bfc062723c751e8b465ee728b)  -> (artifact id: '2f45762f2122b90d5dcb791196fd7dc0') in 0.021213 seconds 
========================================================================
Received Import Request.
  Time since last request: 0.000011 seconds.
  path: Assets/Section 5 = Realm Rush/Prefabs/Turn Road -90.prefab
  artifactKey: Guid(554d8c432cbc36944a879dca93e287a2) Importer(815301076,1909f56bfc062723c751e8b465ee728b)
Start importing Assets/Section 5 = Realm Rush/Prefabs/Turn Road -90.prefab using Guid(554d8c432cbc36944a879dca93e287a2) Importer(815301076,1909f56bfc062723c751e8b465ee728b)  -> (artifact id: 'a0e2cbe2cae7c40073b1120f9ab1b28f') in 0.022935 seconds 
========================================================================
Received Prepare
Registering precompiled user dll's ...
Registered in 0.005366 seconds.
Begin MonoManager ReloadAssembly
Symbol file LoadedFromMemory doesn't match image C:\Users\PC\OneDrive\Documents\GitHub\Complete-C-Unity-Game-Developer-3D\Library\PackageCache\com.unity.visualscripting@1.7.8\Editor\VisualScripting.Core\Dependencies\YamlDotNet\Unity.VisualScripting.YamlDotNet.dll
Symbol file LoadedFromMemory doesn't match image C:\Users\PC\OneDrive\Documents\GitHub\Complete-C-Unity-Game-Developer-3D\Library\PackageCache\com.unity.visualscripting@1.7.8\Editor\VisualScripting.Core\Dependencies\DotNetZip\Unity.VisualScripting.IonicZip.dll
Native extension for UWP target not found
Native extension for WindowsStandalone target not found
Native extension for WebGL target not found
Refreshing native plugins compatible for Editor in 0.83 ms, found 3 plugins.
Preloading 0 native plugins for Editor in 0.00 ms.
Mono: successfully reloaded assembly
- Completed reload, in  0.892 seconds
Domain Reload Profiling:
	ReloadAssembly (892ms)
		BeginReloadAssembly (116ms)
			ExecutionOrderSort (0ms)
			DisableScriptedObjects (2ms)
			BackupInstance (0ms)
			ReleaseScriptingObjects (0ms)
			CreateAndSetChildDomain (41ms)
		EndReloadAssembly (704ms)
			LoadAssemblies (64ms)
			RebuildTransferFunctionScriptingTraits (0ms)
			SetupTypeCache (186ms)
			ReleaseScriptCaches (2ms)
			RebuildScriptCaches (34ms)
			SetupLoadedEditorAssemblies (385ms)
				LogAssemblyErrors (0ms)
				InitializePlatformSupportModulesInManaged (10ms)
				SetLoadedEditorAssemblies (0ms)
				RefreshPlugins (1ms)
				BeforeProcessingInitializeOnLoad (58ms)
				ProcessInitializeOnLoadAttributes (286ms)
				ProcessInitializeOnLoadMethodAttributes (23ms)
				AfterProcessingInitializeOnLoad (6ms)
				EditorAssembliesLoaded (0ms)
			ExecutionOrderSort2 (0ms)
			AwakeInstancesAfterBackupRestoration (4ms)
Platform modules already initialized, skipping
Refreshing native plugins compatible for Editor in 2.79 ms, found 3 plugins.
Preloading 0 native plugins for Editor in 0.00 ms.
Unloading 4139 Unused Serialized files (Serialized files now loaded: 0)
Unloading 48 unused Assets / (2.8 MB). Loaded Objects now: 4731.
Memory consumption went from 249.1 MB to 246.2 MB.
Total: 5.063900 ms (FindLiveObjects: 0.483300 ms CreateObjectMapping: 0.178700 ms MarkObjects: 3.703200 ms  DeleteObjects: 0.697900 ms)

AssetImportParameters requested are different than current active one (requested -> active):
  custom:video-decoder-ogg-theora: a1e56fd34408186e4bbccfd4996cb3dc -> 
  custom:container-muxer-webm: aa71ff27fc2769a1b78a27578f13a17b -> 
  custom:container-demuxer-webm: 4f35f7cbe854078d1ac9338744f61a02 -> 
  custom:video-encoder-webm-vp8: eb34c28f22e8b96e1ab97ce403110664 -> 
  custom:video-codec-MediaFoundation-h265: 746d11721c4dcdbdad8f713fa42b33f4 -> 
  custom:audio-encoder-webm-vorbis: bf7c407c2cedff20999df2af8eb42d56 -> 
  custom:framework-win-MediaFoundation: 216162199b28c13a410421893ffa2e32 -> 
  custom:container-demuxer-ogg: 62fdf1f143b41e24485cea50d1cbac27 -> 
  custom:video-decoder-webm-vp8: 9c59270c3fd7afecdb556c50c9e8de78 -> 
  custom:audio-decoder-ogg-vorbis: bf7c407c2cedff20999df2af8eb42d56 -> 
========================================================================
Received Prepare
Registering precompiled user dll's ...
Registered in 0.007768 seconds.
Begin MonoManager ReloadAssembly
Symbol file LoadedFromMemory doesn't match image C:\Users\PC\OneDrive\Documents\GitHub\Complete-C-Unity-Game-Developer-3D\Library\PackageCache\com.unity.visualscripting@1.7.8\Editor\VisualScripting.Core\Dependencies\YamlDotNet\Unity.VisualScripting.YamlDotNet.dll
Symbol file LoadedFromMemory doesn't match image C:\Users\PC\OneDrive\Documents\GitHub\Complete-C-Unity-Game-Developer-3D\Library\PackageCache\com.unity.visualscripting@1.7.8\Editor\VisualScripting.Core\Dependencies\DotNetZip\Unity.VisualScripting.IonicZip.dll
Native extension for UWP target not found
Native extension for WindowsStandalone target not found
Native extension for WebGL target not found
Refreshing native plugins compatible for Editor in 1.13 ms, found 3 plugins.
Preloading 0 native plugins for Editor in 0.00 ms.
Mono: successfully reloaded assembly
- Completed reload, in  0.915 seconds
Domain Reload Profiling:
	ReloadAssembly (916ms)
		BeginReloadAssembly (110ms)
			ExecutionOrderSort (0ms)
			DisableScriptedObjects (4ms)
			BackupInstance (0ms)
			ReleaseScriptingObjects (0ms)
			CreateAndSetChildDomain (34ms)
		EndReloadAssembly (742ms)
			LoadAssemblies (70ms)
			RebuildTransferFunctionScriptingTraits (0ms)
			SetupTypeCache (201ms)
			ReleaseScriptCaches (1ms)
			RebuildScriptCaches (30ms)
			SetupLoadedEditorAssemblies (410ms)
				LogAssemblyErrors (0ms)
				InitializePlatformSupportModulesInManaged (12ms)
				SetLoadedEditorAssemblies (0ms)
				RefreshPlugins (1ms)
				BeforeProcessingInitializeOnLoad (67ms)
				ProcessInitializeOnLoadAttributes (304ms)
				ProcessInitializeOnLoadMethodAttributes (17ms)
				AfterProcessingInitializeOnLoad (7ms)
				EditorAssembliesLoaded (0ms)
			ExecutionOrderSort2 (0ms)
			AwakeInstancesAfterBackupRestoration (5ms)
Platform modules already initialized, skipping
Refreshing native plugins compatible for Editor in 3.09 ms, found 3 plugins.
Preloading 0 native plugins for Editor in 0.00 ms.
Unloading 4139 Unused Serialized files (Serialized files now loaded: 0)
Unloading 46 unused Assets / (2.8 MB). Loaded Objects now: 4746.
Memory consumption went from 249.0 MB to 246.2 MB.
Total: 17.250400 ms (FindLiveObjects: 0.503700 ms CreateObjectMapping: 0.197300 ms MarkObjects: 15.554300 ms  DeleteObjects: 0.993700 ms)

AssetImportParameters requested are different than current active one (requested -> active):
  custom:video-decoder-ogg-theora: a1e56fd34408186e4bbccfd4996cb3dc -> 
  custom:container-muxer-webm: aa71ff27fc2769a1b78a27578f13a17b -> 
  custom:container-demuxer-webm: 4f35f7cbe854078d1ac9338744f61a02 -> 
  custom:video-encoder-webm-vp8: eb34c28f22e8b96e1ab97ce403110664 -> 
  custom:video-codec-MediaFoundation-h265: 746d11721c4dcdbdad8f713fa42b33f4 -> 
  custom:audio-encoder-webm-vorbis: bf7c407c2cedff20999df2af8eb42d56 -> 
  custom:framework-win-MediaFoundation: 216162199b28c13a410421893ffa2e32 -> 
  custom:container-demuxer-ogg: 62fdf1f143b41e24485cea50d1cbac27 -> 
  custom:video-decoder-webm-vp8: 9c59270c3fd7afecdb556c50c9e8de78 -> 
  custom:audio-decoder-ogg-vorbis: bf7c407c2cedff20999df2af8eb42d56 -> 
========================================================================
Received Prepare
Registering precompiled user dll's ...
Registered in 0.006751 seconds.
Begin MonoManager ReloadAssembly
Symbol file LoadedFromMemory doesn't match image C:\Users\PC\OneDrive\Documents\GitHub\Complete-C-Unity-Game-Developer-3D\Library\PackageCache\com.unity.visualscripting@1.7.8\Editor\VisualScripting.Core\Dependencies\YamlDotNet\Unity.VisualScripting.YamlDotNet.dll
Symbol file LoadedFromMemory doesn't match image C:\Users\PC\OneDrive\Documents\GitHub\Complete-C-Unity-Game-Developer-3D\Library\PackageCache\com.unity.visualscripting@1.7.8\Editor\VisualScripting.Core\Dependencies\DotNetZip\Unity.VisualScripting.IonicZip.dll
Native extension for UWP target not found
Native extension for WindowsStandalone target not found
Native extension for WebGL target not found
Refreshing native plugins compatible for Editor in 0.60 ms, found 3 plugins.
Preloading 0 native plugins for Editor in 0.00 ms.
Mono: successfully reloaded assembly
- Completed reload, in  0.991 seconds
Domain Reload Profiling:
	ReloadAssembly (992ms)
		BeginReloadAssembly (155ms)
			ExecutionOrderSort (0ms)
			DisableScriptedObjects (4ms)
			BackupInstance (0ms)
			ReleaseScriptingObjects (0ms)
			CreateAndSetChildDomain (76ms)
		EndReloadAssembly (766ms)
			LoadAssemblies (81ms)
			RebuildTransferFunctionScriptingTraits (0ms)
			SetupTypeCache (187ms)
			ReleaseScriptCaches (1ms)
			RebuildScriptCaches (42ms)
			SetupLoadedEditorAssemblies (430ms)
				LogAssemblyErrors (0ms)
				InitializePlatformSupportModulesInManaged (12ms)
				SetLoadedEditorAssemblies (0ms)
				RefreshPlugins (1ms)
				BeforeProcessingInitializeOnLoad (64ms)
				ProcessInitializeOnLoadAttributes (328ms)
				ProcessInitializeOnLoadMethodAttributes (18ms)
				AfterProcessingInitializeOnLoad (7ms)
				EditorAssembliesLoaded (0ms)
			ExecutionOrderSort2 (0ms)
			AwakeInstancesAfterBackupRestoration (5ms)
Platform modules already initialized, skipping
Refreshing native plugins compatible for Editor in 3.91 ms, found 3 plugins.
Preloading 0 native plugins for Editor in 0.00 ms.
Unloading 4139 Unused Serialized files (Serialized files now loaded: 0)
Unloading 46 unused Assets / (2.8 MB). Loaded Objects now: 4761.
Memory consumption went from 249.1 MB to 246.3 MB.
Total: 5.250300 ms (FindLiveObjects: 0.500000 ms CreateObjectMapping: 0.259200 ms MarkObjects: 3.779800 ms  DeleteObjects: 0.710100 ms)

AssetImportParameters requested are different than current active one (requested -> active):
  custom:video-decoder-ogg-theora: a1e56fd34408186e4bbccfd4996cb3dc -> 
  custom:container-muxer-webm: aa71ff27fc2769a1b78a27578f13a17b -> 
  custom:container-demuxer-webm: 4f35f7cbe854078d1ac9338744f61a02 -> 
  custom:video-encoder-webm-vp8: eb34c28f22e8b96e1ab97ce403110664 -> 
  custom:video-codec-MediaFoundation-h265: 746d11721c4dcdbdad8f713fa42b33f4 -> 
  custom:audio-encoder-webm-vorbis: bf7c407c2cedff20999df2af8eb42d56 -> 
  custom:framework-win-MediaFoundation: 216162199b28c13a410421893ffa2e32 -> 
  custom:container-demuxer-ogg: 62fdf1f143b41e24485cea50d1cbac27 -> 
  custom:video-decoder-webm-vp8: 9c59270c3fd7afecdb556c50c9e8de78 -> 
  custom:audio-decoder-ogg-vorbis: bf7c407c2cedff20999df2af8eb42d56 -> 
========================================================================
Received Prepare
Registering precompiled user dll's ...
Registered in 0.005187 seconds.
Begin MonoManager ReloadAssembly
Symbol file LoadedFromMemory doesn't match image C:\Users\PC\OneDrive\Documents\GitHub\Complete-C-Unity-Game-Developer-3D\Library\PackageCache\com.unity.visualscripting@1.7.8\Editor\VisualScripting.Core\Dependencies\YamlDotNet\Unity.VisualScripting.YamlDotNet.dll
Symbol file LoadedFromMemory doesn't match image C:\Users\PC\OneDrive\Documents\GitHub\Complete-C-Unity-Game-Developer-3D\Library\PackageCache\com.unity.visualscripting@1.7.8\Editor\VisualScripting.Core\Dependencies\DotNetZip\Unity.VisualScripting.IonicZip.dll
Native extension for UWP target not found
Native extension for WindowsStandalone target not found
Native extension for WebGL target not found
Refreshing native plugins compatible for Editor in 0.51 ms, found 3 plugins.
Preloading 0 native plugins for Editor in 0.00 ms.
Mono: successfully reloaded assembly
- Completed reload, in  0.803 seconds
Domain Reload Profiling:
	ReloadAssembly (803ms)
		BeginReloadAssembly (110ms)
			ExecutionOrderSort (0ms)
			DisableScriptedObjects (3ms)
			BackupInstance (0ms)
			ReleaseScriptingObjects (0ms)
			CreateAndSetChildDomain (37ms)
		EndReloadAssembly (632ms)
			LoadAssemblies (66ms)
			RebuildTransferFunctionScriptingTraits (0ms)
			SetupTypeCache (161ms)
			ReleaseScriptCaches (1ms)
			RebuildScriptCaches (30ms)
			SetupLoadedEditorAssemblies (348ms)
				LogAssemblyErrors (0ms)
				InitializePlatformSupportModulesInManaged (12ms)
				SetLoadedEditorAssemblies (0ms)
				RefreshPlugins (1ms)
				BeforeProcessingInitializeOnLoad (56ms)
				ProcessInitializeOnLoadAttributes (256ms)
				ProcessInitializeOnLoadMethodAttributes (17ms)
				AfterProcessingInitializeOnLoad (7ms)
				EditorAssembliesLoaded (0ms)
			ExecutionOrderSort2 (0ms)
			AwakeInstancesAfterBackupRestoration (4ms)
Platform modules already initialized, skipping
Refreshing native plugins compatible for Editor in 7.49 ms, found 3 plugins.
Preloading 0 native plugins for Editor in 0.00 ms.
Unloading 4139 Unused Serialized files (Serialized files now loaded: 0)
Unloading 46 unused Assets / (2.8 MB). Loaded Objects now: 4776.
Memory consumption went from 249.1 MB to 246.3 MB.
Total: 4.907300 ms (FindLiveObjects: 0.542600 ms CreateObjectMapping: 0.197600 ms MarkObjects: 3.443000 ms  DeleteObjects: 0.723300 ms)

AssetImportParameters requested are different than current active one (requested -> active):
  custom:video-decoder-ogg-theora: a1e56fd34408186e4bbccfd4996cb3dc -> 
  custom:container-muxer-webm: aa71ff27fc2769a1b78a27578f13a17b -> 
  custom:container-demuxer-webm: 4f35f7cbe854078d1ac9338744f61a02 -> 
  custom:video-encoder-webm-vp8: eb34c28f22e8b96e1ab97ce403110664 -> 
  custom:video-codec-MediaFoundation-h265: 746d11721c4dcdbdad8f713fa42b33f4 -> 
  custom:audio-encoder-webm-vorbis: bf7c407c2cedff20999df2af8eb42d56 -> 
  custom:framework-win-MediaFoundation: 216162199b28c13a410421893ffa2e32 -> 
  custom:container-demuxer-ogg: 62fdf1f143b41e24485cea50d1cbac27 -> 
  custom:video-decoder-webm-vp8: 9c59270c3fd7afecdb556c50c9e8de78 -> 
  custom:audio-decoder-ogg-vorbis: bf7c407c2cedff20999df2af8eb42d56 -> 
========================================================================
Received Prepare
Registering precompiled user dll's ...
Registered in 0.007213 seconds.
Begin MonoManager ReloadAssembly
Symbol file LoadedFromMemory doesn't match image C:\Users\PC\OneDrive\Documents\GitHub\Complete-C-Unity-Game-Developer-3D\Library\PackageCache\com.unity.visualscripting@1.7.8\Editor\VisualScripting.Core\Dependencies\YamlDotNet\Unity.VisualScripting.YamlDotNet.dll
Symbol file LoadedFromMemory doesn't match image C:\Users\PC\OneDrive\Documents\GitHub\Complete-C-Unity-Game-Developer-3D\Library\PackageCache\com.unity.visualscripting@1.7.8\Editor\VisualScripting.Core\Dependencies\DotNetZip\Unity.VisualScripting.IonicZip.dll
Native extension for UWP target not found
Native extension for WindowsStandalone target not found
Native extension for WebGL target not found
Refreshing native plugins compatible for Editor in 0.65 ms, found 3 plugins.
Preloading 0 native plugins for Editor in 0.00 ms.
Mono: successfully reloaded assembly
- Completed reload, in  0.935 seconds
Domain Reload Profiling:
	ReloadAssembly (936ms)
		BeginReloadAssembly (115ms)
			ExecutionOrderSort (0ms)
			DisableScriptedObjects (4ms)
			BackupInstance (0ms)
			ReleaseScriptingObjects (0ms)
			CreateAndSetChildDomain (37ms)
		EndReloadAssembly (748ms)
			LoadAssemblies (73ms)
			RebuildTransferFunctionScriptingTraits (0ms)
			SetupTypeCache (178ms)
			ReleaseScriptCaches (1ms)
			RebuildScriptCaches (36ms)
			SetupLoadedEditorAssemblies (429ms)
				LogAssemblyErrors (0ms)
				InitializePlatformSupportModulesInManaged (20ms)
				SetLoadedEditorAssemblies (0ms)
				RefreshPlugins (1ms)
				BeforeProcessingInitializeOnLoad (58ms)
				ProcessInitializeOnLoadAttributes (323ms)
				ProcessInitializeOnLoadMethodAttributes (19ms)
				AfterProcessingInitializeOnLoad (8ms)
				EditorAssembliesLoaded (0ms)
			ExecutionOrderSort2 (0ms)
			AwakeInstancesAfterBackupRestoration (5ms)
Platform modules already initialized, skipping
Refreshing native plugins compatible for Editor in 2.95 ms, found 3 plugins.
Preloading 0 native plugins for Editor in 0.00 ms.
Unloading 4139 Unused Serialized files (Serialized files now loaded: 0)
Unloading 46 unused Assets / (2.8 MB). Loaded Objects now: 4791.
Memory consumption went from 249.1 MB to 246.3 MB.
Total: 8.218500 ms (FindLiveObjects: 0.463600 ms CreateObjectMapping: 0.148100 ms MarkObjects: 6.864400 ms  DeleteObjects: 0.741400 ms)

AssetImportParameters requested are different than current active one (requested -> active):
  custom:video-decoder-ogg-theora: a1e56fd34408186e4bbccfd4996cb3dc -> 
  custom:container-muxer-webm: aa71ff27fc2769a1b78a27578f13a17b -> 
  custom:container-demuxer-webm: 4f35f7cbe854078d1ac9338744f61a02 -> 
  custom:video-encoder-webm-vp8: eb34c28f22e8b96e1ab97ce403110664 -> 
  custom:video-codec-MediaFoundation-h265: 746d11721c4dcdbdad8f713fa42b33f4 -> 
  custom:audio-encoder-webm-vorbis: bf7c407c2cedff20999df2af8eb42d56 -> 
  custom:framework-win-MediaFoundation: 216162199b28c13a410421893ffa2e32 -> 
  custom:container-demuxer-ogg: 62fdf1f143b41e24485cea50d1cbac27 -> 
  custom:video-decoder-webm-vp8: 9c59270c3fd7afecdb556c50c9e8de78 -> 
  custom:audio-decoder-ogg-vorbis: bf7c407c2cedff20999df2af8eb42d56 -> 
========================================================================
Received Prepare
Registering precompiled user dll's ...
Registered in 0.006066 seconds.
Begin MonoManager ReloadAssembly
Symbol file LoadedFromMemory doesn't match image C:\Users\PC\OneDrive\Documents\GitHub\Complete-C-Unity-Game-Developer-3D\Library\PackageCache\com.unity.visualscripting@1.7.8\Editor\VisualScripting.Core\Dependencies\YamlDotNet\Unity.VisualScripting.YamlDotNet.dll
Symbol file LoadedFromMemory doesn't match image C:\Users\PC\OneDrive\Documents\GitHub\Complete-C-Unity-Game-Developer-3D\Library\PackageCache\com.unity.visualscripting@1.7.8\Editor\VisualScripting.Core\Dependencies\DotNetZip\Unity.VisualScripting.IonicZip.dll
Native extension for UWP target not found
Native extension for WindowsStandalone target not found
Native extension for WebGL target not found
Refreshing native plugins compatible for Editor in 0.52 ms, found 3 plugins.
Preloading 0 native plugins for Editor in 0.00 ms.
Mono: successfully reloaded assembly
- Completed reload, in  0.783 seconds
Domain Reload Profiling:
	ReloadAssembly (784ms)
		BeginReloadAssembly (105ms)
			ExecutionOrderSort (0ms)
			DisableScriptedObjects (3ms)
			BackupInstance (0ms)
			ReleaseScriptingObjects (0ms)
			CreateAndSetChildDomain (36ms)
		EndReloadAssembly (618ms)
			LoadAssemblies (63ms)
			RebuildTransferFunctionScriptingTraits (0ms)
			SetupTypeCache (159ms)
			ReleaseScriptCaches (1ms)
			RebuildScriptCaches (32ms)
			SetupLoadedEditorAssemblies (334ms)
				LogAssemblyErrors (0ms)
				InitializePlatformSupportModulesInManaged (9ms)
				SetLoadedEditorAssemblies (0ms)
				RefreshPlugins (1ms)
				BeforeProcessingInitializeOnLoad (52ms)
				ProcessInitializeOnLoadAttributes (251ms)
				ProcessInitializeOnLoadMethodAttributes (14ms)
				AfterProcessingInitializeOnLoad (5ms)
				EditorAssembliesLoaded (0ms)
			ExecutionOrderSort2 (0ms)
			AwakeInstancesAfterBackupRestoration (4ms)
Platform modules already initialized, skipping
Refreshing native plugins compatible for Editor in 2.88 ms, found 3 plugins.
Preloading 0 native plugins for Editor in 0.00 ms.
Unloading 4139 Unused Serialized files (Serialized files now loaded: 0)
Unloading 46 unused Assets / (2.8 MB). Loaded Objects now: 4806.
Memory consumption went from 249.1 MB to 246.3 MB.
Total: 4.163700 ms (FindLiveObjects: 0.450600 ms CreateObjectMapping: 0.095600 ms MarkObjects: 2.918300 ms  DeleteObjects: 0.698200 ms)

AssetImportParameters requested are different than current active one (requested -> active):
  custom:video-decoder-ogg-theora: a1e56fd34408186e4bbccfd4996cb3dc -> 
  custom:container-muxer-webm: aa71ff27fc2769a1b78a27578f13a17b -> 
  custom:container-demuxer-webm: 4f35f7cbe854078d1ac9338744f61a02 -> 
  custom:video-encoder-webm-vp8: eb34c28f22e8b96e1ab97ce403110664 -> 
  custom:video-codec-MediaFoundation-h265: 746d11721c4dcdbdad8f713fa42b33f4 -> 
  custom:audio-encoder-webm-vorbis: bf7c407c2cedff20999df2af8eb42d56 -> 
  custom:framework-win-MediaFoundation: 216162199b28c13a410421893ffa2e32 -> 
  custom:container-demuxer-ogg: 62fdf1f143b41e24485cea50d1cbac27 -> 
  custom:video-decoder-webm-vp8: 9c59270c3fd7afecdb556c50c9e8de78 -> 
  custom:audio-decoder-ogg-vorbis: bf7c407c2cedff20999df2af8eb42d56 -> 
========================================================================
Received Prepare
Registering precompiled user dll's ...
Registered in 0.006374 seconds.
Begin MonoManager ReloadAssembly
Symbol file LoadedFromMemory doesn't match image C:\Users\PC\OneDrive\Documents\GitHub\Complete-C-Unity-Game-Developer-3D\Library\PackageCache\com.unity.visualscripting@1.7.8\Editor\VisualScripting.Core\Dependencies\YamlDotNet\Unity.VisualScripting.YamlDotNet.dll
Symbol file LoadedFromMemory doesn't match image C:\Users\PC\OneDrive\Documents\GitHub\Complete-C-Unity-Game-Developer-3D\Library\PackageCache\com.unity.visualscripting@1.7.8\Editor\VisualScripting.Core\Dependencies\DotNetZip\Unity.VisualScripting.IonicZip.dll
Native extension for UWP target not found
Native extension for WindowsStandalone target not found
Native extension for WebGL target not found
Refreshing native plugins compatible for Editor in 0.60 ms, found 3 plugins.
Preloading 0 native plugins for Editor in 0.00 ms.
Mono: successfully reloaded assembly
- Completed reload, in  0.765 seconds
Domain Reload Profiling:
	ReloadAssembly (766ms)
		BeginReloadAssembly (100ms)
			ExecutionOrderSort (0ms)
			DisableScriptedObjects (3ms)
			BackupInstance (0ms)
			ReleaseScriptingObjects (0ms)
			CreateAndSetChildDomain (33ms)
		EndReloadAssembly (608ms)
			LoadAssemblies (62ms)
			RebuildTransferFunctionScriptingTraits (0ms)
			SetupTypeCache (159ms)
			ReleaseScriptCaches (1ms)
			RebuildScriptCaches (31ms)
			SetupLoadedEditorAssemblies (328ms)
				LogAssemblyErrors (0ms)
				InitializePlatformSupportModulesInManaged (9ms)
				SetLoadedEditorAssemblies (0ms)
				RefreshPlugins (1ms)
				BeforeProcessingInitializeOnLoad (52ms)
				ProcessInitializeOnLoadAttributes (246ms)
				ProcessInitializeOnLoadMethodAttributes (15ms)
				AfterProcessingInitializeOnLoad (5ms)
				EditorAssembliesLoaded (0ms)
			ExecutionOrderSort2 (0ms)
			AwakeInstancesAfterBackupRestoration (4ms)
Platform modules already initialized, skipping
Refreshing native plugins compatible for Editor in 2.95 ms, found 3 plugins.
Preloading 0 native plugins for Editor in 0.00 ms.
Unloading 4139 Unused Serialized files (Serialized files now loaded: 0)
Unloading 46 unused Assets / (2.8 MB). Loaded Objects now: 4821.
Memory consumption went from 249.2 MB to 246.4 MB.
Total: 4.689400 ms (FindLiveObjects: 0.469300 ms CreateObjectMapping: 0.104100 ms MarkObjects: 3.343400 ms  DeleteObjects: 0.771800 ms)

AssetImportParameters requested are different than current active one (requested -> active):
  custom:video-decoder-ogg-theora: a1e56fd34408186e4bbccfd4996cb3dc -> 
  custom:container-muxer-webm: aa71ff27fc2769a1b78a27578f13a17b -> 
  custom:container-demuxer-webm: 4f35f7cbe854078d1ac9338744f61a02 -> 
  custom:video-encoder-webm-vp8: eb34c28f22e8b96e1ab97ce403110664 -> 
  custom:video-codec-MediaFoundation-h265: 746d11721c4dcdbdad8f713fa42b33f4 -> 
  custom:audio-encoder-webm-vorbis: bf7c407c2cedff20999df2af8eb42d56 -> 
  custom:framework-win-MediaFoundation: 216162199b28c13a410421893ffa2e32 -> 
  custom:container-demuxer-ogg: 62fdf1f143b41e24485cea50d1cbac27 -> 
  custom:video-decoder-webm-vp8: 9c59270c3fd7afecdb556c50c9e8de78 -> 
  custom:audio-decoder-ogg-vorbis: bf7c407c2cedff20999df2af8eb42d56 -> 
========================================================================
Received Import Request.
  Time since last request: 210.189992 seconds.
  path: Assets/Section 5 = Realm Rush/Prefabs/Straight Road.prefab
  artifactKey: Guid(837e589a8fa2c294a8dc07ccf8a66576) Importer(815301076,1909f56bfc062723c751e8b465ee728b)
Start importing Assets/Section 5 = Realm Rush/Prefabs/Straight Road.prefab using Guid(837e589a8fa2c294a8dc07ccf8a66576) Importer(815301076,1909f56bfc062723c751e8b465ee728b)  -> (artifact id: 'f9d81b5acfcb032590574318fbae69a9') in 0.082654 seconds 
========================================================================
Received Import Request.
  Time since last request: 0.000015 seconds.
  path: Assets/Section 5 = Realm Rush/Prefabs/Turn Road 90.prefab
  artifactKey: Guid(1d99113e38b1a784bb163a26e30a9ac3) Importer(815301076,1909f56bfc062723c751e8b465ee728b)
Start importing Assets/Section 5 = Realm Rush/Prefabs/Turn Road 90.prefab using Guid(1d99113e38b1a784bb163a26e30a9ac3) Importer(815301076,1909f56bfc062723c751e8b465ee728b)  -> (artifact id: 'd1883fe6d09c9e2bdd02b2143b6bfed5') in 0.037305 seconds 
========================================================================
Received Import Request.
  Time since last request: 0.000012 seconds.
  path: Assets/Section 5 = Realm Rush/Prefabs/Turn Road 180.prefab
  artifactKey: Guid(936f38b85178a954a843fc3c328230d5) Importer(815301076,1909f56bfc062723c751e8b465ee728b)
Start importing Assets/Section 5 = Realm Rush/Prefabs/Turn Road 180.prefab using Guid(936f38b85178a954a843fc3c328230d5) Importer(815301076,1909f56bfc062723c751e8b465ee728b)  -> (artifact id: 'b28fec9e99b4366afd11d1dae4658e55') in 0.040813 seconds 
========================================================================
Received Import Request.
  Time since last request: 0.000013 seconds.
  path: Assets/Section 5 = Realm Rush/Prefabs/Turn Road -90.prefab
  artifactKey: Guid(554d8c432cbc36944a879dca93e287a2) Importer(815301076,1909f56bfc062723c751e8b465ee728b)
Start importing Assets/Section 5 = Realm Rush/Prefabs/Turn Road -90.prefab using Guid(554d8c432cbc36944a879dca93e287a2) Importer(815301076,1909f56bfc062723c751e8b465ee728b)  -> (artifact id: '78f945679cf7fa2d136f4b6fed9785bc') in 0.034696 seconds 
========================================================================
Received Import Request.
  Time since last request: 7.248004 seconds.
  path: Assets/Section 5 = Realm Rush/Prefabs/Straight Road.prefab
  artifactKey: Guid(837e589a8fa2c294a8dc07ccf8a66576) Importer(815301076,1909f56bfc062723c751e8b465ee728b)
Start importing Assets/Section 5 = Realm Rush/Prefabs/Straight Road.prefab using Guid(837e589a8fa2c294a8dc07ccf8a66576) Importer(815301076,1909f56bfc062723c751e8b465ee728b)  -> (artifact id: 'a6bd8d5d9b1b0deb0c76656f3d99493e') in 0.029556 seconds 
========================================================================
Received Import Request.
  Time since last request: 0.000012 seconds.
  path: Assets/Section 5 = Realm Rush/Prefabs/Turn Road.prefab
  artifactKey: Guid(fe3bab9163511f147b9cf9048f187a0f) Importer(815301076,1909f56bfc062723c751e8b465ee728b)
Start importing Assets/Section 5 = Realm Rush/Prefabs/Turn Road.prefab using Guid(fe3bab9163511f147b9cf9048f187a0f) Importer(815301076,1909f56bfc062723c751e8b465ee728b)  -> (artifact id: 'e69232b31ffbf3ce8c7dc74975e52adc') in 0.024178 seconds 
========================================================================
Received Import Request.
  Time since last request: 0.000012 seconds.
  path: Assets/Section 5 = Realm Rush/Prefabs/Tile.prefab
  artifactKey: Guid(83ca4c24902474b449e3425f55f7a258) Importer(815301076,1909f56bfc062723c751e8b465ee728b)
Start importing Assets/Section 5 = Realm Rush/Prefabs/Tile.prefab using Guid(83ca4c24902474b449e3425f55f7a258) Importer(815301076,1909f56bfc062723c751e8b465ee728b)  -> (artifact id: 'f758cd280bb40cfedbcdb10b5aa07eae') in 0.023416 seconds 
========================================================================
Received Prepare
Registering precompiled user dll's ...
Registered in 0.005420 seconds.
Begin MonoManager ReloadAssembly
Symbol file LoadedFromMemory doesn't match image C:\Users\PC\OneDrive\Documents\GitHub\Complete-C-Unity-Game-Developer-3D\Library\PackageCache\com.unity.visualscripting@1.7.8\Editor\VisualScripting.Core\Dependencies\YamlDotNet\Unity.VisualScripting.YamlDotNet.dll
Symbol file LoadedFromMemory doesn't match image C:\Users\PC\OneDrive\Documents\GitHub\Complete-C-Unity-Game-Developer-3D\Library\PackageCache\com.unity.visualscripting@1.7.8\Editor\VisualScripting.Core\Dependencies\DotNetZip\Unity.VisualScripting.IonicZip.dll
Native extension for UWP target not found
Native extension for WindowsStandalone target not found
Native extension for WebGL target not found
Refreshing native plugins compatible for Editor in 0.56 ms, found 3 plugins.
Preloading 0 native plugins for Editor in 0.00 ms.
Mono: successfully reloaded assembly
- Completed reload, in  0.846 seconds
Domain Reload Profiling:
	ReloadAssembly (846ms)
		BeginReloadAssembly (112ms)
			ExecutionOrderSort (0ms)
			DisableScriptedObjects (3ms)
			BackupInstance (0ms)
			ReleaseScriptingObjects (0ms)
			CreateAndSetChildDomain (37ms)
		EndReloadAssembly (667ms)
			LoadAssemblies (71ms)
			RebuildTransferFunctionScriptingTraits (0ms)
			SetupTypeCache (167ms)
			ReleaseScriptCaches (1ms)
			RebuildScriptCaches (32ms)
			SetupLoadedEditorAssemblies (374ms)
				LogAssemblyErrors (0ms)
				InitializePlatformSupportModulesInManaged (11ms)
				SetLoadedEditorAssemblies (0ms)
				RefreshPlugins (1ms)
				BeforeProcessingInitializeOnLoad (58ms)
				ProcessInitializeOnLoadAttributes (280ms)
				ProcessInitializeOnLoadMethodAttributes (16ms)
				AfterProcessingInitializeOnLoad (6ms)
				EditorAssembliesLoaded (0ms)
			ExecutionOrderSort2 (0ms)
			AwakeInstancesAfterBackupRestoration (4ms)
Platform modules already initialized, skipping
Refreshing native plugins compatible for Editor in 4.66 ms, found 3 plugins.
Preloading 0 native plugins for Editor in 0.00 ms.
Unloading 4139 Unused Serialized files (Serialized files now loaded: 0)
Unloading 46 unused Assets / (2.8 MB). Loaded Objects now: 4836.
Memory consumption went from 249.2 MB to 246.4 MB.
Total: 6.318100 ms (FindLiveObjects: 0.512400 ms CreateObjectMapping: 0.180600 ms MarkObjects: 4.528400 ms  DeleteObjects: 1.096000 ms)

AssetImportParameters requested are different than current active one (requested -> active):
  custom:video-decoder-ogg-theora: a1e56fd34408186e4bbccfd4996cb3dc -> 
  custom:container-muxer-webm: aa71ff27fc2769a1b78a27578f13a17b -> 
  custom:container-demuxer-webm: 4f35f7cbe854078d1ac9338744f61a02 -> 
  custom:video-encoder-webm-vp8: eb34c28f22e8b96e1ab97ce403110664 -> 
  custom:video-codec-MediaFoundation-h265: 746d11721c4dcdbdad8f713fa42b33f4 -> 
  custom:audio-encoder-webm-vorbis: bf7c407c2cedff20999df2af8eb42d56 -> 
  custom:framework-win-MediaFoundation: 216162199b28c13a410421893ffa2e32 -> 
  custom:container-demuxer-ogg: 62fdf1f143b41e24485cea50d1cbac27 -> 
  custom:video-decoder-webm-vp8: 9c59270c3fd7afecdb556c50c9e8de78 -> 
  custom:audio-decoder-ogg-vorbis: bf7c407c2cedff20999df2af8eb42d56 -> 
========================================================================
Received Prepare
Registering precompiled user dll's ...
Registered in 0.006212 seconds.
Begin MonoManager ReloadAssembly
Symbol file LoadedFromMemory doesn't match image C:\Users\PC\OneDrive\Documents\GitHub\Complete-C-Unity-Game-Developer-3D\Library\PackageCache\com.unity.visualscripting@1.7.8\Editor\VisualScripting.Core\Dependencies\YamlDotNet\Unity.VisualScripting.YamlDotNet.dll
Symbol file LoadedFromMemory doesn't match image C:\Users\PC\OneDrive\Documents\GitHub\Complete-C-Unity-Game-Developer-3D\Library\PackageCache\com.unity.visualscripting@1.7.8\Editor\VisualScripting.Core\Dependencies\DotNetZip\Unity.VisualScripting.IonicZip.dll
Native extension for UWP target not found
Native extension for WindowsStandalone target not found
Native extension for WebGL target not found
Refreshing native plugins compatible for Editor in 0.50 ms, found 3 plugins.
Preloading 0 native plugins for Editor in 0.00 ms.
Mono: successfully reloaded assembly
- Completed reload, in  0.841 seconds
Domain Reload Profiling:
	ReloadAssembly (841ms)
		BeginReloadAssembly (104ms)
			ExecutionOrderSort (0ms)
			DisableScriptedObjects (3ms)
			BackupInstance (0ms)
			ReleaseScriptingObjects (0ms)
			CreateAndSetChildDomain (31ms)
		EndReloadAssembly (672ms)
			LoadAssemblies (68ms)
			RebuildTransferFunctionScriptingTraits (0ms)
			SetupTypeCache (160ms)
			ReleaseScriptCaches (1ms)
			RebuildScriptCaches (31ms)
			SetupLoadedEditorAssemblies (381ms)
				LogAssemblyErrors (0ms)
				InitializePlatformSupportModulesInManaged (10ms)
				SetLoadedEditorAssemblies (0ms)
				RefreshPlugins (1ms)
				BeforeProcessingInitializeOnLoad (57ms)
				ProcessInitializeOnLoadAttributes (290ms)
				ProcessInitializeOnLoadMethodAttributes (18ms)
				AfterProcessingInitializeOnLoad (5ms)
				EditorAssembliesLoaded (0ms)
			ExecutionOrderSort2 (0ms)
			AwakeInstancesAfterBackupRestoration (4ms)
Platform modules already initialized, skipping
Refreshing native plugins compatible for Editor in 4.19 ms, found 3 plugins.
Preloading 0 native plugins for Editor in 0.00 ms.
Unloading 4139 Unused Serialized files (Serialized files now loaded: 0)
Unloading 46 unused Assets / (2.8 MB). Loaded Objects now: 4851.
Memory consumption went from 249.2 MB to 246.4 MB.
Total: 5.686200 ms (FindLiveObjects: 0.576100 ms CreateObjectMapping: 0.238600 ms MarkObjects: 3.975200 ms  DeleteObjects: 0.895500 ms)

AssetImportParameters requested are different than current active one (requested -> active):
  custom:video-decoder-ogg-theora: a1e56fd34408186e4bbccfd4996cb3dc -> 
  custom:container-muxer-webm: aa71ff27fc2769a1b78a27578f13a17b -> 
  custom:container-demuxer-webm: 4f35f7cbe854078d1ac9338744f61a02 -> 
  custom:video-encoder-webm-vp8: eb34c28f22e8b96e1ab97ce403110664 -> 
  custom:video-codec-MediaFoundation-h265: 746d11721c4dcdbdad8f713fa42b33f4 -> 
  custom:audio-encoder-webm-vorbis: bf7c407c2cedff20999df2af8eb42d56 -> 
  custom:framework-win-MediaFoundation: 216162199b28c13a410421893ffa2e32 -> 
  custom:container-demuxer-ogg: 62fdf1f143b41e24485cea50d1cbac27 -> 
  custom:video-decoder-webm-vp8: 9c59270c3fd7afecdb556c50c9e8de78 -> 
  custom:audio-decoder-ogg-vorbis: bf7c407c2cedff20999df2af8eb42d56 -> 
Editor requested this worker to shutdown with reason: Scaling down because of idle timeout
AssetImportWorker is now disconnected from the server
Process exiting
Exiting without the bug reporter. Application will terminate with return code 0