Using pre-set license
Built from '2021.3/staging' branch; Version is '2021.3.4f1 (cb45f9cae8b7) revision 13321721'; Using compiler version '192829333'; Build Type 'Release'
OS: 'Windows 10  (10.0.19045) 64bit Professional' Language: 'en' Physical Memory: 16316 MB
BatchMode: 1, IsHumanControllingUs: 0, StartBugReporterOnCrash: 0, Is64bit: 1, IsPro: 1

COMMAND LINE ARGUMENTS:
C:\Program Files\Unity\Hub\Editor\2021.3.4f1\Editor\Unity.exe
-adb2
-batchMode
-noUpm
-name
AssetImportWorker2
-projectPath
C:/Users/pc gamer casa/Desktop/unity projects/Complete C# Unity Game Developer 3D
-logFile
Logs/AssetImportWorker2.log
-srvPort
61642
Successfully changed project path to: C:/Users/pc gamer casa/Desktop/unity projects/Complete C# Unity Game Developer 3D
C:/Users/pc gamer casa/Desktop/unity projects/Complete C# Unity Game Developer 3D
[UnityMemory] Configuration Parameters - Can be set up in boot.config
    "memorysetup-bucket-allocator-granularity=16"
    "memorysetup-bucket-allocator-bucket-count=8"
    "memorysetup-bucket-allocator-block-size=33554432"
    "memorysetup-bucket-allocator-block-count=8"
    "memorysetup-main-allocator-block-size=16777216"
    "memorysetup-thread-allocator-block-size=16777216"
    "memorysetup-gfx-main-allocator-block-size=16777216"
    "memorysetup-gfx-thread-allocator-block-size=16777216"
    "memorysetup-cache-allocator-block-size=4194304"
    "memorysetup-typetree-allocator-block-size=2097152"
    "memorysetup-profiler-bucket-allocator-granularity=16"
    "memorysetup-profiler-bucket-allocator-bucket-count=8"
    "memorysetup-profiler-bucket-allocator-block-size=33554432"
    "memorysetup-profiler-bucket-allocator-block-count=8"
    "memorysetup-profiler-allocator-block-size=16777216"
    "memorysetup-profiler-editor-allocator-block-size=1048576"
    "memorysetup-temp-allocator-size-main=16777216"
    "memorysetup-job-temp-allocator-block-size=2097152"
    "memorysetup-job-temp-allocator-block-size-background=1048576"
    "memorysetup-job-temp-allocator-reduction-small-platforms=262144"
    "memorysetup-temp-allocator-size-background-worker=32768"
    "memorysetup-temp-allocator-size-job-worker=262144"
    "memorysetup-temp-allocator-size-preload-manager=33554432"
    "memorysetup-temp-allocator-size-nav-mesh-worker=65536"
    "memorysetup-temp-allocator-size-audio-worker=65536"
    "memorysetup-temp-allocator-size-cloud-worker=32768"
    "memorysetup-temp-allocator-size-gi-baking-worker=262144"
    "memorysetup-temp-allocator-size-gfx=262144"
Refreshing native plugins compatible for Editor in 110.47 ms, found 3 plugins.
Preloading 0 native plugins for Editor in 0.00 ms.
Initialize engine version: 2021.3.4f1 (cb45f9cae8b7)
[Subsystems] Discovering subsystems at path C:/Program Files/Unity/Hub/Editor/2021.3.4f1/Editor/Data/Resources/UnitySubsystems
[Subsystems] Discovering subsystems at path C:/Users/pc gamer casa/Desktop/unity projects/Complete C# Unity Game Developer 3D/Assets
GfxDevice: creating device client; threaded=0; jobified=0
Direct3D:
    Version:  Direct3D 11.0 [level 11.1]
    Renderer: Radeon RX 570 Series (ID=0x67df)
    Vendor:   ATI
    VRAM:     8170 MB
    Driver:   31.0.21902.5
Initialize mono
Mono path[0] = 'C:/Program Files/Unity/Hub/Editor/2021.3.4f1/Editor/Data/Managed'
Mono path[1] = 'C:/Program Files/Unity/Hub/Editor/2021.3.4f1/Editor/Data/MonoBleedingEdge/lib/mono/unityjit-win32'
Mono config path = 'C:/Program Files/Unity/Hub/Editor/2021.3.4f1/Editor/Data/MonoBleedingEdge/etc'
Using monoOptions --debugger-agent=transport=dt_socket,embedding=1,server=y,suspend=n,address=127.0.0.1:56484
Begin MonoManager ReloadAssembly
Registering precompiled unity dll's ...
Register platform support module: C:/Program Files/Unity/Hub/Editor/2021.3.4f1/Editor/Data/PlaybackEngines/AndroidPlayer/UnityEditor.Android.Extensions.dll
Register platform support module: C:/Program Files/Unity/Hub/Editor/2021.3.4f1/Editor/Data/PlaybackEngines/WindowsStandaloneSupport/UnityEditor.WindowsStandalone.Extensions.dll
Registered in 0.014175 seconds.
Native extension for WindowsStandalone target not found
Native extension for Android target not found
Refreshing native plugins compatible for Editor in 99.20 ms, found 3 plugins.
Preloading 0 native plugins for Editor in 0.00 ms.
Mono: successfully reloaded assembly
- Completed reload, in  0.817 seconds
Domain Reload Profiling:
	ReloadAssembly (818ms)
		BeginReloadAssembly (101ms)
			ExecutionOrderSort (0ms)
			DisableScriptedObjects (0ms)
			BackupInstance (0ms)
			ReleaseScriptingObjects (0ms)
			CreateAndSetChildDomain (1ms)
		EndReloadAssembly (571ms)
			LoadAssemblies (98ms)
			RebuildTransferFunctionScriptingTraits (0ms)
			SetupTypeCache (123ms)
			ReleaseScriptCaches (0ms)
			RebuildScriptCaches (38ms)
			SetupLoadedEditorAssemblies (346ms)
				LogAssemblyErrors (0ms)
				InitializePlatformSupportModulesInManaged (72ms)
				SetLoadedEditorAssemblies (0ms)
				RefreshPlugins (99ms)
				BeforeProcessingInitializeOnLoad (2ms)
				ProcessInitializeOnLoadAttributes (116ms)
				ProcessInitializeOnLoadMethodAttributes (56ms)
				AfterProcessingInitializeOnLoad (0ms)
				EditorAssembliesLoaded (0ms)
			ExecutionOrderSort2 (0ms)
			AwakeInstancesAfterBackupRestoration (0ms)
Platform modules already initialized, skipping
Registering precompiled user dll's ...
Registered in 0.021420 seconds.
Assembly with name 'EditMode' already exists (Assets/Secrtion 2 = Obsctacle Course/Tests/EditMode/EditMode.asmdef)
Assembly with name 'EditMode' already exists (Assets/Section 3 = Rocket Boost/Tests/EditMode/EditMode.asmdef)
Assembly with name 'Scripts' already exists (Assets/Secrtion 2 = Obsctacle Course/Scripts/Scripts.asmdef)
Assembly with name 'Scripts' already exists (Assets/Section 3 = Rocket Boost/Scripts/Scripts.asmdef)
Assembly with name 'PlayMode' already exists (Assets/Section 3 = Rocket Boost/Tests/PlayMode/PlayMode.asmdef)
Assembly with name 'PlayMode' already exists (Assets/Secrtion 2 = Obsctacle Course/Tests/PlayMode/PlayMode.asmdef)
Assembly with name 'EditMode' already exists (Assets/Secrtion 2 = Obsctacle Course/Tests/EditMode/EditMode.asmdef)
Assembly with name 'EditMode' already exists (Assets/Section 3 = Rocket Boost/Tests/EditMode/EditMode.asmdef)
Assembly with name 'Scripts' already exists (Assets/Secrtion 2 = Obsctacle Course/Scripts/Scripts.asmdef)
Assembly with name 'Scripts' already exists (Assets/Section 3 = Rocket Boost/Scripts/Scripts.asmdef)
Assembly with name 'PlayMode' already exists (Assets/Section 3 = Rocket Boost/Tests/PlayMode/PlayMode.asmdef)
Assembly with name 'PlayMode' already exists (Assets/Secrtion 2 = Obsctacle Course/Tests/PlayMode/PlayMode.asmdef)
Begin MonoManager ReloadAssembly
Symbol file LoadedFromMemory doesn't match image C:\Users\pc gamer casa\Desktop\unity projects\Complete C# Unity Game Developer 3D\Library\PackageCache\com.unity.visualscripting@1.7.8\Editor\VisualScripting.Core\Dependencies\YamlDotNet\Unity.VisualScripting.YamlDotNet.dll
Symbol file LoadedFromMemory doesn't match image C:\Users\pc gamer casa\Desktop\unity projects\Complete C# Unity Game Developer 3D\Library\PackageCache\com.unity.visualscripting@1.7.8\Editor\VisualScripting.Core\Dependencies\DotNetZip\Unity.VisualScripting.IonicZip.dll
Native extension for WindowsStandalone target not found
Native extension for Android target not found
Refreshing native plugins compatible for Editor in 0.86 ms, found 3 plugins.
Preloading 0 native plugins for Editor in 0.00 ms.
Assembly with name 'EditMode' already exists (Assets/Secrtion 2 = Obsctacle Course/Tests/EditMode/EditMode.asmdef)
Assembly with name 'EditMode' already exists (Assets/Section 3 = Rocket Boost/Tests/EditMode/EditMode.asmdef)
Assembly with name 'Scripts' already exists (Assets/Secrtion 2 = Obsctacle Course/Scripts/Scripts.asmdef)
Assembly with name 'Scripts' already exists (Assets/Section 3 = Rocket Boost/Scripts/Scripts.asmdef)
Assembly with name 'PlayMode' already exists (Assets/Section 3 = Rocket Boost/Tests/PlayMode/PlayMode.asmdef)
Assembly with name 'PlayMode' already exists (Assets/Secrtion 2 = Obsctacle Course/Tests/PlayMode/PlayMode.asmdef)
Mono: successfully reloaded assembly
- Completed reload, in  1.642 seconds
Domain Reload Profiling:
	ReloadAssembly (1643ms)
		BeginReloadAssembly (309ms)
			ExecutionOrderSort (0ms)
			DisableScriptedObjects (7ms)
			BackupInstance (0ms)
			ReleaseScriptingObjects (0ms)
			CreateAndSetChildDomain (128ms)
		EndReloadAssembly (1159ms)
			LoadAssemblies (175ms)
			RebuildTransferFunctionScriptingTraits (0ms)
			SetupTypeCache (325ms)
			ReleaseScriptCaches (1ms)
			RebuildScriptCaches (87ms)
			SetupLoadedEditorAssemblies (555ms)
				LogAssemblyErrors (0ms)
				InitializePlatformSupportModulesInManaged (21ms)
				SetLoadedEditorAssemblies (1ms)
				RefreshPlugins (1ms)
				BeforeProcessingInitializeOnLoad (150ms)
				ProcessInitializeOnLoadAttributes (331ms)
				ProcessInitializeOnLoadMethodAttributes (38ms)
				AfterProcessingInitializeOnLoad (13ms)
				EditorAssembliesLoaded (0ms)
			ExecutionOrderSort2 (0ms)
			AwakeInstancesAfterBackupRestoration (8ms)
Platform modules already initialized, skipping
========================================================================
Worker process is ready to serve import requests
Launched and connected shader compiler UnityShaderCompiler.exe after 0.11 seconds
Refreshing native plugins compatible for Editor in 0.74 ms, found 3 plugins.
Preloading 0 native plugins for Editor in 0.00 ms.
Unloading 3543 Unused Serialized files (Serialized files now loaded: 0)
Unloading 40 unused Assets / (181.6 KB). Loaded Objects now: 4000.
Memory consumption went from 123.3 MB to 123.1 MB.
Total: 4.206300 ms (FindLiveObjects: 0.405000 ms CreateObjectMapping: 0.160900 ms MarkObjects: 3.489800 ms  DeleteObjects: 0.149400 ms)

AssetImportParameters requested are different than current active one (requested -> active):
  custom:video-decoder-ogg-theora: a1e56fd34408186e4bbccfd4996cb3dc -> 
  custom:container-muxer-webm: aa71ff27fc2769a1b78a27578f13a17b -> 
  custom:container-demuxer-webm: 4f35f7cbe854078d1ac9338744f61a02 -> 
  custom:video-encoder-webm-vp8: eb34c28f22e8b96e1ab97ce403110664 -> 
  custom:audio-encoder-webm-vorbis: bf7c407c2cedff20999df2af8eb42d56 -> 
  custom:framework-win-MediaFoundation: 216162199b28c13a410421893ffa2e32 -> 
  custom:container-demuxer-ogg: 62fdf1f143b41e24485cea50d1cbac27 -> 
  custom:video-decoder-webm-vp8: 9c59270c3fd7afecdb556c50c9e8de78 -> 
  custom:audio-decoder-ogg-vorbis: bf7c407c2cedff20999df2af8eb42d56 -> 
========================================================================
Received Import Request.
  Time since last request: 812914.929721 seconds.
  path: Assets/Section 3 = Rocket Boost/Scene/Obstacle Course.unity
  artifactKey: Guid(1aa81a814bbeec941b1d329b14b6a708) Importer(815301076,1909f56bfc062723c751e8b465ee728b)
Start importing Assets/Section 3 = Rocket Boost/Scene/Obstacle Course.unity using Guid(1aa81a814bbeec941b1d329b14b6a708) Importer(815301076,1909f56bfc062723c751e8b465ee728b)  -> (artifact id: 'b0712aef5d0543c9283b72e321ca266a') in 0.010403 seconds 
========================================================================
Received Import Request.
  Time since last request: 2.593368 seconds.
  path: Assets/Section 3 = Rocket Boost/Scripts/Scripts.asmdef
  artifactKey: Guid(d211e041968aa354681f51ee2b502974) Importer(815301076,1909f56bfc062723c751e8b465ee728b)
Start importing Assets/Section 3 = Rocket Boost/Scripts/Scripts.asmdef using Guid(d211e041968aa354681f51ee2b502974) Importer(815301076,1909f56bfc062723c751e8b465ee728b)  -> (artifact id: 'c0c40de0d22829eb2b657e097d29cd53') in 0.029420 seconds 
========================================================================
Received Import Request.
  Time since last request: 2.588688 seconds.
  path: Assets/Section 3 = Rocket Boost/Scripts/EnableGravity.cs
  artifactKey: Guid(f07973a97444c544180172e6d506e862) Importer(815301076,1909f56bfc062723c751e8b465ee728b)
Start importing Assets/Section 3 = Rocket Boost/Scripts/EnableGravity.cs using Guid(f07973a97444c544180172e6d506e862) Importer(815301076,1909f56bfc062723c751e8b465ee728b)  -> (artifact id: 'c69289e33388d2b1ebb8459367f33690') in 0.018643 seconds 
========================================================================
Received Import Request.
  Time since last request: 17.346769 seconds.
  path: Assets/Section 3 = Rocket Boost/Scripts/Spinner.cs
  artifactKey: Guid(fa66e575cc58e2c4597f759a15724dc1) Importer(815301076,1909f56bfc062723c751e8b465ee728b)
Start importing Assets/Section 3 = Rocket Boost/Scripts/Spinner.cs using Guid(fa66e575cc58e2c4597f759a15724dc1) Importer(815301076,1909f56bfc062723c751e8b465ee728b)  -> (artifact id: '1b00643411693a62f551a5627360ad37') in 0.003042 seconds 
========================================================================
Received Import Request.
  Time since last request: 1.070954 seconds.
  path: Assets/Section 3 = Rocket Boost/Scripts/Scorer.cs
  artifactKey: Guid(d164fb16bd6251345b743bb51d8b4769) Importer(815301076,1909f56bfc062723c751e8b465ee728b)
Start importing Assets/Section 3 = Rocket Boost/Scripts/Scorer.cs using Guid(d164fb16bd6251345b743bb51d8b4769) Importer(815301076,1909f56bfc062723c751e8b465ee728b)  -> (artifact id: '5f4c7ba33daa8b0c979e5dc1d03ef072') in 0.009278 seconds 
========================================================================
Received Import Request.
  Time since last request: 6.836009 seconds.
  path: Assets/Section 3 = Rocket Boost/Scripts/Mover.cs
  artifactKey: Guid(e3a1e3e5e0f91324a8831d790578f109) Importer(815301076,1909f56bfc062723c751e8b465ee728b)
Start importing Assets/Section 3 = Rocket Boost/Scripts/Mover.cs using Guid(e3a1e3e5e0f91324a8831d790578f109) Importer(815301076,1909f56bfc062723c751e8b465ee728b)  -> (artifact id: '5f68dde0b3fd6609bfb52f3eb427436d') in 0.008813 seconds 
========================================================================
Received Import Request.
  Time since last request: 6.969497 seconds.
  path: Assets/Section 3 = Rocket Boost/Tests/PlayMode
  artifactKey: Guid(c7aa115355c04434bb4d3fed86d9556f) Importer(815301076,1909f56bfc062723c751e8b465ee728b)
Start importing Assets/Section 3 = Rocket Boost/Tests/PlayMode using Guid(c7aa115355c04434bb4d3fed86d9556f) Importer(815301076,1909f56bfc062723c751e8b465ee728b)  -> (artifact id: 'eb49d28dd341a7afa72586260dc070ab') in 0.008927 seconds 
========================================================================
Received Import Request.
  Time since last request: 0.060007 seconds.
  path: Assets/Section 3 = Rocket Boost/Tests/PlayMode/PlayMode.asmdef
  artifactKey: Guid(91f5dd2c371d7124488e7ae73d76e57f) Importer(815301076,1909f56bfc062723c751e8b465ee728b)
Start importing Assets/Section 3 = Rocket Boost/Tests/PlayMode/PlayMode.asmdef using Guid(91f5dd2c371d7124488e7ae73d76e57f) Importer(815301076,1909f56bfc062723c751e8b465ee728b)  -> (artifact id: 'bd514bf0e00e96dd7363f97e480207d7') in 0.002547 seconds 
========================================================================
Received Import Request.
  Time since last request: 2.732278 seconds.
  path: Assets/Section 3 = Rocket Boost/Tests/EditMode/EditMode.asmdef
  artifactKey: Guid(849438e808ad2ca4fb2d5d400027f13e) Importer(815301076,1909f56bfc062723c751e8b465ee728b)
Start importing Assets/Section 3 = Rocket Boost/Tests/EditMode/EditMode.asmdef using Guid(849438e808ad2ca4fb2d5d400027f13e) Importer(815301076,1909f56bfc062723c751e8b465ee728b)  -> (artifact id: 'dbc6c3fe77a30be7b3c78c73879e4d45') in 0.002726 seconds 
========================================================================
Received Import Request.
  Time since last request: 3.932780 seconds.
  path: Assets/Section 3 = Rocket Boost/Tests/EditMode/rotationTest.cs
  artifactKey: Guid(3a675bc938405ca459bafad3d238e0a3) Importer(815301076,1909f56bfc062723c751e8b465ee728b)
Start importing Assets/Section 3 = Rocket Boost/Tests/EditMode/rotationTest.cs using Guid(3a675bc938405ca459bafad3d238e0a3) Importer(815301076,1909f56bfc062723c751e8b465ee728b)  -> (artifact id: '16e8a8ed4cc12266e20788bbcda7da6a') in 0.010657 seconds 
========================================================================
Received Import Request.
  Time since last request: 4.290933 seconds.
  path: Assets/Section 3 = Rocket Boost/Tests/PlayMode/PlayerTest.cs
  artifactKey: Guid(475b16e32f371ef4da5c27bed7587667) Importer(815301076,1909f56bfc062723c751e8b465ee728b)
Start importing Assets/Section 3 = Rocket Boost/Tests/PlayMode/PlayerTest.cs using Guid(475b16e32f371ef4da5c27bed7587667) Importer(815301076,1909f56bfc062723c751e8b465ee728b)  -> (artifact id: '47e90c838b2805fc72b1b04affc45bac') in 0.008804 seconds 
========================================================================
Received Import Request.
  Time since last request: 23.445957 seconds.
  path: Assets/Section 3 = Rocket Boost/Scene/Project Boost.unity
  artifactKey: Guid(061c7addfed5dc34a960d40a1afb4f3c) Importer(815301076,1909f56bfc062723c751e8b465ee728b)
Start importing Assets/Section 3 = Rocket Boost/Scene/Project Boost.unity using Guid(061c7addfed5dc34a960d40a1afb4f3c) Importer(815301076,1909f56bfc062723c751e8b465ee728b)  -> (artifact id: '00e92a0bfc31e49b8cd81b3dbc5a780e') in 0.010137 seconds 
========================================================================
Received Import Request.
  Time since last request: 81.831496 seconds.
  path: Assets/Section 3 = Rocket Boost/Scene/space Ants.unity
  artifactKey: Guid(061c7addfed5dc34a960d40a1afb4f3c) Importer(815301076,1909f56bfc062723c751e8b465ee728b)
Start importing Assets/Section 3 = Rocket Boost/Scene/space Ants.unity using Guid(061c7addfed5dc34a960d40a1afb4f3c) Importer(815301076,1909f56bfc062723c751e8b465ee728b)  -> (artifact id: '7cf5a681ed39cf032f5cba59c82832f3') in 0.010166 seconds 
========================================================================
Received Import Request.
  Time since last request: 16.403227 seconds.
  path: Assets/Section 3 = Rocket Boost/Scene/Cave Astraunots.unity
  artifactKey: Guid(061c7addfed5dc34a960d40a1afb4f3c) Importer(815301076,1909f56bfc062723c751e8b465ee728b)
Start importing Assets/Section 3 = Rocket Boost/Scene/Cave Astraunots.unity using Guid(061c7addfed5dc34a960d40a1afb4f3c) Importer(815301076,1909f56bfc062723c751e8b465ee728b)  -> (artifact id: '1f6ef89141cf310bda40f79524e60f6b') in 0.009317 seconds 
