Using pre-set license
Built from '2021.3/staging' branch; Version is '2021.3.4f1 (cb45f9cae8b7) revision 13321721'; Using compiler version '192829333'; Build Type 'Release'
OS: 'Windows 11  (10.0.26100) 64bit Professional' Language: 'en' Physical Memory: 31887 MB
BatchMode: 1, IsHumanControllingUs: 0, StartBugReporterOnCrash: 0, Is64bit: 1, IsPro: 1

COMMAND LINE ARGUMENTS:
C:\Program Files\Unity\Hub\Editor\2021.3.4f1\Editor\Unity.exe
-adb2
-batchMode
-noUpm
-name
AssetImportWorker8
-projectPath
C:/Users/PC/OneDrive/Documents/GitHub/Complete-C-Unity-Game-Developer-3D
-logFile
Logs/AssetImportWorker8.log
-srvPort
62565
Successfully changed project path to: C:/Users/PC/OneDrive/Documents/GitHub/Complete-C-Unity-Game-Developer-3D
C:/Users/PC/OneDrive/Documents/GitHub/Complete-C-Unity-Game-Developer-3D
[UnityMemory] Configuration Parameters - Can be set up in boot.config
    "memorysetup-bucket-allocator-granularity=16"
    "memorysetup-bucket-allocator-bucket-count=8"
    "memorysetup-bucket-allocator-block-size=33554432"
    "memorysetup-bucket-allocator-block-count=8"
    "memorysetup-main-allocator-block-size=16777216"
    "memorysetup-thread-allocator-block-size=16777216"
    "memorysetup-gfx-main-allocator-block-size=16777216"
    "memorysetup-gfx-thread-allocator-block-size=16777216"
    "memorysetup-cache-allocator-block-size=4194304"
    "memorysetup-typetree-allocator-block-size=2097152"
    "memorysetup-profiler-bucket-allocator-granularity=16"
    "memorysetup-profiler-bucket-allocator-bucket-count=8"
    "memorysetup-profiler-bucket-allocator-block-size=33554432"
    "memorysetup-profiler-bucket-allocator-block-count=8"
    "memorysetup-profiler-allocator-block-size=16777216"
    "memorysetup-profiler-editor-allocator-block-size=1048576"
    "memorysetup-temp-allocator-size-main=16777216"
    "memorysetup-job-temp-allocator-block-size=2097152"
    "memorysetup-job-temp-allocator-block-size-background=1048576"
    "memorysetup-job-temp-allocator-reduction-small-platforms=262144"
    "memorysetup-temp-allocator-size-background-worker=32768"
    "memorysetup-temp-allocator-size-job-worker=262144"
    "memorysetup-temp-allocator-size-preload-manager=33554432"
    "memorysetup-temp-allocator-size-nav-mesh-worker=65536"
    "memorysetup-temp-allocator-size-audio-worker=65536"
    "memorysetup-temp-allocator-size-cloud-worker=32768"
    "memorysetup-temp-allocator-size-gi-baking-worker=262144"
    "memorysetup-temp-allocator-size-gfx=262144"
Refreshing native plugins compatible for Editor in 72.31 ms, found 3 plugins.
Preloading 0 native plugins for Editor in 0.00 ms.
Initialize engine version: 2021.3.4f1 (cb45f9cae8b7)
[Subsystems] Discovering subsystems at path C:/Program Files/Unity/Hub/Editor/2021.3.4f1/Editor/Data/Resources/UnitySubsystems
[Subsystems] Discovering subsystems at path C:/Users/PC/OneDrive/Documents/GitHub/Complete-C-Unity-Game-Developer-3D/Assets
GfxDevice: creating device client; threaded=0; jobified=0
Direct3D:
    Version:  Direct3D 11.0 [level 11.1]
    Renderer: NVIDIA GeForce RTX 4060 (ID=0x2882)
    Vendor:   NVIDIA
    VRAM:     7957 MB
    Driver:   32.0.15.7602
Initialize mono
Mono path[0] = 'C:/Program Files/Unity/Hub/Editor/2021.3.4f1/Editor/Data/Managed'
Mono path[1] = 'C:/Program Files/Unity/Hub/Editor/2021.3.4f1/Editor/Data/MonoBleedingEdge/lib/mono/unityjit-win32'
Mono config path = 'C:/Program Files/Unity/Hub/Editor/2021.3.4f1/Editor/Data/MonoBleedingEdge/etc'
Using monoOptions --debugger-agent=transport=dt_socket,embedding=1,server=y,suspend=n,address=127.0.0.1:56576
Begin MonoManager ReloadAssembly
Registering precompiled unity dll's ...
Register platform support module: C:/Program Files/Unity/Hub/Editor/2021.3.4f1/Editor/Data/PlaybackEngines/WebGLSupport/UnityEditor.WebGL.Extensions.dll
Register platform support module: C:/Program Files/Unity/Hub/Editor/2021.3.4f1/Editor/Data/PlaybackEngines/WindowsStandaloneSupport/UnityEditor.WindowsStandalone.Extensions.dll
Register platform support module: C:/Program Files/Unity/Hub/Editor/2021.3.4f1/Editor/Data/PlaybackEngines/MetroSupport/UnityEditor.UWP.Extensions.dll
Registered in 0.005443 seconds.
Native extension for UWP target not found
Native extension for WindowsStandalone target not found
Native extension for WebGL target not found
Refreshing native plugins compatible for Editor in 67.13 ms, found 3 plugins.
Preloading 0 native plugins for Editor in 0.00 ms.
Mono: successfully reloaded assembly
- Completed reload, in  0.397 seconds
Domain Reload Profiling:
	ReloadAssembly (397ms)
		BeginReloadAssembly (47ms)
			ExecutionOrderSort (0ms)
			DisableScriptedObjects (0ms)
			BackupInstance (0ms)
			ReleaseScriptingObjects (0ms)
			CreateAndSetChildDomain (0ms)
		EndReloadAssembly (284ms)
			LoadAssemblies (46ms)
			RebuildTransferFunctionScriptingTraits (0ms)
			SetupTypeCache (61ms)
			ReleaseScriptCaches (0ms)
			RebuildScriptCaches (16ms)
			SetupLoadedEditorAssemblies (177ms)
				LogAssemblyErrors (0ms)
				InitializePlatformSupportModulesInManaged (6ms)
				SetLoadedEditorAssemblies (0ms)
				RefreshPlugins (67ms)
				BeforeProcessingInitializeOnLoad (1ms)
				ProcessInitializeOnLoadAttributes (78ms)
				ProcessInitializeOnLoadMethodAttributes (25ms)
				AfterProcessingInitializeOnLoad (0ms)
				EditorAssembliesLoaded (1ms)
			ExecutionOrderSort2 (0ms)
			AwakeInstancesAfterBackupRestoration (0ms)
Platform modules already initialized, skipping
Registering precompiled user dll's ...
Registered in 0.005332 seconds.
Begin MonoManager ReloadAssembly
Symbol file LoadedFromMemory doesn't match image C:\Users\PC\OneDrive\Documents\GitHub\Complete-C-Unity-Game-Developer-3D\Library\PackageCache\com.unity.visualscripting@1.7.8\Editor\VisualScripting.Core\Dependencies\YamlDotNet\Unity.VisualScripting.YamlDotNet.dll
Symbol file LoadedFromMemory doesn't match image C:\Users\PC\OneDrive\Documents\GitHub\Complete-C-Unity-Game-Developer-3D\Library\PackageCache\com.unity.visualscripting@1.7.8\Editor\VisualScripting.Core\Dependencies\DotNetZip\Unity.VisualScripting.IonicZip.dll
Native extension for UWP target not found
Native extension for WindowsStandalone target not found
Native extension for WebGL target not found
Refreshing native plugins compatible for Editor in 66.43 ms, found 3 plugins.
Preloading 0 native plugins for Editor in 0.00 ms.
Mono: successfully reloaded assembly
- Completed reload, in  0.827 seconds
Domain Reload Profiling:
	ReloadAssembly (828ms)
		BeginReloadAssembly (70ms)
			ExecutionOrderSort (0ms)
			DisableScriptedObjects (4ms)
			BackupInstance (0ms)
			ReleaseScriptingObjects (0ms)
			CreateAndSetChildDomain (15ms)
		EndReloadAssembly (694ms)
			LoadAssemblies (58ms)
			RebuildTransferFunctionScriptingTraits (0ms)
			SetupTypeCache (150ms)
			ReleaseScriptCaches (1ms)
			RebuildScriptCaches (33ms)
			SetupLoadedEditorAssemblies (430ms)
				LogAssemblyErrors (0ms)
				InitializePlatformSupportModulesInManaged (5ms)
				SetLoadedEditorAssemblies (0ms)
				RefreshPlugins (66ms)
				BeforeProcessingInitializeOnLoad (70ms)
				ProcessInitializeOnLoadAttributes (269ms)
				ProcessInitializeOnLoadMethodAttributes (13ms)
				AfterProcessingInitializeOnLoad (6ms)
				EditorAssembliesLoaded (0ms)
			ExecutionOrderSort2 (0ms)
			AwakeInstancesAfterBackupRestoration (4ms)
Platform modules already initialized, skipping
========================================================================
Worker process is ready to serve import requests
Launched and connected shader compiler UnityShaderCompiler.exe after 0.06 seconds
Refreshing native plugins compatible for Editor in 0.98 ms, found 3 plugins.
Preloading 0 native plugins for Editor in 0.00 ms.
Unloading 4219 Unused Serialized files (Serialized files now loaded: 0)
Unloading 77 unused Assets / (2.8 MB). Loaded Objects now: 4693.
Memory consumption went from 252.1 MB to 249.2 MB.
Total: 4.667500 ms (FindLiveObjects: 0.577600 ms CreateObjectMapping: 0.131800 ms MarkObjects: 3.186600 ms  DeleteObjects: 0.770500 ms)

AssetImportParameters requested are different than current active one (requested -> active):
  custom:video-decoder-ogg-theora: a1e56fd34408186e4bbccfd4996cb3dc -> 
  custom:container-muxer-webm: aa71ff27fc2769a1b78a27578f13a17b -> 
  custom:container-demuxer-webm: 4f35f7cbe854078d1ac9338744f61a02 -> 
  custom:video-encoder-webm-vp8: eb34c28f22e8b96e1ab97ce403110664 -> 
  custom:video-codec-MediaFoundation-h265: 746d11721c4dcdbdad8f713fa42b33f4 -> 
  custom:audio-encoder-webm-vorbis: bf7c407c2cedff20999df2af8eb42d56 -> 
  custom:framework-win-MediaFoundation: 216162199b28c13a410421893ffa2e32 -> 
  custom:container-demuxer-ogg: 62fdf1f143b41e24485cea50d1cbac27 -> 
  custom:video-decoder-webm-vp8: 9c59270c3fd7afecdb556c50c9e8de78 -> 
  custom:audio-decoder-ogg-vorbis: bf7c407c2cedff20999df2af8eb42d56 -> 
========================================================================
Received Import Request.
  Time since last request: 1793467.582333 seconds.
  path: Assets/Section 5 = Realm Rush/Prefabs/Straight Road 90.prefab
  artifactKey: Guid(0d999cdd95106834a823c4514a3420a3) Importer(815301076,1909f56bfc062723c751e8b465ee728b)
Start importing Assets/Section 5 = Realm Rush/Prefabs/Straight Road 90.prefab using Guid(0d999cdd95106834a823c4514a3420a3) Importer(815301076,1909f56bfc062723c751e8b465ee728b)  -> (artifact id: '96a577fc95c48392609056f1334959e1') in 0.135990 seconds 
========================================================================
Received Prepare
Registering precompiled user dll's ...
Registered in 0.006164 seconds.
Begin MonoManager ReloadAssembly
Symbol file LoadedFromMemory doesn't match image C:\Users\PC\OneDrive\Documents\GitHub\Complete-C-Unity-Game-Developer-3D\Library\PackageCache\com.unity.visualscripting@1.7.8\Editor\VisualScripting.Core\Dependencies\YamlDotNet\Unity.VisualScripting.YamlDotNet.dll
Symbol file LoadedFromMemory doesn't match image C:\Users\PC\OneDrive\Documents\GitHub\Complete-C-Unity-Game-Developer-3D\Library\PackageCache\com.unity.visualscripting@1.7.8\Editor\VisualScripting.Core\Dependencies\DotNetZip\Unity.VisualScripting.IonicZip.dll
Native extension for UWP target not found
Native extension for WindowsStandalone target not found
Native extension for WebGL target not found
Refreshing native plugins compatible for Editor in 0.57 ms, found 3 plugins.
Preloading 0 native plugins for Editor in 0.00 ms.
Mono: successfully reloaded assembly
- Completed reload, in  0.817 seconds
Domain Reload Profiling:
	ReloadAssembly (818ms)
		BeginReloadAssembly (108ms)
			ExecutionOrderSort (0ms)
			DisableScriptedObjects (3ms)
			BackupInstance (0ms)
			ReleaseScriptingObjects (0ms)
			CreateAndSetChildDomain (39ms)
		EndReloadAssembly (650ms)
			LoadAssemblies (62ms)
			RebuildTransferFunctionScriptingTraits (0ms)
			SetupTypeCache (171ms)
			ReleaseScriptCaches (1ms)
			RebuildScriptCaches (30ms)
			SetupLoadedEditorAssemblies (357ms)
				LogAssemblyErrors (0ms)
				InitializePlatformSupportModulesInManaged (10ms)
				SetLoadedEditorAssemblies (0ms)
				RefreshPlugins (1ms)
				BeforeProcessingInitializeOnLoad (57ms)
				ProcessInitializeOnLoadAttributes (266ms)
				ProcessInitializeOnLoadMethodAttributes (17ms)
				AfterProcessingInitializeOnLoad (6ms)
				EditorAssembliesLoaded (0ms)
			ExecutionOrderSort2 (0ms)
			AwakeInstancesAfterBackupRestoration (4ms)
Platform modules already initialized, skipping
Refreshing native plugins compatible for Editor in 3.06 ms, found 3 plugins.
Preloading 0 native plugins for Editor in 0.00 ms.
Unloading 4139 Unused Serialized files (Serialized files now loaded: 0)
Unloading 46 unused Assets / (2.8 MB). Loaded Objects now: 4715.
Memory consumption went from 248.8 MB to 246.0 MB.
Total: 5.072900 ms (FindLiveObjects: 0.473600 ms CreateObjectMapping: 0.207800 ms MarkObjects: 3.431800 ms  DeleteObjects: 0.958900 ms)

AssetImportParameters requested are different than current active one (requested -> active):
  custom:video-decoder-ogg-theora: a1e56fd34408186e4bbccfd4996cb3dc -> 
  custom:container-muxer-webm: aa71ff27fc2769a1b78a27578f13a17b -> 
  custom:container-demuxer-webm: 4f35f7cbe854078d1ac9338744f61a02 -> 
  custom:video-encoder-webm-vp8: eb34c28f22e8b96e1ab97ce403110664 -> 
  custom:video-codec-MediaFoundation-h265: 746d11721c4dcdbdad8f713fa42b33f4 -> 
  custom:audio-encoder-webm-vorbis: bf7c407c2cedff20999df2af8eb42d56 -> 
  custom:framework-win-MediaFoundation: 216162199b28c13a410421893ffa2e32 -> 
  custom:container-demuxer-ogg: 62fdf1f143b41e24485cea50d1cbac27 -> 
  custom:video-decoder-webm-vp8: 9c59270c3fd7afecdb556c50c9e8de78 -> 
  custom:audio-decoder-ogg-vorbis: bf7c407c2cedff20999df2af8eb42d56 -> 
========================================================================
Received Prepare
Registering precompiled user dll's ...
Registered in 0.005281 seconds.
Begin MonoManager ReloadAssembly
Symbol file LoadedFromMemory doesn't match image C:\Users\PC\OneDrive\Documents\GitHub\Complete-C-Unity-Game-Developer-3D\Library\PackageCache\com.unity.visualscripting@1.7.8\Editor\VisualScripting.Core\Dependencies\YamlDotNet\Unity.VisualScripting.YamlDotNet.dll
Symbol file LoadedFromMemory doesn't match image C:\Users\PC\OneDrive\Documents\GitHub\Complete-C-Unity-Game-Developer-3D\Library\PackageCache\com.unity.visualscripting@1.7.8\Editor\VisualScripting.Core\Dependencies\DotNetZip\Unity.VisualScripting.IonicZip.dll
Native extension for UWP target not found
Native extension for WindowsStandalone target not found
Native extension for WebGL target not found
Refreshing native plugins compatible for Editor in 0.69 ms, found 3 plugins.
Preloading 0 native plugins for Editor in 0.00 ms.
Mono: successfully reloaded assembly
- Completed reload, in  0.854 seconds
Domain Reload Profiling:
	ReloadAssembly (855ms)
		BeginReloadAssembly (121ms)
			ExecutionOrderSort (0ms)
			DisableScriptedObjects (3ms)
			BackupInstance (0ms)
			ReleaseScriptingObjects (0ms)
			CreateAndSetChildDomain (37ms)
		EndReloadAssembly (668ms)
			LoadAssemblies (77ms)
			RebuildTransferFunctionScriptingTraits (0ms)
			SetupTypeCache (178ms)
			ReleaseScriptCaches (1ms)
			RebuildScriptCaches (34ms)
			SetupLoadedEditorAssemblies (361ms)
				LogAssemblyErrors (0ms)
				InitializePlatformSupportModulesInManaged (11ms)
				SetLoadedEditorAssemblies (0ms)
				RefreshPlugins (1ms)
				BeforeProcessingInitializeOnLoad (55ms)
				ProcessInitializeOnLoadAttributes (271ms)
				ProcessInitializeOnLoadMethodAttributes (15ms)
				AfterProcessingInitializeOnLoad (7ms)
				EditorAssembliesLoaded (0ms)
			ExecutionOrderSort2 (0ms)
			AwakeInstancesAfterBackupRestoration (4ms)
Platform modules already initialized, skipping
Refreshing native plugins compatible for Editor in 28.63 ms, found 3 plugins.
Preloading 0 native plugins for Editor in 0.00 ms.
Unloading 4139 Unused Serialized files (Serialized files now loaded: 0)
Unloading 46 unused Assets / (2.8 MB). Loaded Objects now: 4730.
Memory consumption went from 248.8 MB to 246.0 MB.
Total: 6.848800 ms (FindLiveObjects: 0.757900 ms CreateObjectMapping: 0.251100 ms MarkObjects: 4.901900 ms  DeleteObjects: 0.937200 ms)

AssetImportParameters requested are different than current active one (requested -> active):
  custom:video-decoder-ogg-theora: a1e56fd34408186e4bbccfd4996cb3dc -> 
  custom:container-muxer-webm: aa71ff27fc2769a1b78a27578f13a17b -> 
  custom:container-demuxer-webm: 4f35f7cbe854078d1ac9338744f61a02 -> 
  custom:video-encoder-webm-vp8: eb34c28f22e8b96e1ab97ce403110664 -> 
  custom:video-codec-MediaFoundation-h265: 746d11721c4dcdbdad8f713fa42b33f4 -> 
  custom:audio-encoder-webm-vorbis: bf7c407c2cedff20999df2af8eb42d56 -> 
  custom:framework-win-MediaFoundation: 216162199b28c13a410421893ffa2e32 -> 
  custom:container-demuxer-ogg: 62fdf1f143b41e24485cea50d1cbac27 -> 
  custom:video-decoder-webm-vp8: 9c59270c3fd7afecdb556c50c9e8de78 -> 
  custom:audio-decoder-ogg-vorbis: bf7c407c2cedff20999df2af8eb42d56 -> 
========================================================================
Received Import Request.
  Time since last request: 93.399501 seconds.
  path: Assets/Section 5 = Realm Rush/Prefabs/Straight Road 90.prefab
  artifactKey: Guid(0d999cdd95106834a823c4514a3420a3) Importer(815301076,1909f56bfc062723c751e8b465ee728b)
Start importing Assets/Section 5 = Realm Rush/Prefabs/Straight Road 90.prefab using Guid(0d999cdd95106834a823c4514a3420a3) Importer(815301076,1909f56bfc062723c751e8b465ee728b)  -> (artifact id: '514b4e4e95e48f598754c3f38cea7aec') in 0.087905 seconds 
========================================================================
Received Import Request.
  Time since last request: 0.000016 seconds.
  path: Assets/Section 5 = Realm Rush/Prefabs/Turn Road.prefab
  artifactKey: Guid(fe3bab9163511f147b9cf9048f187a0f) Importer(815301076,1909f56bfc062723c751e8b465ee728b)
Start importing Assets/Section 5 = Realm Rush/Prefabs/Turn Road.prefab using Guid(fe3bab9163511f147b9cf9048f187a0f) Importer(815301076,1909f56bfc062723c751e8b465ee728b)  -> (artifact id: '5d3fbe3b2829b9788dc063a70c70a5ba') in 0.030640 seconds 
========================================================================
Received Import Request.
  Time since last request: 0.000023 seconds.
  path: Assets/Section 5 = Realm Rush/Prefabs/Straight Road.prefab
  artifactKey: Guid(837e589a8fa2c294a8dc07ccf8a66576) Importer(815301076,1909f56bfc062723c751e8b465ee728b)
Start importing Assets/Section 5 = Realm Rush/Prefabs/Straight Road.prefab using Guid(837e589a8fa2c294a8dc07ccf8a66576) Importer(815301076,1909f56bfc062723c751e8b465ee728b)  -> (artifact id: '02187667d4438e2194aba1dfd70aa887') in 0.026969 seconds 
========================================================================
Received Import Request.
  Time since last request: 0.000012 seconds.
  path: Assets/Section 5 = Realm Rush/Prefabs/Turn Road -90.prefab
  artifactKey: Guid(554d8c432cbc36944a879dca93e287a2) Importer(815301076,1909f56bfc062723c751e8b465ee728b)
Start importing Assets/Section 5 = Realm Rush/Prefabs/Turn Road -90.prefab using Guid(554d8c432cbc36944a879dca93e287a2) Importer(815301076,1909f56bfc062723c751e8b465ee728b)  -> (artifact id: '91f05be8e0e0f2b86975ed72e789a629') in 0.023100 seconds 
========================================================================
Received Prepare
Registering precompiled user dll's ...
Registered in 0.007217 seconds.
Begin MonoManager ReloadAssembly
Symbol file LoadedFromMemory doesn't match image C:\Users\PC\OneDrive\Documents\GitHub\Complete-C-Unity-Game-Developer-3D\Library\PackageCache\com.unity.visualscripting@1.7.8\Editor\VisualScripting.Core\Dependencies\YamlDotNet\Unity.VisualScripting.YamlDotNet.dll
Symbol file LoadedFromMemory doesn't match image C:\Users\PC\OneDrive\Documents\GitHub\Complete-C-Unity-Game-Developer-3D\Library\PackageCache\com.unity.visualscripting@1.7.8\Editor\VisualScripting.Core\Dependencies\DotNetZip\Unity.VisualScripting.IonicZip.dll
Native extension for UWP target not found
Native extension for WindowsStandalone target not found
Native extension for WebGL target not found
Refreshing native plugins compatible for Editor in 1.03 ms, found 3 plugins.
Preloading 0 native plugins for Editor in 0.00 ms.
Mono: successfully reloaded assembly
- Completed reload, in  1.082 seconds
Domain Reload Profiling:
	ReloadAssembly (1082ms)
		BeginReloadAssembly (193ms)
			ExecutionOrderSort (0ms)
			DisableScriptedObjects (3ms)
			BackupInstance (0ms)
			ReleaseScriptingObjects (0ms)
			CreateAndSetChildDomain (55ms)
		EndReloadAssembly (780ms)
			LoadAssemblies (126ms)
			RebuildTransferFunctionScriptingTraits (0ms)
			SetupTypeCache (224ms)
			ReleaseScriptCaches (2ms)
			RebuildScriptCaches (40ms)
			SetupLoadedEditorAssemblies (404ms)
				LogAssemblyErrors (0ms)
				InitializePlatformSupportModulesInManaged (10ms)
				SetLoadedEditorAssemblies (0ms)
				RefreshPlugins (1ms)
				BeforeProcessingInitializeOnLoad (64ms)
				ProcessInitializeOnLoadAttributes (305ms)
				ProcessInitializeOnLoadMethodAttributes (17ms)
				AfterProcessingInitializeOnLoad (7ms)
				EditorAssembliesLoaded (0ms)
			ExecutionOrderSort2 (0ms)
			AwakeInstancesAfterBackupRestoration (5ms)
Platform modules already initialized, skipping
Refreshing native plugins compatible for Editor in 2.62 ms, found 3 plugins.
Preloading 0 native plugins for Editor in 0.00 ms.
Unloading 4139 Unused Serialized files (Serialized files now loaded: 0)
Unloading 46 unused Assets / (2.8 MB). Loaded Objects now: 4745.
Memory consumption went from 248.9 MB to 246.1 MB.
Total: 4.624600 ms (FindLiveObjects: 0.474800 ms CreateObjectMapping: 0.162200 ms MarkObjects: 3.227000 ms  DeleteObjects: 0.759600 ms)

AssetImportParameters requested are different than current active one (requested -> active):
  custom:video-decoder-ogg-theora: a1e56fd34408186e4bbccfd4996cb3dc -> 
  custom:container-muxer-webm: aa71ff27fc2769a1b78a27578f13a17b -> 
  custom:container-demuxer-webm: 4f35f7cbe854078d1ac9338744f61a02 -> 
  custom:video-encoder-webm-vp8: eb34c28f22e8b96e1ab97ce403110664 -> 
  custom:video-codec-MediaFoundation-h265: 746d11721c4dcdbdad8f713fa42b33f4 -> 
  custom:audio-encoder-webm-vorbis: bf7c407c2cedff20999df2af8eb42d56 -> 
  custom:framework-win-MediaFoundation: 216162199b28c13a410421893ffa2e32 -> 
  custom:container-demuxer-ogg: 62fdf1f143b41e24485cea50d1cbac27 -> 
  custom:video-decoder-webm-vp8: 9c59270c3fd7afecdb556c50c9e8de78 -> 
  custom:audio-decoder-ogg-vorbis: bf7c407c2cedff20999df2af8eb42d56 -> 
========================================================================
Received Import Request.
  Time since last request: 146.692625 seconds.
  path: Assets/Section 5 = Realm Rush/Prefabs/Ballista.prefab
  artifactKey: Guid(8a965e088bae16643aab3d07ccfd5e2e) Importer(815301076,1909f56bfc062723c751e8b465ee728b)
Start importing Assets/Section 5 = Realm Rush/Prefabs/Ballista.prefab using Guid(8a965e088bae16643aab3d07ccfd5e2e) Importer(815301076,1909f56bfc062723c751e8b465ee728b)  -> (artifact id: 'a09788bbb307a5a310d67d9381de16c1') in 0.073491 seconds 
========================================================================
Received Import Request.
  Time since last request: 0.000018 seconds.
  path: Assets/Section 5 = Realm Rush/Prefabs/Turn Road 90.prefab
  artifactKey: Guid(1d99113e38b1a784bb163a26e30a9ac3) Importer(815301076,1909f56bfc062723c751e8b465ee728b)
Start importing Assets/Section 5 = Realm Rush/Prefabs/Turn Road 90.prefab using Guid(1d99113e38b1a784bb163a26e30a9ac3) Importer(815301076,1909f56bfc062723c751e8b465ee728b)  -> (artifact id: '6d1a42d8775b4dc99809e8aa5d78da6a') in 0.039594 seconds 
========================================================================
Received Import Request.
  Time since last request: 0.000021 seconds.
  path: Assets/Section 5 = Realm Rush/Prefabs/Turn Road.prefab
  artifactKey: Guid(fe3bab9163511f147b9cf9048f187a0f) Importer(815301076,1909f56bfc062723c751e8b465ee728b)
Start importing Assets/Section 5 = Realm Rush/Prefabs/Turn Road.prefab using Guid(fe3bab9163511f147b9cf9048f187a0f) Importer(815301076,1909f56bfc062723c751e8b465ee728b)  -> (artifact id: '6995d06a196326d474eb690219d7ffb0') in 0.028444 seconds 
========================================================================
Received Import Request.
  Time since last request: 0.000013 seconds.
  path: Assets/Section 5 = Realm Rush/Prefabs/Straight Road.prefab
  artifactKey: Guid(837e589a8fa2c294a8dc07ccf8a66576) Importer(815301076,1909f56bfc062723c751e8b465ee728b)
Start importing Assets/Section 5 = Realm Rush/Prefabs/Straight Road.prefab using Guid(837e589a8fa2c294a8dc07ccf8a66576) Importer(815301076,1909f56bfc062723c751e8b465ee728b)  -> (artifact id: '7aa4b8556a56c976014c3be3d4476183') in 0.026494 seconds 
========================================================================
Received Import Request.
  Time since last request: 0.000015 seconds.
  path: Assets/Section 5 = Realm Rush/Prefabs/Turn Road -90.prefab
  artifactKey: Guid(554d8c432cbc36944a879dca93e287a2) Importer(815301076,1909f56bfc062723c751e8b465ee728b)
Start importing Assets/Section 5 = Realm Rush/Prefabs/Turn Road -90.prefab using Guid(554d8c432cbc36944a879dca93e287a2) Importer(815301076,1909f56bfc062723c751e8b465ee728b)  -> (artifact id: '74c48f981795feeb3fb1d5d875c49207') in 0.025390 seconds 
========================================================================
Received Prepare
Registering precompiled user dll's ...
Registered in 0.009031 seconds.
Begin MonoManager ReloadAssembly
Symbol file LoadedFromMemory doesn't match image C:\Users\PC\OneDrive\Documents\GitHub\Complete-C-Unity-Game-Developer-3D\Library\PackageCache\com.unity.visualscripting@1.7.8\Editor\VisualScripting.Core\Dependencies\YamlDotNet\Unity.VisualScripting.YamlDotNet.dll
Symbol file LoadedFromMemory doesn't match image C:\Users\PC\OneDrive\Documents\GitHub\Complete-C-Unity-Game-Developer-3D\Library\PackageCache\com.unity.visualscripting@1.7.8\Editor\VisualScripting.Core\Dependencies\DotNetZip\Unity.VisualScripting.IonicZip.dll
Native extension for UWP target not found
Native extension for WindowsStandalone target not found
Native extension for WebGL target not found
Refreshing native plugins compatible for Editor in 0.88 ms, found 3 plugins.
Preloading 0 native plugins for Editor in 0.00 ms.
Mono: successfully reloaded assembly
- Completed reload, in  1.236 seconds
Domain Reload Profiling:
	ReloadAssembly (1237ms)
		BeginReloadAssembly (228ms)
			ExecutionOrderSort (0ms)
			DisableScriptedObjects (4ms)
			BackupInstance (0ms)
			ReleaseScriptingObjects (0ms)
			CreateAndSetChildDomain (47ms)
		EndReloadAssembly (893ms)
			LoadAssemblies (168ms)
			RebuildTransferFunctionScriptingTraits (0ms)
			SetupTypeCache (280ms)
			ReleaseScriptCaches (1ms)
			RebuildScriptCaches (39ms)
			SetupLoadedEditorAssemblies (442ms)
				LogAssemblyErrors (0ms)
				InitializePlatformSupportModulesInManaged (12ms)
				SetLoadedEditorAssemblies (0ms)
				RefreshPlugins (1ms)
				BeforeProcessingInitializeOnLoad (80ms)
				ProcessInitializeOnLoadAttributes (321ms)
				ProcessInitializeOnLoadMethodAttributes (19ms)
				AfterProcessingInitializeOnLoad (8ms)
				EditorAssembliesLoaded (0ms)
			ExecutionOrderSort2 (0ms)
			AwakeInstancesAfterBackupRestoration (4ms)
Platform modules already initialized, skipping
Refreshing native plugins compatible for Editor in 2.62 ms, found 3 plugins.
Preloading 0 native plugins for Editor in 0.00 ms.
Unloading 4139 Unused Serialized files (Serialized files now loaded: 0)
Unloading 46 unused Assets / (2.8 MB). Loaded Objects now: 4760.
Memory consumption went from 248.9 MB to 246.1 MB.
Total: 4.644700 ms (FindLiveObjects: 0.497400 ms CreateObjectMapping: 0.175000 ms MarkObjects: 3.284200 ms  DeleteObjects: 0.687000 ms)

AssetImportParameters requested are different than current active one (requested -> active):
  custom:video-decoder-ogg-theora: a1e56fd34408186e4bbccfd4996cb3dc -> 
  custom:container-muxer-webm: aa71ff27fc2769a1b78a27578f13a17b -> 
  custom:container-demuxer-webm: 4f35f7cbe854078d1ac9338744f61a02 -> 
  custom:video-encoder-webm-vp8: eb34c28f22e8b96e1ab97ce403110664 -> 
  custom:video-codec-MediaFoundation-h265: 746d11721c4dcdbdad8f713fa42b33f4 -> 
  custom:audio-encoder-webm-vorbis: bf7c407c2cedff20999df2af8eb42d56 -> 
  custom:framework-win-MediaFoundation: 216162199b28c13a410421893ffa2e32 -> 
  custom:container-demuxer-ogg: 62fdf1f143b41e24485cea50d1cbac27 -> 
  custom:video-decoder-webm-vp8: 9c59270c3fd7afecdb556c50c9e8de78 -> 
  custom:audio-decoder-ogg-vorbis: bf7c407c2cedff20999df2af8eb42d56 -> 
========================================================================
Received Import Request.
  Time since last request: 58.917005 seconds.
  path: Assets/Section 5 = Realm Rush/Prefabs/Ballista.prefab
  artifactKey: Guid(8a965e088bae16643aab3d07ccfd5e2e) Importer(815301076,1909f56bfc062723c751e8b465ee728b)
Start importing Assets/Section 5 = Realm Rush/Prefabs/Ballista.prefab using Guid(8a965e088bae16643aab3d07ccfd5e2e) Importer(815301076,1909f56bfc062723c751e8b465ee728b)  -> (artifact id: '177be3613344c59865d8d853ea840f9e') in 0.093181 seconds 
========================================================================
Received Import Request.
  Time since last request: 0.000018 seconds.
  path: Assets/Section 5 = Realm Rush/Prefabs/Turn Road 180.prefab
  artifactKey: Guid(936f38b85178a954a843fc3c328230d5) Importer(815301076,1909f56bfc062723c751e8b465ee728b)
Start importing Assets/Section 5 = Realm Rush/Prefabs/Turn Road 180.prefab using Guid(936f38b85178a954a843fc3c328230d5) Importer(815301076,1909f56bfc062723c751e8b465ee728b)  -> (artifact id: 'b41da4485a04a2d33a8c8c5676d0aef3') in 0.073681 seconds 
========================================================================
Received Import Request.
  Time since last request: 22.513449 seconds.
  path: Assets/Section 5 = Realm Rush/Prefabs/Ballista.prefab
  artifactKey: Guid(8a965e088bae16643aab3d07ccfd5e2e) Importer(815301076,1909f56bfc062723c751e8b465ee728b)
Start importing Assets/Section 5 = Realm Rush/Prefabs/Ballista.prefab using Guid(8a965e088bae16643aab3d07ccfd5e2e) Importer(815301076,1909f56bfc062723c751e8b465ee728b)  -> (artifact id: '728c05c5d28cbef54cf4508d8eccdb01') in 0.047745 seconds 
========================================================================
Received Import Request.
  Time since last request: 0.000017 seconds.
  path: Assets/Section 5 = Realm Rush/Prefabs/Turn Road 180.prefab
  artifactKey: Guid(936f38b85178a954a843fc3c328230d5) Importer(815301076,1909f56bfc062723c751e8b465ee728b)
Start importing Assets/Section 5 = Realm Rush/Prefabs/Turn Road 180.prefab using Guid(936f38b85178a954a843fc3c328230d5) Importer(815301076,1909f56bfc062723c751e8b465ee728b)  -> (artifact id: 'd55d89f69e3aa1a99d7f2c59e19ce983') in 0.033715 seconds 
========================================================================
Received Import Request.
  Time since last request: 14.245788 seconds.
  path: Assets/Section 5 = Realm Rush/Prefabs/Ballista.prefab
  artifactKey: Guid(8a965e088bae16643aab3d07ccfd5e2e) Importer(815301076,1909f56bfc062723c751e8b465ee728b)
Start importing Assets/Section 5 = Realm Rush/Prefabs/Ballista.prefab using Guid(8a965e088bae16643aab3d07ccfd5e2e) Importer(815301076,1909f56bfc062723c751e8b465ee728b)  -> (artifact id: 'b110914e1d6ca5a5c2e656b0397d3688') in 0.012358 seconds 
========================================================================
Received Import Request.
  Time since last request: 0.000016 seconds.
  path: Assets/Section 5 = Realm Rush/Prefabs/Turn Road 90.prefab
  artifactKey: Guid(1d99113e38b1a784bb163a26e30a9ac3) Importer(815301076,1909f56bfc062723c751e8b465ee728b)
Start importing Assets/Section 5 = Realm Rush/Prefabs/Turn Road 90.prefab using Guid(1d99113e38b1a784bb163a26e30a9ac3) Importer(815301076,1909f56bfc062723c751e8b465ee728b)  -> (artifact id: '6723e8c1af6e76d886a58bedc3313626') in 0.022155 seconds 
========================================================================
Received Import Request.
  Time since last request: 0.000011 seconds.
  path: Assets/Section 5 = Realm Rush/Prefabs/Tile.prefab
  artifactKey: Guid(83ca4c24902474b449e3425f55f7a258) Importer(815301076,1909f56bfc062723c751e8b465ee728b)
Start importing Assets/Section 5 = Realm Rush/Prefabs/Tile.prefab using Guid(83ca4c24902474b449e3425f55f7a258) Importer(815301076,1909f56bfc062723c751e8b465ee728b)  -> (artifact id: 'd6b6711770f52068479b38e5ee3a5799') in 0.022998 seconds 
========================================================================
Received Import Request.
  Time since last request: 8.786628 seconds.
  path: Assets/Section 5 = Realm Rush/Prefabs/Ballista.prefab
  artifactKey: Guid(8a965e088bae16643aab3d07ccfd5e2e) Importer(815301076,1909f56bfc062723c751e8b465ee728b)
Start importing Assets/Section 5 = Realm Rush/Prefabs/Ballista.prefab using Guid(8a965e088bae16643aab3d07ccfd5e2e) Importer(815301076,1909f56bfc062723c751e8b465ee728b)  -> (artifact id: 'e3f9739800060fed9aa28e9542afd0ec') in 0.011699 seconds 
========================================================================
Received Import Request.
  Time since last request: 0.000012 seconds.
  path: Assets/Section 5 = Realm Rush/Prefabs/Turn Road 90.prefab
  artifactKey: Guid(1d99113e38b1a784bb163a26e30a9ac3) Importer(815301076,1909f56bfc062723c751e8b465ee728b)
Start importing Assets/Section 5 = Realm Rush/Prefabs/Turn Road 90.prefab using Guid(1d99113e38b1a784bb163a26e30a9ac3) Importer(815301076,1909f56bfc062723c751e8b465ee728b)  -> (artifact id: 'd3bf0fbcedc3de1283efc7f7570fa901') in 0.023515 seconds 
========================================================================
Received Import Request.
  Time since last request: 0.000017 seconds.
  path: Assets/Section 5 = Realm Rush/Prefabs/Tile.prefab
  artifactKey: Guid(83ca4c24902474b449e3425f55f7a258) Importer(815301076,1909f56bfc062723c751e8b465ee728b)
Start importing Assets/Section 5 = Realm Rush/Prefabs/Tile.prefab using Guid(83ca4c24902474b449e3425f55f7a258) Importer(815301076,1909f56bfc062723c751e8b465ee728b)  -> (artifact id: '9d24c3246a130d425dae4a2b23f0ae3c') in 0.022694 seconds 
========================================================================
Received Import Request.
  Time since last request: 28.991380 seconds.
  path: Assets/Section 5 = Realm Rush/Prefabs/Ballista.prefab
  artifactKey: Guid(8a965e088bae16643aab3d07ccfd5e2e) Importer(815301076,1909f56bfc062723c751e8b465ee728b)
Start importing Assets/Section 5 = Realm Rush/Prefabs/Ballista.prefab using Guid(8a965e088bae16643aab3d07ccfd5e2e) Importer(815301076,1909f56bfc062723c751e8b465ee728b)  -> (artifact id: '43bfc87ff2c51f8251cf17f4facd60c0') in 0.023648 seconds 
========================================================================
Received Import Request.
  Time since last request: 0.000019 seconds.
  path: Assets/Section 5 = Realm Rush/Prefabs/Turn Road 90.prefab
  artifactKey: Guid(1d99113e38b1a784bb163a26e30a9ac3) Importer(815301076,1909f56bfc062723c751e8b465ee728b)
Start importing Assets/Section 5 = Realm Rush/Prefabs/Turn Road 90.prefab using Guid(1d99113e38b1a784bb163a26e30a9ac3) Importer(815301076,1909f56bfc062723c751e8b465ee728b)  -> (artifact id: 'bd2355562d3241271f255be1d4ed7c11') in 0.032439 seconds 
========================================================================
Received Import Request.
  Time since last request: 0.000020 seconds.
  path: Assets/Section 5 = Realm Rush/Prefabs/Tile.prefab
  artifactKey: Guid(83ca4c24902474b449e3425f55f7a258) Importer(815301076,1909f56bfc062723c751e8b465ee728b)
Start importing Assets/Section 5 = Realm Rush/Prefabs/Tile.prefab using Guid(83ca4c24902474b449e3425f55f7a258) Importer(815301076,1909f56bfc062723c751e8b465ee728b)  -> (artifact id: '30eca462d8bc4b535827dd6f8981e35d') in 0.029411 seconds 
========================================================================
Received Import Request.
  Time since last request: 21.598256 seconds.
  path: Assets/Section 5 = Realm Rush/Prefabs/Ballista.prefab
  artifactKey: Guid(8a965e088bae16643aab3d07ccfd5e2e) Importer(815301076,1909f56bfc062723c751e8b465ee728b)
Start importing Assets/Section 5 = Realm Rush/Prefabs/Ballista.prefab using Guid(8a965e088bae16643aab3d07ccfd5e2e) Importer(815301076,1909f56bfc062723c751e8b465ee728b)  -> (artifact id: '89d8c398ac966f1b526a0200ac128338') in 0.027537 seconds 
========================================================================
Received Import Request.
  Time since last request: 0.000013 seconds.
  path: Assets/Section 5 = Realm Rush/Prefabs/Turn Road 90.prefab
  artifactKey: Guid(1d99113e38b1a784bb163a26e30a9ac3) Importer(815301076,1909f56bfc062723c751e8b465ee728b)
Start importing Assets/Section 5 = Realm Rush/Prefabs/Turn Road 90.prefab using Guid(1d99113e38b1a784bb163a26e30a9ac3) Importer(815301076,1909f56bfc062723c751e8b465ee728b)  -> (artifact id: 'a1b3b79806c5513dbba93bf6b32faa05') in 0.032622 seconds 
========================================================================
Received Import Request.
  Time since last request: 0.000013 seconds.
  path: Assets/Section 5 = Realm Rush/Prefabs/Tile.prefab
  artifactKey: Guid(83ca4c24902474b449e3425f55f7a258) Importer(815301076,1909f56bfc062723c751e8b465ee728b)
Start importing Assets/Section 5 = Realm Rush/Prefabs/Tile.prefab using Guid(83ca4c24902474b449e3425f55f7a258) Importer(815301076,1909f56bfc062723c751e8b465ee728b)  -> (artifact id: '8fa3ae9e1dca38fe90178ae7f80e3fd7') in 0.027528 seconds 
========================================================================
Received Import Request.
  Time since last request: 5.538980 seconds.
  path: Assets/Section 5 = Realm Rush/Prefabs/Ballista.prefab
  artifactKey: Guid(8a965e088bae16643aab3d07ccfd5e2e) Importer(815301076,1909f56bfc062723c751e8b465ee728b)
Start importing Assets/Section 5 = Realm Rush/Prefabs/Ballista.prefab using Guid(8a965e088bae16643aab3d07ccfd5e2e) Importer(815301076,1909f56bfc062723c751e8b465ee728b)  -> (artifact id: 'b212afa2e7079c1c3a10ec0423ceff0f') in 0.011135 seconds 
========================================================================
Received Import Request.
  Time since last request: 0.000015 seconds.
  path: Assets/Section 5 = Realm Rush/Prefabs/Turn Road 90.prefab
  artifactKey: Guid(1d99113e38b1a784bb163a26e30a9ac3) Importer(815301076,1909f56bfc062723c751e8b465ee728b)
Start importing Assets/Section 5 = Realm Rush/Prefabs/Turn Road 90.prefab using Guid(1d99113e38b1a784bb163a26e30a9ac3) Importer(815301076,1909f56bfc062723c751e8b465ee728b)  -> (artifact id: 'ad18c193509847412959700882d87dad') in 0.022583 seconds 
========================================================================
Received Import Request.
  Time since last request: 0.000013 seconds.
  path: Assets/Section 5 = Realm Rush/Prefabs/Tile.prefab
  artifactKey: Guid(83ca4c24902474b449e3425f55f7a258) Importer(815301076,1909f56bfc062723c751e8b465ee728b)
Start importing Assets/Section 5 = Realm Rush/Prefabs/Tile.prefab using Guid(83ca4c24902474b449e3425f55f7a258) Importer(815301076,1909f56bfc062723c751e8b465ee728b)  -> (artifact id: 'f1f7f037b6b04b28bdcdf1b744cb31eb') in 0.020714 seconds 
========================================================================
Received Import Request.
  Time since last request: 1.139577 seconds.
  path: Assets/Section 5 = Realm Rush/Prefabs/Ballista.prefab
  artifactKey: Guid(8a965e088bae16643aab3d07ccfd5e2e) Importer(815301076,1909f56bfc062723c751e8b465ee728b)
Start importing Assets/Section 5 = Realm Rush/Prefabs/Ballista.prefab using Guid(8a965e088bae16643aab3d07ccfd5e2e) Importer(815301076,1909f56bfc062723c751e8b465ee728b)  -> (artifact id: 'be96745c1483f70f5c64b5893ccb3d1d') in 0.010204 seconds 
========================================================================
Received Import Request.
  Time since last request: 0.000012 seconds.
  path: Assets/Section 5 = Realm Rush/Prefabs/Turn Road 90.prefab
  artifactKey: Guid(1d99113e38b1a784bb163a26e30a9ac3) Importer(815301076,1909f56bfc062723c751e8b465ee728b)
Start importing Assets/Section 5 = Realm Rush/Prefabs/Turn Road 90.prefab using Guid(1d99113e38b1a784bb163a26e30a9ac3) Importer(815301076,1909f56bfc062723c751e8b465ee728b)  -> (artifact id: '44680dbd4bc882b6c4b05d5b1d8aa570') in 0.021605 seconds 
========================================================================
Received Import Request.
  Time since last request: 0.000015 seconds.
  path: Assets/Section 5 = Realm Rush/Prefabs/Tile.prefab
  artifactKey: Guid(83ca4c24902474b449e3425f55f7a258) Importer(815301076,1909f56bfc062723c751e8b465ee728b)
Start importing Assets/Section 5 = Realm Rush/Prefabs/Tile.prefab using Guid(83ca4c24902474b449e3425f55f7a258) Importer(815301076,1909f56bfc062723c751e8b465ee728b)  -> (artifact id: 'd4e1c6fcf270a8c2920c36c647ded954') in 0.022509 seconds 
========================================================================
Received Import Request.
  Time since last request: 12.443351 seconds.
  path: Assets/Section 5 = Realm Rush/Prefabs/Ballista.prefab
  artifactKey: Guid(8a965e088bae16643aab3d07ccfd5e2e) Importer(815301076,1909f56bfc062723c751e8b465ee728b)
Start importing Assets/Section 5 = Realm Rush/Prefabs/Ballista.prefab using Guid(8a965e088bae16643aab3d07ccfd5e2e) Importer(815301076,1909f56bfc062723c751e8b465ee728b)  -> (artifact id: 'e0336033abecf1bb197ee5ab77b90c1d') in 0.016250 seconds 
========================================================================
Received Import Request.
  Time since last request: 0.000014 seconds.
  path: Assets/Section 5 = Realm Rush/Prefabs/Turn Road 90.prefab
  artifactKey: Guid(1d99113e38b1a784bb163a26e30a9ac3) Importer(815301076,1909f56bfc062723c751e8b465ee728b)
Start importing Assets/Section 5 = Realm Rush/Prefabs/Turn Road 90.prefab using Guid(1d99113e38b1a784bb163a26e30a9ac3) Importer(815301076,1909f56bfc062723c751e8b465ee728b)  -> (artifact id: 'd460dd2db9f3933511a4ae25d4a8882e') in 0.026670 seconds 
========================================================================
Received Import Request.
  Time since last request: 0.000013 seconds.
  path: Assets/Section 5 = Realm Rush/Prefabs/Tile.prefab
  artifactKey: Guid(83ca4c24902474b449e3425f55f7a258) Importer(815301076,1909f56bfc062723c751e8b465ee728b)
Start importing Assets/Section 5 = Realm Rush/Prefabs/Tile.prefab using Guid(83ca4c24902474b449e3425f55f7a258) Importer(815301076,1909f56bfc062723c751e8b465ee728b)  -> (artifact id: '4accc9cded5f8b547be55de4d28c8969') in 0.022776 seconds 
========================================================================
Received Import Request.
  Time since last request: 4.365417 seconds.
  path: Assets/Section 5 = Realm Rush/Prefabs/Ballista.prefab
  artifactKey: Guid(8a965e088bae16643aab3d07ccfd5e2e) Importer(815301076,1909f56bfc062723c751e8b465ee728b)
Start importing Assets/Section 5 = Realm Rush/Prefabs/Ballista.prefab using Guid(8a965e088bae16643aab3d07ccfd5e2e) Importer(815301076,1909f56bfc062723c751e8b465ee728b)  -> (artifact id: 'c540c1d697eb2f94210a598d46f9bfcd') in 0.013064 seconds 
========================================================================
Received Import Request.
  Time since last request: 0.000014 seconds.
  path: Assets/Section 5 = Realm Rush/Prefabs/Turn Road 90.prefab
  artifactKey: Guid(1d99113e38b1a784bb163a26e30a9ac3) Importer(815301076,1909f56bfc062723c751e8b465ee728b)
Start importing Assets/Section 5 = Realm Rush/Prefabs/Turn Road 90.prefab using Guid(1d99113e38b1a784bb163a26e30a9ac3) Importer(815301076,1909f56bfc062723c751e8b465ee728b)  -> (artifact id: 'd1ddba5720fc6e5306fd42fb69d72ced') in 0.023529 seconds 
========================================================================
Received Import Request.
  Time since last request: 0.000013 seconds.
  path: Assets/Section 5 = Realm Rush/Prefabs/Tile.prefab
  artifactKey: Guid(83ca4c24902474b449e3425f55f7a258) Importer(815301076,1909f56bfc062723c751e8b465ee728b)
Start importing Assets/Section 5 = Realm Rush/Prefabs/Tile.prefab using Guid(83ca4c24902474b449e3425f55f7a258) Importer(815301076,1909f56bfc062723c751e8b465ee728b)  -> (artifact id: '5e1ce7ba24d333b51087e761ec784651') in 0.022659 seconds 
========================================================================
Received Import Request.
  Time since last request: 6.768096 seconds.
  path: Assets/Section 5 = Realm Rush/Prefabs/Ballista.prefab
  artifactKey: Guid(8a965e088bae16643aab3d07ccfd5e2e) Importer(815301076,1909f56bfc062723c751e8b465ee728b)
Start importing Assets/Section 5 = Realm Rush/Prefabs/Ballista.prefab using Guid(8a965e088bae16643aab3d07ccfd5e2e) Importer(815301076,1909f56bfc062723c751e8b465ee728b)  -> (artifact id: '8ff3d3ba87d925ef18b104ba3f79a646') in 0.009812 seconds 
========================================================================
Received Import Request.
  Time since last request: 0.000012 seconds.
  path: Assets/Section 5 = Realm Rush/Prefabs/Turn Road 90.prefab
  artifactKey: Guid(1d99113e38b1a784bb163a26e30a9ac3) Importer(815301076,1909f56bfc062723c751e8b465ee728b)
Start importing Assets/Section 5 = Realm Rush/Prefabs/Turn Road 90.prefab using Guid(1d99113e38b1a784bb163a26e30a9ac3) Importer(815301076,1909f56bfc062723c751e8b465ee728b)  -> (artifact id: 'eb1be6dd173589ccd4176449aa3e750c') in 0.024842 seconds 
========================================================================
Received Import Request.
  Time since last request: 0.000013 seconds.
  path: Assets/Section 5 = Realm Rush/Prefabs/Tile.prefab
  artifactKey: Guid(83ca4c24902474b449e3425f55f7a258) Importer(815301076,1909f56bfc062723c751e8b465ee728b)
Start importing Assets/Section 5 = Realm Rush/Prefabs/Tile.prefab using Guid(83ca4c24902474b449e3425f55f7a258) Importer(815301076,1909f56bfc062723c751e8b465ee728b)  -> (artifact id: '33bcf6409548d57cb18e3a6fcd245d8d') in 0.020339 seconds 
========================================================================
Received Import Request.
  Time since last request: 3.156446 seconds.
  path: Assets/Section 5 = Realm Rush/Prefabs/Ballista.prefab
  artifactKey: Guid(8a965e088bae16643aab3d07ccfd5e2e) Importer(815301076,1909f56bfc062723c751e8b465ee728b)
Start importing Assets/Section 5 = Realm Rush/Prefabs/Ballista.prefab using Guid(8a965e088bae16643aab3d07ccfd5e2e) Importer(815301076,1909f56bfc062723c751e8b465ee728b)  -> (artifact id: 'df73e0e5d73b43c26fef7215506b1305') in 0.022916 seconds 
========================================================================
Received Import Request.
  Time since last request: 0.000013 seconds.
  path: Assets/Section 5 = Realm Rush/Prefabs/Turn Road 90.prefab
  artifactKey: Guid(1d99113e38b1a784bb163a26e30a9ac3) Importer(815301076,1909f56bfc062723c751e8b465ee728b)
Start importing Assets/Section 5 = Realm Rush/Prefabs/Turn Road 90.prefab using Guid(1d99113e38b1a784bb163a26e30a9ac3) Importer(815301076,1909f56bfc062723c751e8b465ee728b)  -> (artifact id: 'f9301f76a5348cd541931f49b3033e5b') in 0.045713 seconds 
========================================================================
Received Import Request.
  Time since last request: 0.000020 seconds.
  path: Assets/Section 5 = Realm Rush/Prefabs/Turn Road -90.prefab
  artifactKey: Guid(554d8c432cbc36944a879dca93e287a2) Importer(815301076,1909f56bfc062723c751e8b465ee728b)
Start importing Assets/Section 5 = Realm Rush/Prefabs/Turn Road -90.prefab using Guid(554d8c432cbc36944a879dca93e287a2) Importer(815301076,1909f56bfc062723c751e8b465ee728b)  -> (artifact id: '084fd767b654663f2eac64664e653ac5') in 0.021534 seconds 
========================================================================
Received Import Request.
  Time since last request: 1.761943 seconds.
  path: Assets/Section 5 = Realm Rush/Prefabs/Ballista.prefab
  artifactKey: Guid(8a965e088bae16643aab3d07ccfd5e2e) Importer(815301076,1909f56bfc062723c751e8b465ee728b)
Start importing Assets/Section 5 = Realm Rush/Prefabs/Ballista.prefab using Guid(8a965e088bae16643aab3d07ccfd5e2e) Importer(815301076,1909f56bfc062723c751e8b465ee728b)  -> (artifact id: '4acc9e4824bb1da24514802ca1de8a77') in 0.009513 seconds 
========================================================================
Received Import Request.
  Time since last request: 0.000012 seconds.
  path: Assets/Section 5 = Realm Rush/Prefabs/Turn Road 90.prefab
  artifactKey: Guid(1d99113e38b1a784bb163a26e30a9ac3) Importer(815301076,1909f56bfc062723c751e8b465ee728b)
Start importing Assets/Section 5 = Realm Rush/Prefabs/Turn Road 90.prefab using Guid(1d99113e38b1a784bb163a26e30a9ac3) Importer(815301076,1909f56bfc062723c751e8b465ee728b)  -> (artifact id: 'cd275942da48aee093e9a84e75d562c6') in 0.022493 seconds 
========================================================================
Received Import Request.
  Time since last request: 0.000012 seconds.
  path: Assets/Section 5 = Realm Rush/Prefabs/Tile.prefab
  artifactKey: Guid(83ca4c24902474b449e3425f55f7a258) Importer(815301076,1909f56bfc062723c751e8b465ee728b)
Start importing Assets/Section 5 = Realm Rush/Prefabs/Tile.prefab using Guid(83ca4c24902474b449e3425f55f7a258) Importer(815301076,1909f56bfc062723c751e8b465ee728b)  -> (artifact id: '680aee4a671450c37c53b531c7b887eb') in 0.021385 seconds 
========================================================================
Received Import Request.
  Time since last request: 6.744325 seconds.
  path: Assets/Section 5 = Realm Rush/Prefabs/Ballista.prefab
  artifactKey: Guid(8a965e088bae16643aab3d07ccfd5e2e) Importer(815301076,1909f56bfc062723c751e8b465ee728b)
Start importing Assets/Section 5 = Realm Rush/Prefabs/Ballista.prefab using Guid(8a965e088bae16643aab3d07ccfd5e2e) Importer(815301076,1909f56bfc062723c751e8b465ee728b)  -> (artifact id: 'f6c8c75113454af002685b2102c3a351') in 0.014854 seconds 
========================================================================
Received Import Request.
  Time since last request: 0.000013 seconds.
  path: Assets/Section 5 = Realm Rush/Prefabs/Turn Road 90.prefab
  artifactKey: Guid(1d99113e38b1a784bb163a26e30a9ac3) Importer(815301076,1909f56bfc062723c751e8b465ee728b)
Start importing Assets/Section 5 = Realm Rush/Prefabs/Turn Road 90.prefab using Guid(1d99113e38b1a784bb163a26e30a9ac3) Importer(815301076,1909f56bfc062723c751e8b465ee728b)  -> (artifact id: '08e37646b9e1373e00122559efe82840') in 0.023255 seconds 
========================================================================
Received Import Request.
  Time since last request: 0.000012 seconds.
  path: Assets/Section 5 = Realm Rush/Prefabs/Tile.prefab
  artifactKey: Guid(83ca4c24902474b449e3425f55f7a258) Importer(815301076,1909f56bfc062723c751e8b465ee728b)
Start importing Assets/Section 5 = Realm Rush/Prefabs/Tile.prefab using Guid(83ca4c24902474b449e3425f55f7a258) Importer(815301076,1909f56bfc062723c751e8b465ee728b)  -> (artifact id: '0e426618a552901a5ed287ffac936480') in 0.023347 seconds 
========================================================================
Received Import Request.
  Time since last request: 5.997659 seconds.
  path: Assets/Section 5 = Realm Rush/Prefabs/Ballista.prefab
  artifactKey: Guid(8a965e088bae16643aab3d07ccfd5e2e) Importer(815301076,1909f56bfc062723c751e8b465ee728b)
Start importing Assets/Section 5 = Realm Rush/Prefabs/Ballista.prefab using Guid(8a965e088bae16643aab3d07ccfd5e2e) Importer(815301076,1909f56bfc062723c751e8b465ee728b)  -> (artifact id: '3ecd8db477dfb726e655e6d5666279c1') in 0.013767 seconds 
========================================================================
Received Import Request.
  Time since last request: 0.000026 seconds.
  path: Assets/Section 5 = Realm Rush/Prefabs/Turn Road 90.prefab
  artifactKey: Guid(1d99113e38b1a784bb163a26e30a9ac3) Importer(815301076,1909f56bfc062723c751e8b465ee728b)
Start importing Assets/Section 5 = Realm Rush/Prefabs/Turn Road 90.prefab using Guid(1d99113e38b1a784bb163a26e30a9ac3) Importer(815301076,1909f56bfc062723c751e8b465ee728b)  -> (artifact id: '258cf459ab3f1104797f482dcce3a4fd') in 0.027742 seconds 
========================================================================
Received Import Request.
  Time since last request: 0.000013 seconds.
  path: Assets/Section 5 = Realm Rush/Prefabs/Tile.prefab
  artifactKey: Guid(83ca4c24902474b449e3425f55f7a258) Importer(815301076,1909f56bfc062723c751e8b465ee728b)
Start importing Assets/Section 5 = Realm Rush/Prefabs/Tile.prefab using Guid(83ca4c24902474b449e3425f55f7a258) Importer(815301076,1909f56bfc062723c751e8b465ee728b)  -> (artifact id: '8ed283224abe6f74d25d3bc2d65f9df9') in 0.023580 seconds 
========================================================================
Received Import Request.
  Time since last request: 0.512063 seconds.
  path: Assets/Section 5 = Realm Rush/Prefabs/Ballista.prefab
  artifactKey: Guid(8a965e088bae16643aab3d07ccfd5e2e) Importer(815301076,1909f56bfc062723c751e8b465ee728b)
Start importing Assets/Section 5 = Realm Rush/Prefabs/Ballista.prefab using Guid(8a965e088bae16643aab3d07ccfd5e2e) Importer(815301076,1909f56bfc062723c751e8b465ee728b)  -> (artifact id: '45a97321f96ed2d467f46dba207d5d56') in 0.013772 seconds 
========================================================================
Received Import Request.
  Time since last request: 0.000023 seconds.
  path: Assets/Section 5 = Realm Rush/Prefabs/Turn Road 90.prefab
  artifactKey: Guid(1d99113e38b1a784bb163a26e30a9ac3) Importer(815301076,1909f56bfc062723c751e8b465ee728b)
Start importing Assets/Section 5 = Realm Rush/Prefabs/Turn Road 90.prefab using Guid(1d99113e38b1a784bb163a26e30a9ac3) Importer(815301076,1909f56bfc062723c751e8b465ee728b)  -> (artifact id: 'f4860892adeeb2b15e5214eba0ef7b73') in 0.033250 seconds 
========================================================================
Received Import Request.
  Time since last request: 0.000020 seconds.
  path: Assets/Section 5 = Realm Rush/Prefabs/Tile.prefab
  artifactKey: Guid(83ca4c24902474b449e3425f55f7a258) Importer(815301076,1909f56bfc062723c751e8b465ee728b)
Start importing Assets/Section 5 = Realm Rush/Prefabs/Tile.prefab using Guid(83ca4c24902474b449e3425f55f7a258) Importer(815301076,1909f56bfc062723c751e8b465ee728b)  -> (artifact id: '21ad51f57bc4028a0bca73992b717468') in 0.023319 seconds 
========================================================================
Received Import Request.
  Time since last request: 1.519621 seconds.
  path: Assets/Section 5 = Realm Rush/Prefabs/Ballista.prefab
  artifactKey: Guid(8a965e088bae16643aab3d07ccfd5e2e) Importer(815301076,1909f56bfc062723c751e8b465ee728b)
Start importing Assets/Section 5 = Realm Rush/Prefabs/Ballista.prefab using Guid(8a965e088bae16643aab3d07ccfd5e2e) Importer(815301076,1909f56bfc062723c751e8b465ee728b)  -> (artifact id: 'aa880f3aae0913ddaffae401817267c2') in 0.010758 seconds 
========================================================================
Received Import Request.
  Time since last request: 0.000011 seconds.
  path: Assets/Section 5 = Realm Rush/Prefabs/Turn Road 90.prefab
  artifactKey: Guid(1d99113e38b1a784bb163a26e30a9ac3) Importer(815301076,1909f56bfc062723c751e8b465ee728b)
Start importing Assets/Section 5 = Realm Rush/Prefabs/Turn Road 90.prefab using Guid(1d99113e38b1a784bb163a26e30a9ac3) Importer(815301076,1909f56bfc062723c751e8b465ee728b)  -> (artifact id: '32c8efa2e72fdb8db887d0fce7bd684c') in 0.021975 seconds 
========================================================================
Received Import Request.
  Time since last request: 0.000011 seconds.
  path: Assets/Section 5 = Realm Rush/Prefabs/Tile.prefab
  artifactKey: Guid(83ca4c24902474b449e3425f55f7a258) Importer(815301076,1909f56bfc062723c751e8b465ee728b)
Start importing Assets/Section 5 = Realm Rush/Prefabs/Tile.prefab using Guid(83ca4c24902474b449e3425f55f7a258) Importer(815301076,1909f56bfc062723c751e8b465ee728b)  -> (artifact id: '0635d0ca9ece88f935b146cddba8187d') in 0.023396 seconds 
========================================================================
Received Import Request.
  Time since last request: 7.796892 seconds.
  path: Assets/Section 5 = Realm Rush/Prefabs/Ballista.prefab
  artifactKey: Guid(8a965e088bae16643aab3d07ccfd5e2e) Importer(815301076,1909f56bfc062723c751e8b465ee728b)
Start importing Assets/Section 5 = Realm Rush/Prefabs/Ballista.prefab using Guid(8a965e088bae16643aab3d07ccfd5e2e) Importer(815301076,1909f56bfc062723c751e8b465ee728b)  -> (artifact id: '12d347a54604ba6b9cc3d382e8c42838') in 0.018945 seconds 
========================================================================
Received Import Request.
  Time since last request: 0.000013 seconds.
  path: Assets/Section 5 = Realm Rush/Prefabs/Turn Road 90.prefab
  artifactKey: Guid(1d99113e38b1a784bb163a26e30a9ac3) Importer(815301076,1909f56bfc062723c751e8b465ee728b)
Start importing Assets/Section 5 = Realm Rush/Prefabs/Turn Road 90.prefab using Guid(1d99113e38b1a784bb163a26e30a9ac3) Importer(815301076,1909f56bfc062723c751e8b465ee728b)  -> (artifact id: '644022e98aeab9b9fe639928528ef4e9') in 0.041689 seconds 
========================================================================
Received Import Request.
  Time since last request: 0.000016 seconds.
  path: Assets/Section 5 = Realm Rush/Prefabs/Turn Road -90.prefab
  artifactKey: Guid(554d8c432cbc36944a879dca93e287a2) Importer(815301076,1909f56bfc062723c751e8b465ee728b)
Start importing Assets/Section 5 = Realm Rush/Prefabs/Turn Road -90.prefab using Guid(554d8c432cbc36944a879dca93e287a2) Importer(815301076,1909f56bfc062723c751e8b465ee728b)  -> (artifact id: 'e8d2dcc7ce9439c392de022c23b2550a') in 0.021241 seconds 
========================================================================
Received Import Request.
  Time since last request: 6.777555 seconds.
  path: Assets/Section 5 = Realm Rush/Prefabs/Ballista.prefab
  artifactKey: Guid(8a965e088bae16643aab3d07ccfd5e2e) Importer(815301076,1909f56bfc062723c751e8b465ee728b)
Start importing Assets/Section 5 = Realm Rush/Prefabs/Ballista.prefab using Guid(8a965e088bae16643aab3d07ccfd5e2e) Importer(815301076,1909f56bfc062723c751e8b465ee728b)  -> (artifact id: 'e885c37c320e7e15772d20c778efc42b') in 0.021363 seconds 
========================================================================
Received Import Request.
  Time since last request: 0.000011 seconds.
  path: Assets/Section 5 = Realm Rush/Prefabs/Turn Road 90.prefab
  artifactKey: Guid(1d99113e38b1a784bb163a26e30a9ac3) Importer(815301076,1909f56bfc062723c751e8b465ee728b)
Start importing Assets/Section 5 = Realm Rush/Prefabs/Turn Road 90.prefab using Guid(1d99113e38b1a784bb163a26e30a9ac3) Importer(815301076,1909f56bfc062723c751e8b465ee728b)  -> (artifact id: '264490358a53149b49548fb82cfa1f85') in 0.033538 seconds 
========================================================================
Received Import Request.
  Time since last request: 0.000012 seconds.
  path: Assets/Section 5 = Realm Rush/Prefabs/Tile.prefab
  artifactKey: Guid(83ca4c24902474b449e3425f55f7a258) Importer(815301076,1909f56bfc062723c751e8b465ee728b)
Start importing Assets/Section 5 = Realm Rush/Prefabs/Tile.prefab using Guid(83ca4c24902474b449e3425f55f7a258) Importer(815301076,1909f56bfc062723c751e8b465ee728b)  -> (artifact id: 'a864ee8ef5dd779ae91961efbdb1e24e') in 0.022830 seconds 
========================================================================
Received Import Request.
  Time since last request: 8.976498 seconds.
  path: Assets/Section 5 = Realm Rush/Prefabs/Ballista.prefab
  artifactKey: Guid(8a965e088bae16643aab3d07ccfd5e2e) Importer(815301076,1909f56bfc062723c751e8b465ee728b)
Start importing Assets/Section 5 = Realm Rush/Prefabs/Ballista.prefab using Guid(8a965e088bae16643aab3d07ccfd5e2e) Importer(815301076,1909f56bfc062723c751e8b465ee728b)  -> (artifact id: 'f1064e8d47adf50d4c5c25a580638454') in 0.011865 seconds 
========================================================================
Received Import Request.
  Time since last request: 0.000012 seconds.
  path: Assets/Section 5 = Realm Rush/Prefabs/Turn Road 90.prefab
  artifactKey: Guid(1d99113e38b1a784bb163a26e30a9ac3) Importer(815301076,1909f56bfc062723c751e8b465ee728b)
Start importing Assets/Section 5 = Realm Rush/Prefabs/Turn Road 90.prefab using Guid(1d99113e38b1a784bb163a26e30a9ac3) Importer(815301076,1909f56bfc062723c751e8b465ee728b)  -> (artifact id: '219e4e96009e2cca9a9eab259908f3d2') in 0.026676 seconds 
========================================================================
Received Import Request.
  Time since last request: 0.000013 seconds.
  path: Assets/Section 5 = Realm Rush/Prefabs/Tile.prefab
  artifactKey: Guid(83ca4c24902474b449e3425f55f7a258) Importer(815301076,1909f56bfc062723c751e8b465ee728b)
Start importing Assets/Section 5 = Realm Rush/Prefabs/Tile.prefab using Guid(83ca4c24902474b449e3425f55f7a258) Importer(815301076,1909f56bfc062723c751e8b465ee728b)  -> (artifact id: '82efe72d7d112fa9349b29de36142475') in 0.019598 seconds 
========================================================================
Received Import Request.
  Time since last request: 2.313215 seconds.
  path: Assets/Section 5 = Realm Rush/Prefabs/Ballista.prefab
  artifactKey: Guid(8a965e088bae16643aab3d07ccfd5e2e) Importer(815301076,1909f56bfc062723c751e8b465ee728b)
Start importing Assets/Section 5 = Realm Rush/Prefabs/Ballista.prefab using Guid(8a965e088bae16643aab3d07ccfd5e2e) Importer(815301076,1909f56bfc062723c751e8b465ee728b)  -> (artifact id: '386a1abed8c07a5fb8160cd368694889') in 0.015547 seconds 
========================================================================
Received Import Request.
  Time since last request: 0.000016 seconds.
  path: Assets/Section 5 = Realm Rush/Prefabs/Turn Road 90.prefab
  artifactKey: Guid(1d99113e38b1a784bb163a26e30a9ac3) Importer(815301076,1909f56bfc062723c751e8b465ee728b)
Start importing Assets/Section 5 = Realm Rush/Prefabs/Turn Road 90.prefab using Guid(1d99113e38b1a784bb163a26e30a9ac3) Importer(815301076,1909f56bfc062723c751e8b465ee728b)  -> (artifact id: '87390550fe9db3652ab3e8132e619bf2') in 0.023341 seconds 
========================================================================
Received Import Request.
  Time since last request: 0.000011 seconds.
  path: Assets/Section 5 = Realm Rush/Prefabs/Tile.prefab
  artifactKey: Guid(83ca4c24902474b449e3425f55f7a258) Importer(815301076,1909f56bfc062723c751e8b465ee728b)
Start importing Assets/Section 5 = Realm Rush/Prefabs/Tile.prefab using Guid(83ca4c24902474b449e3425f55f7a258) Importer(815301076,1909f56bfc062723c751e8b465ee728b)  -> (artifact id: 'a2ac514b6d41a57e57bc3168f44166ab') in 0.023056 seconds 
Editor requested this worker to shutdown with reason: Scaling down because of idle timeout
AssetImportWorker is now disconnected from the server
Process exiting
Exiting without the bug reporter. Application will terminate with return code 0