Using pre-set license
Built from '2021.3/staging' branch; Version is '2021.3.4f1 (cb45f9cae8b7) revision 13321721'; Using compiler version '192829333'; Build Type 'Release'
OS: 'Windows 11  (10.0.26100) 64bit Professional' Language: 'en' Physical Memory: 31887 MB
BatchMode: 1, IsHumanControllingUs: 0, StartBugReporterOnCrash: 0, Is64bit: 1, IsPro: 1

COMMAND LINE ARGUMENTS:
C:\Program Files\Unity\Hub\Editor\2021.3.4f1\Editor\Unity.exe
-adb2
-batchMode
-noUpm
-name
AssetImportWorker10
-projectPath
C:/Users/PC/OneDrive/Documents/GitHub/Complete-C-Unity-Game-Developer-3D
-logFile
Logs/AssetImportWorker10.log
-srvPort
62565
Successfully changed project path to: C:/Users/PC/OneDrive/Documents/GitHub/Complete-C-Unity-Game-Developer-3D
C:/Users/PC/OneDrive/Documents/GitHub/Complete-C-Unity-Game-Developer-3D
[UnityMemory] Configuration Parameters - Can be set up in boot.config
    "memorysetup-bucket-allocator-granularity=16"
    "memorysetup-bucket-allocator-bucket-count=8"
    "memorysetup-bucket-allocator-block-size=33554432"
    "memorysetup-bucket-allocator-block-count=8"
    "memorysetup-main-allocator-block-size=16777216"
    "memorysetup-thread-allocator-block-size=16777216"
    "memorysetup-gfx-main-allocator-block-size=16777216"
    "memorysetup-gfx-thread-allocator-block-size=16777216"
    "memorysetup-cache-allocator-block-size=4194304"
    "memorysetup-typetree-allocator-block-size=2097152"
    "memorysetup-profiler-bucket-allocator-granularity=16"
    "memorysetup-profiler-bucket-allocator-bucket-count=8"
    "memorysetup-profiler-bucket-allocator-block-size=33554432"
    "memorysetup-profiler-bucket-allocator-block-count=8"
    "memorysetup-profiler-allocator-block-size=16777216"
    "memorysetup-profiler-editor-allocator-block-size=1048576"
    "memorysetup-temp-allocator-size-main=16777216"
    "memorysetup-job-temp-allocator-block-size=2097152"
    "memorysetup-job-temp-allocator-block-size-background=1048576"
    "memorysetup-job-temp-allocator-reduction-small-platforms=262144"
    "memorysetup-temp-allocator-size-background-worker=32768"
    "memorysetup-temp-allocator-size-job-worker=262144"
    "memorysetup-temp-allocator-size-preload-manager=33554432"
    "memorysetup-temp-allocator-size-nav-mesh-worker=65536"
    "memorysetup-temp-allocator-size-audio-worker=65536"
    "memorysetup-temp-allocator-size-cloud-worker=32768"
    "memorysetup-temp-allocator-size-gi-baking-worker=262144"
    "memorysetup-temp-allocator-size-gfx=262144"
Refreshing native plugins compatible for Editor in 71.61 ms, found 3 plugins.
Preloading 0 native plugins for Editor in 0.00 ms.
Initialize engine version: 2021.3.4f1 (cb45f9cae8b7)
[Subsystems] Discovering subsystems at path C:/Program Files/Unity/Hub/Editor/2021.3.4f1/Editor/Data/Resources/UnitySubsystems
[Subsystems] Discovering subsystems at path C:/Users/PC/OneDrive/Documents/GitHub/Complete-C-Unity-Game-Developer-3D/Assets
GfxDevice: creating device client; threaded=0; jobified=0
Direct3D:
    Version:  Direct3D 11.0 [level 11.1]
    Renderer: NVIDIA GeForce RTX 4060 (ID=0x2882)
    Vendor:   NVIDIA
    VRAM:     7957 MB
    Driver:   32.0.15.7602
Initialize mono
Mono path[0] = 'C:/Program Files/Unity/Hub/Editor/2021.3.4f1/Editor/Data/Managed'
Mono path[1] = 'C:/Program Files/Unity/Hub/Editor/2021.3.4f1/Editor/Data/MonoBleedingEdge/lib/mono/unityjit-win32'
Mono config path = 'C:/Program Files/Unity/Hub/Editor/2021.3.4f1/Editor/Data/MonoBleedingEdge/etc'
Using monoOptions --debugger-agent=transport=dt_socket,embedding=1,server=y,suspend=n,address=127.0.0.1:56028
Begin MonoManager ReloadAssembly
Registering precompiled unity dll's ...
Register platform support module: C:/Program Files/Unity/Hub/Editor/2021.3.4f1/Editor/Data/PlaybackEngines/WebGLSupport/UnityEditor.WebGL.Extensions.dll
Register platform support module: C:/Program Files/Unity/Hub/Editor/2021.3.4f1/Editor/Data/PlaybackEngines/WindowsStandaloneSupport/UnityEditor.WindowsStandalone.Extensions.dll
Register platform support module: C:/Program Files/Unity/Hub/Editor/2021.3.4f1/Editor/Data/PlaybackEngines/MetroSupport/UnityEditor.UWP.Extensions.dll
Registered in 0.004855 seconds.
Native extension for UWP target not found
Native extension for WindowsStandalone target not found
Native extension for WebGL target not found
Refreshing native plugins compatible for Editor in 77.30 ms, found 3 plugins.
Preloading 0 native plugins for Editor in 0.00 ms.
Mono: successfully reloaded assembly
- Completed reload, in  0.428 seconds
Domain Reload Profiling:
	ReloadAssembly (428ms)
		BeginReloadAssembly (51ms)
			ExecutionOrderSort (0ms)
			DisableScriptedObjects (0ms)
			BackupInstance (0ms)
			ReleaseScriptingObjects (0ms)
			CreateAndSetChildDomain (0ms)
		EndReloadAssembly (307ms)
			LoadAssemblies (50ms)
			RebuildTransferFunctionScriptingTraits (0ms)
			SetupTypeCache (64ms)
			ReleaseScriptCaches (0ms)
			RebuildScriptCaches (17ms)
			SetupLoadedEditorAssemblies (195ms)
				LogAssemblyErrors (0ms)
				InitializePlatformSupportModulesInManaged (6ms)
				SetLoadedEditorAssemblies (0ms)
				RefreshPlugins (77ms)
				BeforeProcessingInitializeOnLoad (1ms)
				ProcessInitializeOnLoadAttributes (83ms)
				ProcessInitializeOnLoadMethodAttributes (27ms)
				AfterProcessingInitializeOnLoad (0ms)
				EditorAssembliesLoaded (0ms)
			ExecutionOrderSort2 (0ms)
			AwakeInstancesAfterBackupRestoration (0ms)
Platform modules already initialized, skipping
Registering precompiled user dll's ...
Registered in 0.004987 seconds.
Begin MonoManager ReloadAssembly
Symbol file LoadedFromMemory doesn't match image C:\Users\PC\OneDrive\Documents\GitHub\Complete-C-Unity-Game-Developer-3D\Library\PackageCache\com.unity.visualscripting@1.7.8\Editor\VisualScripting.Core\Dependencies\YamlDotNet\Unity.VisualScripting.YamlDotNet.dll
Symbol file LoadedFromMemory doesn't match image C:\Users\PC\OneDrive\Documents\GitHub\Complete-C-Unity-Game-Developer-3D\Library\PackageCache\com.unity.visualscripting@1.7.8\Editor\VisualScripting.Core\Dependencies\DotNetZip\Unity.VisualScripting.IonicZip.dll
Native extension for UWP target not found
Native extension for WindowsStandalone target not found
Native extension for WebGL target not found
Refreshing native plugins compatible for Editor in 75.84 ms, found 3 plugins.
Preloading 0 native plugins for Editor in 0.00 ms.
Mono: successfully reloaded assembly
- Completed reload, in  1.004 seconds
Domain Reload Profiling:
	ReloadAssembly (1005ms)
		BeginReloadAssembly (83ms)
			ExecutionOrderSort (0ms)
			DisableScriptedObjects (3ms)
			BackupInstance (0ms)
			ReleaseScriptingObjects (0ms)
			CreateAndSetChildDomain (18ms)
		EndReloadAssembly (840ms)
			LoadAssemblies (70ms)
			RebuildTransferFunctionScriptingTraits (0ms)
			SetupTypeCache (176ms)
			ReleaseScriptCaches (1ms)
			RebuildScriptCaches (47ms)
			SetupLoadedEditorAssemblies (524ms)
				LogAssemblyErrors (0ms)
				InitializePlatformSupportModulesInManaged (6ms)
				SetLoadedEditorAssemblies (0ms)
				RefreshPlugins (76ms)
				BeforeProcessingInitializeOnLoad (90ms)
				ProcessInitializeOnLoadAttributes (327ms)
				ProcessInitializeOnLoadMethodAttributes (20ms)
				AfterProcessingInitializeOnLoad (6ms)
				EditorAssembliesLoaded (0ms)
			ExecutionOrderSort2 (0ms)
			AwakeInstancesAfterBackupRestoration (5ms)
Platform modules already initialized, skipping
========================================================================
Worker process is ready to serve import requests
Launched and connected shader compiler UnityShaderCompiler.exe after 0.08 seconds
Refreshing native plugins compatible for Editor in 1.52 ms, found 3 plugins.
Preloading 0 native plugins for Editor in 0.00 ms.
Unloading 4219 Unused Serialized files (Serialized files now loaded: 0)
Unloading 77 unused Assets / (2.8 MB). Loaded Objects now: 4693.
Memory consumption went from 252.0 MB to 249.2 MB.
Total: 5.409800 ms (FindLiveObjects: 0.609200 ms CreateObjectMapping: 0.277100 ms MarkObjects: 3.653600 ms  DeleteObjects: 0.867700 ms)

AssetImportParameters requested are different than current active one (requested -> active):
  custom:video-decoder-ogg-theora: a1e56fd34408186e4bbccfd4996cb3dc -> 
  custom:container-muxer-webm: aa71ff27fc2769a1b78a27578f13a17b -> 
  custom:container-demuxer-webm: 4f35f7cbe854078d1ac9338744f61a02 -> 
  custom:video-encoder-webm-vp8: eb34c28f22e8b96e1ab97ce403110664 -> 
  custom:video-codec-MediaFoundation-h265: 746d11721c4dcdbdad8f713fa42b33f4 -> 
  custom:audio-encoder-webm-vorbis: bf7c407c2cedff20999df2af8eb42d56 -> 
  custom:framework-win-MediaFoundation: 216162199b28c13a410421893ffa2e32 -> 
  custom:container-demuxer-ogg: 62fdf1f143b41e24485cea50d1cbac27 -> 
  custom:video-decoder-webm-vp8: 9c59270c3fd7afecdb556c50c9e8de78 -> 
  custom:audio-decoder-ogg-vorbis: bf7c407c2cedff20999df2af8eb42d56 -> 
========================================================================
Received Import Request.
  Time since last request: 1793712.015585 seconds.
  path: Assets/Section 5 = Realm Rush/Prefabs/Turn Road 90.prefab
  artifactKey: Guid(1d99113e38b1a784bb163a26e30a9ac3) Importer(815301076,1909f56bfc062723c751e8b465ee728b)
Start importing Assets/Section 5 = Realm Rush/Prefabs/Turn Road 90.prefab using Guid(1d99113e38b1a784bb163a26e30a9ac3) Importer(815301076,1909f56bfc062723c751e8b465ee728b)  -> (artifact id: 'af7b12e010602787c21eb6afa18e99f6') in 0.196599 seconds 
========================================================================
Received Import Request.
  Time since last request: 0.000016 seconds.
  path: Assets/Section 5 = Realm Rush/Prefabs/Straight Road 90.prefab
  artifactKey: Guid(0d999cdd95106834a823c4514a3420a3) Importer(815301076,1909f56bfc062723c751e8b465ee728b)
Start importing Assets/Section 5 = Realm Rush/Prefabs/Straight Road 90.prefab using Guid(0d999cdd95106834a823c4514a3420a3) Importer(815301076,1909f56bfc062723c751e8b465ee728b)  -> (artifact id: '9cf25bf11250d49e9d8c835f4ef21d45') in 0.023812 seconds 
========================================================================
Received Import Request.
  Time since last request: 0.000015 seconds.
  path: Assets/Section 5 = Realm Rush/Prefabs/Turn Road.prefab
  artifactKey: Guid(fe3bab9163511f147b9cf9048f187a0f) Importer(815301076,1909f56bfc062723c751e8b465ee728b)
Start importing Assets/Section 5 = Realm Rush/Prefabs/Turn Road.prefab using Guid(fe3bab9163511f147b9cf9048f187a0f) Importer(815301076,1909f56bfc062723c751e8b465ee728b)  -> (artifact id: 'fcd8940f4f69d3c10890f3b694d90e86') in 0.021899 seconds 
========================================================================
Received Import Request.
  Time since last request: 0.000022 seconds.
  path: Assets/Section 5 = Realm Rush/Prefabs/Turn Road 180.prefab
  artifactKey: Guid(936f38b85178a954a843fc3c328230d5) Importer(815301076,1909f56bfc062723c751e8b465ee728b)
Start importing Assets/Section 5 = Realm Rush/Prefabs/Turn Road 180.prefab using Guid(936f38b85178a954a843fc3c328230d5) Importer(815301076,1909f56bfc062723c751e8b465ee728b)  -> (artifact id: 'c180d63cc521d2efdcab4fbe64783763') in 0.025174 seconds 
========================================================================
Received Import Request.
  Time since last request: 0.000012 seconds.
  path: Assets/Section 5 = Realm Rush/Prefabs/Ballista.prefab
  artifactKey: Guid(8a965e088bae16643aab3d07ccfd5e2e) Importer(815301076,1909f56bfc062723c751e8b465ee728b)
Start importing Assets/Section 5 = Realm Rush/Prefabs/Ballista.prefab using Guid(8a965e088bae16643aab3d07ccfd5e2e) Importer(815301076,1909f56bfc062723c751e8b465ee728b)  -> (artifact id: 'e4ed41c8faba8d97a0c60fc604119407') in 0.009045 seconds 
========================================================================
Received Import Request.
  Time since last request: 0.000009 seconds.
  path: Assets/Section 5 = Realm Rush/Prefabs/Straight Road.prefab
  artifactKey: Guid(837e589a8fa2c294a8dc07ccf8a66576) Importer(815301076,1909f56bfc062723c751e8b465ee728b)
Start importing Assets/Section 5 = Realm Rush/Prefabs/Straight Road.prefab using Guid(837e589a8fa2c294a8dc07ccf8a66576) Importer(815301076,1909f56bfc062723c751e8b465ee728b)  -> (artifact id: '66cea1ed413a39c9f634594de39663ac') in 0.021749 seconds 
========================================================================
Received Import Request.
  Time since last request: 0.000011 seconds.
  path: Assets/Section 5 = Realm Rush/Prefabs/Tile.prefab
  artifactKey: Guid(83ca4c24902474b449e3425f55f7a258) Importer(815301076,1909f56bfc062723c751e8b465ee728b)
Start importing Assets/Section 5 = Realm Rush/Prefabs/Tile.prefab using Guid(83ca4c24902474b449e3425f55f7a258) Importer(815301076,1909f56bfc062723c751e8b465ee728b)  -> (artifact id: '8301f36f6db5acb2dc14a2cfcdcab8dc') in 0.020313 seconds 
========================================================================
Received Import Request.
  Time since last request: 0.000017 seconds.
  path: Assets/Section 5 = Realm Rush/Prefabs/Turn Road -90.prefab
  artifactKey: Guid(554d8c432cbc36944a879dca93e287a2) Importer(815301076,1909f56bfc062723c751e8b465ee728b)
Start importing Assets/Section 5 = Realm Rush/Prefabs/Turn Road -90.prefab using Guid(554d8c432cbc36944a879dca93e287a2) Importer(815301076,1909f56bfc062723c751e8b465ee728b)  -> (artifact id: '5f19e765be510506e0a425bc53fd4f0d') in 0.025871 seconds 
========================================================================
Received Import Request.
  Time since last request: 54.750177 seconds.
  path: Assets/Section 5 = Realm Rush/Prefabs/Straight Road 90.prefab
  artifactKey: Guid(0d999cdd95106834a823c4514a3420a3) Importer(815301076,1909f56bfc062723c751e8b465ee728b)
Start importing Assets/Section 5 = Realm Rush/Prefabs/Straight Road 90.prefab using Guid(0d999cdd95106834a823c4514a3420a3) Importer(815301076,1909f56bfc062723c751e8b465ee728b)  -> (artifact id: 'f5ab4a9c92a173f8b06b2ed6a1e769c2') in 0.033460 seconds 
========================================================================
Received Import Request.
  Time since last request: 0.000018 seconds.
  path: Assets/Section 5 = Realm Rush/Prefabs/Turn Road 90.prefab
  artifactKey: Guid(1d99113e38b1a784bb163a26e30a9ac3) Importer(815301076,1909f56bfc062723c751e8b465ee728b)
Start importing Assets/Section 5 = Realm Rush/Prefabs/Turn Road 90.prefab using Guid(1d99113e38b1a784bb163a26e30a9ac3) Importer(815301076,1909f56bfc062723c751e8b465ee728b)  -> (artifact id: '938c85ee2f1f498d6060cfb1e9757069') in 0.050189 seconds 
========================================================================
Received Import Request.
  Time since last request: 0.000015 seconds.
  path: Assets/Section 5 = Realm Rush/Prefabs/Turn Road.prefab
  artifactKey: Guid(fe3bab9163511f147b9cf9048f187a0f) Importer(815301076,1909f56bfc062723c751e8b465ee728b)
Start importing Assets/Section 5 = Realm Rush/Prefabs/Turn Road.prefab using Guid(fe3bab9163511f147b9cf9048f187a0f) Importer(815301076,1909f56bfc062723c751e8b465ee728b)  -> (artifact id: 'e5f55f8b2eb246455ec601d0f78917f0') in 0.029915 seconds 
========================================================================
Received Import Request.
  Time since last request: 0.000015 seconds.
  path: Assets/Section 5 = Realm Rush/Prefabs/Turn Road -90.prefab
  artifactKey: Guid(554d8c432cbc36944a879dca93e287a2) Importer(815301076,1909f56bfc062723c751e8b465ee728b)
Start importing Assets/Section 5 = Realm Rush/Prefabs/Turn Road -90.prefab using Guid(554d8c432cbc36944a879dca93e287a2) Importer(815301076,1909f56bfc062723c751e8b465ee728b)  -> (artifact id: 'c27a210f03e5d6493737755db9d2ab62') in 0.049459 seconds 
========================================================================
Received Import Request.
  Time since last request: 22.505114 seconds.
  path: Assets/Section 5 = Realm Rush/Prefabs/Straight Road 90.prefab
  artifactKey: Guid(0d999cdd95106834a823c4514a3420a3) Importer(815301076,1909f56bfc062723c751e8b465ee728b)
Start importing Assets/Section 5 = Realm Rush/Prefabs/Straight Road 90.prefab using Guid(0d999cdd95106834a823c4514a3420a3) Importer(815301076,1909f56bfc062723c751e8b465ee728b)  -> (artifact id: 'c0ae00e2bc32904496453119eaa0d208') in 0.032241 seconds 
========================================================================
Received Import Request.
  Time since last request: 0.000013 seconds.
  path: Assets/Section 5 = Realm Rush/Prefabs/Turn Road.prefab
  artifactKey: Guid(fe3bab9163511f147b9cf9048f187a0f) Importer(815301076,1909f56bfc062723c751e8b465ee728b)
Start importing Assets/Section 5 = Realm Rush/Prefabs/Turn Road.prefab using Guid(fe3bab9163511f147b9cf9048f187a0f) Importer(815301076,1909f56bfc062723c751e8b465ee728b)  -> (artifact id: '5ccd3ab234cb2c15a32ad5abac1da42e') in 0.024439 seconds 
========================================================================
Received Import Request.
  Time since last request: 0.000014 seconds.
  path: Assets/Section 5 = Realm Rush/Prefabs/Turn Road -90.prefab
  artifactKey: Guid(554d8c432cbc36944a879dca93e287a2) Importer(815301076,1909f56bfc062723c751e8b465ee728b)
Start importing Assets/Section 5 = Realm Rush/Prefabs/Turn Road -90.prefab using Guid(554d8c432cbc36944a879dca93e287a2) Importer(815301076,1909f56bfc062723c751e8b465ee728b)  -> (artifact id: '35b0dbb40f57c642d55e8c3a263b53e6') in 0.024733 seconds 
========================================================================
Received Import Request.
  Time since last request: 14.240375 seconds.
  path: Assets/Section 5 = Realm Rush/Prefabs/Straight Road 90.prefab
  artifactKey: Guid(0d999cdd95106834a823c4514a3420a3) Importer(815301076,1909f56bfc062723c751e8b465ee728b)
Start importing Assets/Section 5 = Realm Rush/Prefabs/Straight Road 90.prefab using Guid(0d999cdd95106834a823c4514a3420a3) Importer(815301076,1909f56bfc062723c751e8b465ee728b)  -> (artifact id: '70d62bfc965aaa1b93a35b4928a59f7a') in 0.023263 seconds 
========================================================================
Received Import Request.
  Time since last request: 0.000012 seconds.
  path: Assets/Section 5 = Realm Rush/Prefabs/Turn Road.prefab
  artifactKey: Guid(fe3bab9163511f147b9cf9048f187a0f) Importer(815301076,1909f56bfc062723c751e8b465ee728b)
Start importing Assets/Section 5 = Realm Rush/Prefabs/Turn Road.prefab using Guid(fe3bab9163511f147b9cf9048f187a0f) Importer(815301076,1909f56bfc062723c751e8b465ee728b)  -> (artifact id: '1ab239c2c7cf7ddd190207329ffa4136') in 0.027356 seconds 
========================================================================
Received Import Request.
  Time since last request: 0.000013 seconds.
  path: Assets/Section 5 = Realm Rush/Prefabs/Turn Road -90.prefab
  artifactKey: Guid(554d8c432cbc36944a879dca93e287a2) Importer(815301076,1909f56bfc062723c751e8b465ee728b)
Start importing Assets/Section 5 = Realm Rush/Prefabs/Turn Road -90.prefab using Guid(554d8c432cbc36944a879dca93e287a2) Importer(815301076,1909f56bfc062723c751e8b465ee728b)  -> (artifact id: 'a70da76fb8c1c15f397303152fd66520') in 0.021378 seconds 
========================================================================
Received Import Request.
  Time since last request: 8.771635 seconds.
  path: Assets/Section 5 = Realm Rush/Prefabs/Straight Road 90.prefab
  artifactKey: Guid(0d999cdd95106834a823c4514a3420a3) Importer(815301076,1909f56bfc062723c751e8b465ee728b)
Start importing Assets/Section 5 = Realm Rush/Prefabs/Straight Road 90.prefab using Guid(0d999cdd95106834a823c4514a3420a3) Importer(815301076,1909f56bfc062723c751e8b465ee728b)  -> (artifact id: '27c4d6b46a98f53ae3ec31b8e8739448') in 0.024966 seconds 
========================================================================
Received Import Request.
  Time since last request: 0.000014 seconds.
  path: Assets/Section 5 = Realm Rush/Prefabs/Turn Road.prefab
  artifactKey: Guid(fe3bab9163511f147b9cf9048f187a0f) Importer(815301076,1909f56bfc062723c751e8b465ee728b)
Start importing Assets/Section 5 = Realm Rush/Prefabs/Turn Road.prefab using Guid(fe3bab9163511f147b9cf9048f187a0f) Importer(815301076,1909f56bfc062723c751e8b465ee728b)  -> (artifact id: '7a41b3869eae972b00a62254bc3ea878') in 0.023141 seconds 
========================================================================
Received Import Request.
  Time since last request: 29.004363 seconds.
  path: Assets/Section 5 = Realm Rush/Prefabs/Straight Road 90.prefab
  artifactKey: Guid(0d999cdd95106834a823c4514a3420a3) Importer(815301076,1909f56bfc062723c751e8b465ee728b)
Start importing Assets/Section 5 = Realm Rush/Prefabs/Straight Road 90.prefab using Guid(0d999cdd95106834a823c4514a3420a3) Importer(815301076,1909f56bfc062723c751e8b465ee728b)  -> (artifact id: '85d000096db1940dcf22d951cd8175e1') in 0.029429 seconds 
========================================================================
Received Import Request.
  Time since last request: 0.000015 seconds.
  path: Assets/Section 5 = Realm Rush/Prefabs/Turn Road 180.prefab
  artifactKey: Guid(936f38b85178a954a843fc3c328230d5) Importer(815301076,1909f56bfc062723c751e8b465ee728b)
Start importing Assets/Section 5 = Realm Rush/Prefabs/Turn Road 180.prefab using Guid(936f38b85178a954a843fc3c328230d5) Importer(815301076,1909f56bfc062723c751e8b465ee728b)  -> (artifact id: '4b85e1de4fcbf29d792fae8bc4ce29c6') in 0.031822 seconds 
========================================================================
Received Import Request.
  Time since last request: 21.624963 seconds.
  path: Assets/Section 5 = Realm Rush/Prefabs/Straight Road 90.prefab
  artifactKey: Guid(0d999cdd95106834a823c4514a3420a3) Importer(815301076,1909f56bfc062723c751e8b465ee728b)
Start importing Assets/Section 5 = Realm Rush/Prefabs/Straight Road 90.prefab using Guid(0d999cdd95106834a823c4514a3420a3) Importer(815301076,1909f56bfc062723c751e8b465ee728b)  -> (artifact id: '1f4737233e759cb3fa20f92b3921bf5b') in 0.029366 seconds 
========================================================================
Received Import Request.
  Time since last request: 0.000012 seconds.
  path: Assets/Section 5 = Realm Rush/Prefabs/Turn Road 180.prefab
  artifactKey: Guid(936f38b85178a954a843fc3c328230d5) Importer(815301076,1909f56bfc062723c751e8b465ee728b)
Start importing Assets/Section 5 = Realm Rush/Prefabs/Turn Road 180.prefab using Guid(936f38b85178a954a843fc3c328230d5) Importer(815301076,1909f56bfc062723c751e8b465ee728b)  -> (artifact id: 'a36a6f69fdc7a0842fefe5fd683d9108') in 0.033085 seconds 
========================================================================
Received Import Request.
  Time since last request: 5.568675 seconds.
  path: Assets/Section 5 = Realm Rush/Prefabs/Straight Road 90.prefab
  artifactKey: Guid(0d999cdd95106834a823c4514a3420a3) Importer(815301076,1909f56bfc062723c751e8b465ee728b)
Start importing Assets/Section 5 = Realm Rush/Prefabs/Straight Road 90.prefab using Guid(0d999cdd95106834a823c4514a3420a3) Importer(815301076,1909f56bfc062723c751e8b465ee728b)  -> (artifact id: 'af72e7e6dc3b0b3a7392993b8cd15f9f') in 0.024520 seconds 
========================================================================
Received Import Request.
  Time since last request: 0.000013 seconds.
  path: Assets/Section 5 = Realm Rush/Prefabs/Turn Road 180.prefab
  artifactKey: Guid(936f38b85178a954a843fc3c328230d5) Importer(815301076,1909f56bfc062723c751e8b465ee728b)
Start importing Assets/Section 5 = Realm Rush/Prefabs/Turn Road 180.prefab using Guid(936f38b85178a954a843fc3c328230d5) Importer(815301076,1909f56bfc062723c751e8b465ee728b)  -> (artifact id: 'e272a5f311ff83948a867c81ea9b6bb0') in 0.022112 seconds 
========================================================================
Received Import Request.
  Time since last request: 1.151322 seconds.
  path: Assets/Section 5 = Realm Rush/Prefabs/Straight Road 90.prefab
  artifactKey: Guid(0d999cdd95106834a823c4514a3420a3) Importer(815301076,1909f56bfc062723c751e8b465ee728b)
Start importing Assets/Section 5 = Realm Rush/Prefabs/Straight Road 90.prefab using Guid(0d999cdd95106834a823c4514a3420a3) Importer(815301076,1909f56bfc062723c751e8b465ee728b)  -> (artifact id: '764844070677184a3f3ac2b0b2a0701b') in 0.026762 seconds 
========================================================================
Received Import Request.
  Time since last request: 0.000094 seconds.
  path: Assets/Section 5 = Realm Rush/Prefabs/Turn Road 180.prefab
  artifactKey: Guid(936f38b85178a954a843fc3c328230d5) Importer(815301076,1909f56bfc062723c751e8b465ee728b)
Start importing Assets/Section 5 = Realm Rush/Prefabs/Turn Road 180.prefab using Guid(936f38b85178a954a843fc3c328230d5) Importer(815301076,1909f56bfc062723c751e8b465ee728b)  -> (artifact id: '80ec1b92efd16216447f6963d0562b24') in 0.021742 seconds 
========================================================================
Received Import Request.
  Time since last request: 12.452102 seconds.
  path: Assets/Section 5 = Realm Rush/Prefabs/Straight Road 90.prefab
  artifactKey: Guid(0d999cdd95106834a823c4514a3420a3) Importer(815301076,1909f56bfc062723c751e8b465ee728b)
Start importing Assets/Section 5 = Realm Rush/Prefabs/Straight Road 90.prefab using Guid(0d999cdd95106834a823c4514a3420a3) Importer(815301076,1909f56bfc062723c751e8b465ee728b)  -> (artifact id: 'b103fa06dc9e2d230540d9cff34922b7') in 0.024997 seconds 
========================================================================
Received Import Request.
  Time since last request: 0.000013 seconds.
  path: Assets/Section 5 = Realm Rush/Prefabs/Turn Road.prefab
  artifactKey: Guid(fe3bab9163511f147b9cf9048f187a0f) Importer(815301076,1909f56bfc062723c751e8b465ee728b)
Start importing Assets/Section 5 = Realm Rush/Prefabs/Turn Road.prefab using Guid(fe3bab9163511f147b9cf9048f187a0f) Importer(815301076,1909f56bfc062723c751e8b465ee728b)  -> (artifact id: 'a66b7d73d519f4fc504112944e373190') in 0.033620 seconds 
========================================================================
Received Import Request.
  Time since last request: 4.377432 seconds.
  path: Assets/Section 5 = Realm Rush/Prefabs/Straight Road 90.prefab
  artifactKey: Guid(0d999cdd95106834a823c4514a3420a3) Importer(815301076,1909f56bfc062723c751e8b465ee728b)
Start importing Assets/Section 5 = Realm Rush/Prefabs/Straight Road 90.prefab using Guid(0d999cdd95106834a823c4514a3420a3) Importer(815301076,1909f56bfc062723c751e8b465ee728b)  -> (artifact id: 'f78ffcdb85f121fd00fcbd9d40bb1b18') in 0.024126 seconds 
========================================================================
Received Import Request.
  Time since last request: 0.000013 seconds.
  path: Assets/Section 5 = Realm Rush/Prefabs/Turn Road 180.prefab
  artifactKey: Guid(936f38b85178a954a843fc3c328230d5) Importer(815301076,1909f56bfc062723c751e8b465ee728b)
Start importing Assets/Section 5 = Realm Rush/Prefabs/Turn Road 180.prefab using Guid(936f38b85178a954a843fc3c328230d5) Importer(815301076,1909f56bfc062723c751e8b465ee728b)  -> (artifact id: 'dc0344ccadf5269eac9108620f78a88c') in 0.021267 seconds 
========================================================================
Received Import Request.
  Time since last request: 0.000012 seconds.
  path: Assets/Section 5 = Realm Rush/Prefabs/Turn Road -90.prefab
  artifactKey: Guid(554d8c432cbc36944a879dca93e287a2) Importer(815301076,1909f56bfc062723c751e8b465ee728b)
Start importing Assets/Section 5 = Realm Rush/Prefabs/Turn Road -90.prefab using Guid(554d8c432cbc36944a879dca93e287a2) Importer(815301076,1909f56bfc062723c751e8b465ee728b)  -> (artifact id: '32c058fe3eff35b52b888ab46e7d2d4b') in 0.021282 seconds 
========================================================================
Received Import Request.
  Time since last request: 6.761060 seconds.
  path: Assets/Section 5 = Realm Rush/Prefabs/Straight Road 90.prefab
  artifactKey: Guid(0d999cdd95106834a823c4514a3420a3) Importer(815301076,1909f56bfc062723c751e8b465ee728b)
Start importing Assets/Section 5 = Realm Rush/Prefabs/Straight Road 90.prefab using Guid(0d999cdd95106834a823c4514a3420a3) Importer(815301076,1909f56bfc062723c751e8b465ee728b)  -> (artifact id: '98210fdf4ae7be16b79b2cadf29e529e') in 0.023248 seconds 
========================================================================
Received Import Request.
  Time since last request: 0.000012 seconds.
  path: Assets/Section 5 = Realm Rush/Prefabs/Turn Road.prefab
  artifactKey: Guid(fe3bab9163511f147b9cf9048f187a0f) Importer(815301076,1909f56bfc062723c751e8b465ee728b)
Start importing Assets/Section 5 = Realm Rush/Prefabs/Turn Road.prefab using Guid(fe3bab9163511f147b9cf9048f187a0f) Importer(815301076,1909f56bfc062723c751e8b465ee728b)  -> (artifact id: '1ca5bd66184e7ff5c661b559caf62214') in 0.021495 seconds 
========================================================================
Received Import Request.
  Time since last request: 0.000013 seconds.
  path: Assets/Section 5 = Realm Rush/Prefabs/Turn Road -90.prefab
  artifactKey: Guid(554d8c432cbc36944a879dca93e287a2) Importer(815301076,1909f56bfc062723c751e8b465ee728b)
Start importing Assets/Section 5 = Realm Rush/Prefabs/Turn Road -90.prefab using Guid(554d8c432cbc36944a879dca93e287a2) Importer(815301076,1909f56bfc062723c751e8b465ee728b)  -> (artifact id: 'd55f52a1fed633600276377fed9b7dc0') in 0.020754 seconds 
========================================================================
Received Import Request.
  Time since last request: 3.143337 seconds.
  path: Assets/Section 5 = Realm Rush/Prefabs/Straight Road 90.prefab
  artifactKey: Guid(0d999cdd95106834a823c4514a3420a3) Importer(815301076,1909f56bfc062723c751e8b465ee728b)
Start importing Assets/Section 5 = Realm Rush/Prefabs/Straight Road 90.prefab using Guid(0d999cdd95106834a823c4514a3420a3) Importer(815301076,1909f56bfc062723c751e8b465ee728b)  -> (artifact id: '8cd0134551aac63209d48bf7cb7e788d') in 0.029494 seconds 
========================================================================
Received Import Request.
  Time since last request: 0.000013 seconds.
  path: Assets/Section 5 = Realm Rush/Prefabs/Turn Road 180.prefab
  artifactKey: Guid(936f38b85178a954a843fc3c328230d5) Importer(815301076,1909f56bfc062723c751e8b465ee728b)
Start importing Assets/Section 5 = Realm Rush/Prefabs/Turn Road 180.prefab using Guid(936f38b85178a954a843fc3c328230d5) Importer(815301076,1909f56bfc062723c751e8b465ee728b)  -> (artifact id: 'b2c4f79b086b9c22e07e771fa8e788d5') in 0.043304 seconds 
========================================================================
Received Import Request.
  Time since last request: 1.781274 seconds.
  path: Assets/Section 5 = Realm Rush/Prefabs/Straight Road 90.prefab
  artifactKey: Guid(0d999cdd95106834a823c4514a3420a3) Importer(815301076,1909f56bfc062723c751e8b465ee728b)
Start importing Assets/Section 5 = Realm Rush/Prefabs/Straight Road 90.prefab using Guid(0d999cdd95106834a823c4514a3420a3) Importer(815301076,1909f56bfc062723c751e8b465ee728b)  -> (artifact id: '7a747a328a8dedd17095395bb878d316') in 0.025052 seconds 
========================================================================
Received Import Request.
  Time since last request: 0.000012 seconds.
  path: Assets/Section 5 = Realm Rush/Prefabs/Turn Road 180.prefab
  artifactKey: Guid(936f38b85178a954a843fc3c328230d5) Importer(815301076,1909f56bfc062723c751e8b465ee728b)
Start importing Assets/Section 5 = Realm Rush/Prefabs/Turn Road 180.prefab using Guid(936f38b85178a954a843fc3c328230d5) Importer(815301076,1909f56bfc062723c751e8b465ee728b)  -> (artifact id: '2e1dbce603bbc49e43e5ff2bb33caf58') in 0.021888 seconds 
========================================================================
Received Import Request.
  Time since last request: 6.753930 seconds.
  path: Assets/Section 5 = Realm Rush/Prefabs/Straight Road 90.prefab
  artifactKey: Guid(0d999cdd95106834a823c4514a3420a3) Importer(815301076,1909f56bfc062723c751e8b465ee728b)
Start importing Assets/Section 5 = Realm Rush/Prefabs/Straight Road 90.prefab using Guid(0d999cdd95106834a823c4514a3420a3) Importer(815301076,1909f56bfc062723c751e8b465ee728b)  -> (artifact id: '93cf35354a700e3bf00dd508384b82a6') in 0.025826 seconds 
========================================================================
Received Import Request.
  Time since last request: 0.000013 seconds.
  path: Assets/Section 5 = Realm Rush/Prefabs/Turn Road.prefab
  artifactKey: Guid(fe3bab9163511f147b9cf9048f187a0f) Importer(815301076,1909f56bfc062723c751e8b465ee728b)
Start importing Assets/Section 5 = Realm Rush/Prefabs/Turn Road.prefab using Guid(fe3bab9163511f147b9cf9048f187a0f) Importer(815301076,1909f56bfc062723c751e8b465ee728b)  -> (artifact id: '49e82e833a0b0b9530ca07247c2dd4cd') in 0.030272 seconds 
========================================================================
Received Import Request.
  Time since last request: 6.004754 seconds.
  path: Assets/Section 5 = Realm Rush/Prefabs/Straight Road 90.prefab
  artifactKey: Guid(0d999cdd95106834a823c4514a3420a3) Importer(815301076,1909f56bfc062723c751e8b465ee728b)
Start importing Assets/Section 5 = Realm Rush/Prefabs/Straight Road 90.prefab using Guid(0d999cdd95106834a823c4514a3420a3) Importer(815301076,1909f56bfc062723c751e8b465ee728b)  -> (artifact id: '8b925290d2851b7d8215b7967772bf94') in 0.031294 seconds 
========================================================================
Received Import Request.
  Time since last request: 0.000014 seconds.
  path: Assets/Section 5 = Realm Rush/Prefabs/Turn Road 180.prefab
  artifactKey: Guid(936f38b85178a954a843fc3c328230d5) Importer(815301076,1909f56bfc062723c751e8b465ee728b)
Start importing Assets/Section 5 = Realm Rush/Prefabs/Turn Road 180.prefab using Guid(936f38b85178a954a843fc3c328230d5) Importer(815301076,1909f56bfc062723c751e8b465ee728b)  -> (artifact id: 'fb7fe80b78947dffd06f52a91a450b33') in 0.023575 seconds 
========================================================================
Received Import Request.
  Time since last request: 0.526114 seconds.
  path: Assets/Section 5 = Realm Rush/Prefabs/Straight Road 90.prefab
  artifactKey: Guid(0d999cdd95106834a823c4514a3420a3) Importer(815301076,1909f56bfc062723c751e8b465ee728b)
Start importing Assets/Section 5 = Realm Rush/Prefabs/Straight Road 90.prefab using Guid(0d999cdd95106834a823c4514a3420a3) Importer(815301076,1909f56bfc062723c751e8b465ee728b)  -> (artifact id: 'beae6d12b4570a3ef873af7765f2d0d6') in 0.024991 seconds 
========================================================================
Received Import Request.
  Time since last request: 0.000012 seconds.
  path: Assets/Section 5 = Realm Rush/Prefabs/Turn Road.prefab
  artifactKey: Guid(fe3bab9163511f147b9cf9048f187a0f) Importer(815301076,1909f56bfc062723c751e8b465ee728b)
Start importing Assets/Section 5 = Realm Rush/Prefabs/Turn Road.prefab using Guid(fe3bab9163511f147b9cf9048f187a0f) Importer(815301076,1909f56bfc062723c751e8b465ee728b)  -> (artifact id: '9448f817e9dd9d266571fe19a821b45d') in 0.023310 seconds 
========================================================================
Received Import Request.
  Time since last request: 0.000012 seconds.
  path: Assets/Section 5 = Realm Rush/Prefabs/Turn Road -90.prefab
  artifactKey: Guid(554d8c432cbc36944a879dca93e287a2) Importer(815301076,1909f56bfc062723c751e8b465ee728b)
Start importing Assets/Section 5 = Realm Rush/Prefabs/Turn Road -90.prefab using Guid(554d8c432cbc36944a879dca93e287a2) Importer(815301076,1909f56bfc062723c751e8b465ee728b)  -> (artifact id: '94a9f6e53dbb10e78d692e60c7771634') in 0.037672 seconds 
========================================================================
Received Import Request.
  Time since last request: 1.505338 seconds.
  path: Assets/Section 5 = Realm Rush/Prefabs/Straight Road 90.prefab
  artifactKey: Guid(0d999cdd95106834a823c4514a3420a3) Importer(815301076,1909f56bfc062723c751e8b465ee728b)
Start importing Assets/Section 5 = Realm Rush/Prefabs/Straight Road 90.prefab using Guid(0d999cdd95106834a823c4514a3420a3) Importer(815301076,1909f56bfc062723c751e8b465ee728b)  -> (artifact id: '99d9cd511e79de821b18f6c7bb416cfa') in 0.026848 seconds 
========================================================================
Received Import Request.
  Time since last request: 0.000011 seconds.
  path: Assets/Section 5 = Realm Rush/Prefabs/Turn Road 180.prefab
  artifactKey: Guid(936f38b85178a954a843fc3c328230d5) Importer(815301076,1909f56bfc062723c751e8b465ee728b)
Start importing Assets/Section 5 = Realm Rush/Prefabs/Turn Road 180.prefab using Guid(936f38b85178a954a843fc3c328230d5) Importer(815301076,1909f56bfc062723c751e8b465ee728b)  -> (artifact id: 'e6377a1848a3c8a33c65a5a4ae458d69') in 0.023822 seconds 
========================================================================
Received Import Request.
  Time since last request: 7.805023 seconds.
  path: Assets/Section 5 = Realm Rush/Prefabs/Straight Road 90.prefab
  artifactKey: Guid(0d999cdd95106834a823c4514a3420a3) Importer(815301076,1909f56bfc062723c751e8b465ee728b)
Start importing Assets/Section 5 = Realm Rush/Prefabs/Straight Road 90.prefab using Guid(0d999cdd95106834a823c4514a3420a3) Importer(815301076,1909f56bfc062723c751e8b465ee728b)  -> (artifact id: '3970e5dfafd16ce769c8e68781452862') in 0.035448 seconds 
========================================================================
Received Import Request.
  Time since last request: 0.000015 seconds.
  path: Assets/Section 5 = Realm Rush/Prefabs/Turn Road 180.prefab
  artifactKey: Guid(936f38b85178a954a843fc3c328230d5) Importer(815301076,1909f56bfc062723c751e8b465ee728b)
Start importing Assets/Section 5 = Realm Rush/Prefabs/Turn Road 180.prefab using Guid(936f38b85178a954a843fc3c328230d5) Importer(815301076,1909f56bfc062723c751e8b465ee728b)  -> (artifact id: '0fe532892540c5b27d58b135f18ed4e2') in 0.027623 seconds 
========================================================================
Received Import Request.
  Time since last request: 6.800712 seconds.
  path: Assets/Section 5 = Realm Rush/Prefabs/Straight Road 90.prefab
  artifactKey: Guid(0d999cdd95106834a823c4514a3420a3) Importer(815301076,1909f56bfc062723c751e8b465ee728b)
Start importing Assets/Section 5 = Realm Rush/Prefabs/Straight Road 90.prefab using Guid(0d999cdd95106834a823c4514a3420a3) Importer(815301076,1909f56bfc062723c751e8b465ee728b)  -> (artifact id: 'e3f50864677950f0f05dc0b89afea0c0') in 0.027599 seconds 
========================================================================
Received Import Request.
  Time since last request: 0.000012 seconds.
  path: Assets/Section 5 = Realm Rush/Prefabs/Turn Road.prefab
  artifactKey: Guid(fe3bab9163511f147b9cf9048f187a0f) Importer(815301076,1909f56bfc062723c751e8b465ee728b)
Start importing Assets/Section 5 = Realm Rush/Prefabs/Turn Road.prefab using Guid(fe3bab9163511f147b9cf9048f187a0f) Importer(815301076,1909f56bfc062723c751e8b465ee728b)  -> (artifact id: 'a2431d22984cd3124446bb3456e39eb3') in 0.032752 seconds 
========================================================================
Received Import Request.
  Time since last request: 8.997326 seconds.
  path: Assets/Section 5 = Realm Rush/Prefabs/Straight Road 90.prefab
  artifactKey: Guid(0d999cdd95106834a823c4514a3420a3) Importer(815301076,1909f56bfc062723c751e8b465ee728b)
Start importing Assets/Section 5 = Realm Rush/Prefabs/Straight Road 90.prefab using Guid(0d999cdd95106834a823c4514a3420a3) Importer(815301076,1909f56bfc062723c751e8b465ee728b)  -> (artifact id: '420dd19415e41d3b993db53110efc61f') in 0.025047 seconds 
========================================================================
Received Import Request.
  Time since last request: 0.000013 seconds.
  path: Assets/Section 5 = Realm Rush/Prefabs/Turn Road 180.prefab
  artifactKey: Guid(936f38b85178a954a843fc3c328230d5) Importer(815301076,1909f56bfc062723c751e8b465ee728b)
Start importing Assets/Section 5 = Realm Rush/Prefabs/Turn Road 180.prefab using Guid(936f38b85178a954a843fc3c328230d5) Importer(815301076,1909f56bfc062723c751e8b465ee728b)  -> (artifact id: 'e1daf7040b2c991940c857c6c88ce74b') in 0.020694 seconds 
========================================================================
Received Import Request.
  Time since last request: 0.000010 seconds.
  path: Assets/Section 5 = Realm Rush/Prefabs/Turn Road -90.prefab
  artifactKey: Guid(554d8c432cbc36944a879dca93e287a2) Importer(815301076,1909f56bfc062723c751e8b465ee728b)
Start importing Assets/Section 5 = Realm Rush/Prefabs/Turn Road -90.prefab using Guid(554d8c432cbc36944a879dca93e287a2) Importer(815301076,1909f56bfc062723c751e8b465ee728b)  -> (artifact id: '136ee10a566c6f369d176deddd4ef27a') in 0.020972 seconds 
========================================================================
Received Import Request.
  Time since last request: 2.304875 seconds.
  path: Assets/Section 5 = Realm Rush/Prefabs/Straight Road 90.prefab
  artifactKey: Guid(0d999cdd95106834a823c4514a3420a3) Importer(815301076,1909f56bfc062723c751e8b465ee728b)
Start importing Assets/Section 5 = Realm Rush/Prefabs/Straight Road 90.prefab using Guid(0d999cdd95106834a823c4514a3420a3) Importer(815301076,1909f56bfc062723c751e8b465ee728b)  -> (artifact id: '50b603840b314e1830a054975a5193eb') in 0.031209 seconds 
========================================================================
Received Import Request.
  Time since last request: 0.000013 seconds.
  path: Assets/Section 5 = Realm Rush/Prefabs/Turn Road 180.prefab
  artifactKey: Guid(936f38b85178a954a843fc3c328230d5) Importer(815301076,1909f56bfc062723c751e8b465ee728b)
Start importing Assets/Section 5 = Realm Rush/Prefabs/Turn Road 180.prefab using Guid(936f38b85178a954a843fc3c328230d5) Importer(815301076,1909f56bfc062723c751e8b465ee728b)  -> (artifact id: '301eb51eaeae951dbb1afba57916bde4') in 0.034904 seconds 
========================================================================
Received Import Request.
  Time since last request: 69.824248 seconds.
  path: Assets/Section 5 = Realm Rush/Prefabs/Ballista.prefab
  artifactKey: Guid(8a965e088bae16643aab3d07ccfd5e2e) Importer(815301076,1909f56bfc062723c751e8b465ee728b)
Start importing Assets/Section 5 = Realm Rush/Prefabs/Ballista.prefab using Guid(8a965e088bae16643aab3d07ccfd5e2e) Importer(815301076,1909f56bfc062723c751e8b465ee728b)  -> (artifact id: 'bbb9de0de40c0fbf0b359b820fb7d007') in 0.015121 seconds 
========================================================================
Received Import Request.
  Time since last request: 0.000015 seconds.
  path: Assets/Section 5 = Realm Rush/Prefabs/Turn Road 90.prefab
  artifactKey: Guid(1d99113e38b1a784bb163a26e30a9ac3) Importer(815301076,1909f56bfc062723c751e8b465ee728b)
Start importing Assets/Section 5 = Realm Rush/Prefabs/Turn Road 90.prefab using Guid(1d99113e38b1a784bb163a26e30a9ac3) Importer(815301076,1909f56bfc062723c751e8b465ee728b)  -> (artifact id: '8add9dcb00ec1d488be8f77ec925e5b5') in 0.036579 seconds 
========================================================================
Received Import Request.
  Time since last request: 0.000016 seconds.
  path: Assets/Section 5 = Realm Rush/Prefabs/Turn Road 180.prefab
  artifactKey: Guid(936f38b85178a954a843fc3c328230d5) Importer(815301076,1909f56bfc062723c751e8b465ee728b)
Start importing Assets/Section 5 = Realm Rush/Prefabs/Turn Road 180.prefab using Guid(936f38b85178a954a843fc3c328230d5) Importer(815301076,1909f56bfc062723c751e8b465ee728b)  -> (artifact id: '67bdec52b6f23a2ed6fb02e46d9a8037') in 0.029941 seconds 
========================================================================
Received Import Request.
  Time since last request: 0.000013 seconds.
  path: Assets/Section 5 = Realm Rush/Prefabs/Tile.prefab
  artifactKey: Guid(83ca4c24902474b449e3425f55f7a258) Importer(815301076,1909f56bfc062723c751e8b465ee728b)
Start importing Assets/Section 5 = Realm Rush/Prefabs/Tile.prefab using Guid(83ca4c24902474b449e3425f55f7a258) Importer(815301076,1909f56bfc062723c751e8b465ee728b)  -> (artifact id: '3f6b5466ab5d62779f4f79e07fc7b88c') in 0.026828 seconds 
========================================================================
Received Import Request.
  Time since last request: 29.972835 seconds.
  path: Assets/Section 5 = Realm Rush/Prefabs/Straight Road 90.prefab
  artifactKey: Guid(0d999cdd95106834a823c4514a3420a3) Importer(815301076,1909f56bfc062723c751e8b465ee728b)
Start importing Assets/Section 5 = Realm Rush/Prefabs/Straight Road 90.prefab using Guid(0d999cdd95106834a823c4514a3420a3) Importer(815301076,1909f56bfc062723c751e8b465ee728b)  -> (artifact id: '703078109322403d5c288db747350f9e') in 0.048565 seconds 
========================================================================
Received Import Request.
  Time since last request: 0.000014 seconds.
  path: Assets/Section 5 = Realm Rush/Prefabs/Turn Road.prefab
  artifactKey: Guid(fe3bab9163511f147b9cf9048f187a0f) Importer(815301076,1909f56bfc062723c751e8b465ee728b)
Start importing Assets/Section 5 = Realm Rush/Prefabs/Turn Road.prefab using Guid(fe3bab9163511f147b9cf9048f187a0f) Importer(815301076,1909f56bfc062723c751e8b465ee728b)  -> (artifact id: 'ae96e87a822f8043ca475b533c80752f') in 0.030976 seconds 
========================================================================
Received Import Request.
  Time since last request: 0.000017 seconds.
  path: Assets/Section 5 = Realm Rush/Prefabs/Turn Road 180.prefab
  artifactKey: Guid(936f38b85178a954a843fc3c328230d5) Importer(815301076,1909f56bfc062723c751e8b465ee728b)
Start importing Assets/Section 5 = Realm Rush/Prefabs/Turn Road 180.prefab using Guid(936f38b85178a954a843fc3c328230d5) Importer(815301076,1909f56bfc062723c751e8b465ee728b)  -> (artifact id: 'fcf4b3a130e7557807f79a35d0007123') in 0.025746 seconds 
========================================================================
Received Import Request.
  Time since last request: 21.149849 seconds.
  path: Assets/Section 5 = Realm Rush/Prefabs/Straight Road 90.prefab
  artifactKey: Guid(0d999cdd95106834a823c4514a3420a3) Importer(815301076,1909f56bfc062723c751e8b465ee728b)
Start importing Assets/Section 5 = Realm Rush/Prefabs/Straight Road 90.prefab using Guid(0d999cdd95106834a823c4514a3420a3) Importer(815301076,1909f56bfc062723c751e8b465ee728b)  -> (artifact id: 'fac2bfe49e02b9e7de8d3d6533d7ac3b') in 0.033494 seconds 
========================================================================
Received Import Request.
  Time since last request: 0.000017 seconds.
  path: Assets/Section 5 = Realm Rush/Prefabs/Turn Road 180.prefab
  artifactKey: Guid(936f38b85178a954a843fc3c328230d5) Importer(815301076,1909f56bfc062723c751e8b465ee728b)
Start importing Assets/Section 5 = Realm Rush/Prefabs/Turn Road 180.prefab using Guid(936f38b85178a954a843fc3c328230d5) Importer(815301076,1909f56bfc062723c751e8b465ee728b)  -> (artifact id: 'a756976fa3c055dcf163fad6ff8432e1') in 0.031660 seconds 
Editor requested this worker to shutdown with reason: Scaling down because of idle timeout
AssetImportWorker is now disconnected from the server
Process exiting
Exiting without the bug reporter. Application will terminate with return code 0