Using pre-set license
Built from '2021.3/staging' branch; Version is '2021.3.4f1 (cb45f9cae8b7) revision 13321721'; Using compiler version '192829333'; Build Type 'Release'
OS: 'Windows 11  (10.0.26100) 64bit Professional' Language: 'en' Physical Memory: 31887 MB
BatchMode: 1, IsHumanControllingUs: 0, StartBugReporterOnCrash: 0, Is64bit: 1, IsPro: 1

COMMAND LINE ARGUMENTS:
C:\Program Files\Unity\Hub\Editor\2021.3.4f1\Editor\Unity.exe
-adb2
-batchMode
-noUpm
-name
AssetImportWorker4
-projectPath
C:/Users/PC/OneDrive/Documents/GitHub/Complete-C-Unity-Game-Developer-3D
-logFile
Logs/AssetImportWorker4.log
-srvPort
58888
Successfully changed project path to: C:/Users/PC/OneDrive/Documents/GitHub/Complete-C-Unity-Game-Developer-3D
C:/Users/PC/OneDrive/Documents/GitHub/Complete-C-Unity-Game-Developer-3D
[UnityMemory] Configuration Parameters - Can be set up in boot.config
    "memorysetup-bucket-allocator-granularity=16"
    "memorysetup-bucket-allocator-bucket-count=8"
    "memorysetup-bucket-allocator-block-size=33554432"
    "memorysetup-bucket-allocator-block-count=8"
    "memorysetup-main-allocator-block-size=16777216"
    "memorysetup-thread-allocator-block-size=16777216"
    "memorysetup-gfx-main-allocator-block-size=16777216"
    "memorysetup-gfx-thread-allocator-block-size=16777216"
    "memorysetup-cache-allocator-block-size=4194304"
    "memorysetup-typetree-allocator-block-size=2097152"
    "memorysetup-profiler-bucket-allocator-granularity=16"
    "memorysetup-profiler-bucket-allocator-bucket-count=8"
    "memorysetup-profiler-bucket-allocator-block-size=33554432"
    "memorysetup-profiler-bucket-allocator-block-count=8"
    "memorysetup-profiler-allocator-block-size=16777216"
    "memorysetup-profiler-editor-allocator-block-size=1048576"
    "memorysetup-temp-allocator-size-main=16777216"
    "memorysetup-job-temp-allocator-block-size=2097152"
    "memorysetup-job-temp-allocator-block-size-background=1048576"
    "memorysetup-job-temp-allocator-reduction-small-platforms=262144"
    "memorysetup-temp-allocator-size-background-worker=32768"
    "memorysetup-temp-allocator-size-job-worker=262144"
    "memorysetup-temp-allocator-size-preload-manager=33554432"
    "memorysetup-temp-allocator-size-nav-mesh-worker=65536"
    "memorysetup-temp-allocator-size-audio-worker=65536"
    "memorysetup-temp-allocator-size-cloud-worker=32768"
    "memorysetup-temp-allocator-size-gi-baking-worker=262144"
    "memorysetup-temp-allocator-size-gfx=262144"
Refreshing native plugins compatible for Editor in 74.06 ms, found 3 plugins.
Preloading 0 native plugins for Editor in 0.00 ms.
Initialize engine version: 2021.3.4f1 (cb45f9cae8b7)
[Subsystems] Discovering subsystems at path C:/Program Files/Unity/Hub/Editor/2021.3.4f1/Editor/Data/Resources/UnitySubsystems
[Subsystems] Discovering subsystems at path C:/Users/PC/OneDrive/Documents/GitHub/Complete-C-Unity-Game-Developer-3D/Assets
GfxDevice: creating device client; threaded=0; jobified=0
Direct3D:
    Version:  Direct3D 11.0 [level 11.1]
    Renderer: NVIDIA GeForce RTX 4060 (ID=0x2882)
    Vendor:   NVIDIA
    VRAM:     7957 MB
    Driver:   32.0.15.7602
Initialize mono
Mono path[0] = 'C:/Program Files/Unity/Hub/Editor/2021.3.4f1/Editor/Data/Managed'
Mono path[1] = 'C:/Program Files/Unity/Hub/Editor/2021.3.4f1/Editor/Data/MonoBleedingEdge/lib/mono/unityjit-win32'
Mono config path = 'C:/Program Files/Unity/Hub/Editor/2021.3.4f1/Editor/Data/MonoBleedingEdge/etc'
Using monoOptions --debugger-agent=transport=dt_socket,embedding=1,server=y,suspend=n,address=127.0.0.1:56600
Begin MonoManager ReloadAssembly
Registering precompiled unity dll's ...
Register platform support module: C:/Program Files/Unity/Hub/Editor/2021.3.4f1/Editor/Data/PlaybackEngines/WebGLSupport/UnityEditor.WebGL.Extensions.dll
Register platform support module: C:/Program Files/Unity/Hub/Editor/2021.3.4f1/Editor/Data/PlaybackEngines/WindowsStandaloneSupport/UnityEditor.WindowsStandalone.Extensions.dll
Register platform support module: C:/Program Files/Unity/Hub/Editor/2021.3.4f1/Editor/Data/PlaybackEngines/MetroSupport/UnityEditor.UWP.Extensions.dll
Registered in 0.005012 seconds.
Native extension for UWP target not found
Native extension for WindowsStandalone target not found
Native extension for WebGL target not found
Refreshing native plugins compatible for Editor in 72.43 ms, found 3 plugins.
Preloading 0 native plugins for Editor in 0.00 ms.
Mono: successfully reloaded assembly
- Completed reload, in  0.433 seconds
Domain Reload Profiling:
	ReloadAssembly (433ms)
		BeginReloadAssembly (49ms)
			ExecutionOrderSort (0ms)
			DisableScriptedObjects (0ms)
			BackupInstance (0ms)
			ReleaseScriptingObjects (0ms)
			CreateAndSetChildDomain (0ms)
		EndReloadAssembly (318ms)
			LoadAssemblies (48ms)
			RebuildTransferFunctionScriptingTraits (0ms)
			SetupTypeCache (72ms)
			ReleaseScriptCaches (0ms)
			RebuildScriptCaches (16ms)
			SetupLoadedEditorAssemblies (194ms)
				LogAssemblyErrors (0ms)
				InitializePlatformSupportModulesInManaged (6ms)
				SetLoadedEditorAssemblies (0ms)
				RefreshPlugins (72ms)
				BeforeProcessingInitializeOnLoad (1ms)
				ProcessInitializeOnLoadAttributes (88ms)
				ProcessInitializeOnLoadMethodAttributes (26ms)
				AfterProcessingInitializeOnLoad (0ms)
				EditorAssembliesLoaded (0ms)
			ExecutionOrderSort2 (0ms)
			AwakeInstancesAfterBackupRestoration (0ms)
Platform modules already initialized, skipping
Registering precompiled user dll's ...
Registered in 0.005181 seconds.
Begin MonoManager ReloadAssembly
Symbol file LoadedFromMemory doesn't match image C:\Users\PC\OneDrive\Documents\GitHub\Complete-C-Unity-Game-Developer-3D\Library\PackageCache\com.unity.visualscripting@1.7.8\Editor\VisualScripting.Core\Dependencies\YamlDotNet\Unity.VisualScripting.YamlDotNet.dll
Symbol file LoadedFromMemory doesn't match image C:\Users\PC\OneDrive\Documents\GitHub\Complete-C-Unity-Game-Developer-3D\Library\PackageCache\com.unity.visualscripting@1.7.8\Editor\VisualScripting.Core\Dependencies\DotNetZip\Unity.VisualScripting.IonicZip.dll
Native extension for UWP target not found
Native extension for WindowsStandalone target not found
Native extension for WebGL target not found
Refreshing native plugins compatible for Editor in 69.91 ms, found 3 plugins.
Preloading 0 native plugins for Editor in 0.00 ms.
Mono: successfully reloaded assembly
- Completed reload, in  0.898 seconds
Domain Reload Profiling:
	ReloadAssembly (899ms)
		BeginReloadAssembly (73ms)
			ExecutionOrderSort (0ms)
			DisableScriptedObjects (4ms)
			BackupInstance (0ms)
			ReleaseScriptingObjects (0ms)
			CreateAndSetChildDomain (15ms)
		EndReloadAssembly (752ms)
			LoadAssemblies (60ms)
			RebuildTransferFunctionScriptingTraits (0ms)
			SetupTypeCache (183ms)
			ReleaseScriptCaches (1ms)
			RebuildScriptCaches (38ms)
			SetupLoadedEditorAssemblies (446ms)
				LogAssemblyErrors (0ms)
				InitializePlatformSupportModulesInManaged (4ms)
				SetLoadedEditorAssemblies (0ms)
				RefreshPlugins (70ms)
				BeforeProcessingInitializeOnLoad (73ms)
				ProcessInitializeOnLoadAttributes (277ms)
				ProcessInitializeOnLoadMethodAttributes (17ms)
				AfterProcessingInitializeOnLoad (5ms)
				EditorAssembliesLoaded (0ms)
			ExecutionOrderSort2 (0ms)
			AwakeInstancesAfterBackupRestoration (4ms)
Platform modules already initialized, skipping
========================================================================
Worker process is ready to serve import requests
Launched and connected shader compiler UnityShaderCompiler.exe after 0.06 seconds
Refreshing native plugins compatible for Editor in 1.07 ms, found 3 plugins.
Preloading 0 native plugins for Editor in 0.00 ms.
Unloading 4218 Unused Serialized files (Serialized files now loaded: 0)
Unloading 77 unused Assets / (2.8 MB). Loaded Objects now: 4692.
Memory consumption went from 252.0 MB to 249.2 MB.
Total: 5.120800 ms (FindLiveObjects: 0.470700 ms CreateObjectMapping: 0.160300 ms MarkObjects: 3.690100 ms  DeleteObjects: 0.798400 ms)

AssetImportParameters requested are different than current active one (requested -> active):
  custom:video-decoder-ogg-theora: a1e56fd34408186e4bbccfd4996cb3dc -> 
  custom:container-muxer-webm: aa71ff27fc2769a1b78a27578f13a17b -> 
  custom:container-demuxer-webm: 4f35f7cbe854078d1ac9338744f61a02 -> 
  custom:video-encoder-webm-vp8: eb34c28f22e8b96e1ab97ce403110664 -> 
  custom:video-codec-MediaFoundation-h265: 746d11721c4dcdbdad8f713fa42b33f4 -> 
  custom:audio-encoder-webm-vorbis: bf7c407c2cedff20999df2af8eb42d56 -> 
  custom:framework-win-MediaFoundation: 216162199b28c13a410421893ffa2e32 -> 
  custom:container-demuxer-ogg: 62fdf1f143b41e24485cea50d1cbac27 -> 
  custom:video-decoder-webm-vp8: 9c59270c3fd7afecdb556c50c9e8de78 -> 
  custom:audio-decoder-ogg-vorbis: bf7c407c2cedff20999df2af8eb42d56 -> 
========================================================================
Received Import Request.
  Time since last request: 1742283.367811 seconds.
  path: Assets/Section 5 = Realm Rush/Prefabs/Straight Road.prefab
  artifactKey: Guid(837e589a8fa2c294a8dc07ccf8a66576) Importer(815301076,1909f56bfc062723c751e8b465ee728b)
Start importing Assets/Section 5 = Realm Rush/Prefabs/Straight Road.prefab using Guid(837e589a8fa2c294a8dc07ccf8a66576) Importer(815301076,1909f56bfc062723c751e8b465ee728b)  -> (artifact id: '2c940a9b99d0a4e6d1a4786dc6decdcc') in 0.099885 seconds 
========================================================================
Received Import Request.
  Time since last request: 2.854577 seconds.
  path: Assets/Section 5 = Realm Rush/Prefabs/Straight Road.prefab
  artifactKey: Guid(837e589a8fa2c294a8dc07ccf8a66576) Importer(815301076,1909f56bfc062723c751e8b465ee728b)
Start importing Assets/Section 5 = Realm Rush/Prefabs/Straight Road.prefab using Guid(837e589a8fa2c294a8dc07ccf8a66576) Importer(815301076,1909f56bfc062723c751e8b465ee728b)  -> (artifact id: '93cefe8f614ba159a81df3f735393d05') in 0.026809 seconds 
========================================================================
Received Import Request.
  Time since last request: 69.222891 seconds.
  path: Assets/Section 5 = Realm Rush/Prefabs/Turn Road.prefab
  artifactKey: Guid(fe3bab9163511f147b9cf9048f187a0f) Importer(815301076,1909f56bfc062723c751e8b465ee728b)
Start importing Assets/Section 5 = Realm Rush/Prefabs/Turn Road.prefab using Guid(fe3bab9163511f147b9cf9048f187a0f) Importer(815301076,1909f56bfc062723c751e8b465ee728b)  -> (artifact id: '4dac751924786d4bcb0e4182b0cb8c84') in 0.034023 seconds 
========================================================================
Received Import Request.
  Time since last request: 7.265969 seconds.
  path: Assets/Section 5 = Realm Rush/Prefabs/Turn Road.prefab
  artifactKey: Guid(fe3bab9163511f147b9cf9048f187a0f) Importer(815301076,1909f56bfc062723c751e8b465ee728b)
Start importing Assets/Section 5 = Realm Rush/Prefabs/Turn Road.prefab using Guid(fe3bab9163511f147b9cf9048f187a0f) Importer(815301076,1909f56bfc062723c751e8b465ee728b)  -> (artifact id: 'b8c73f5fda198f0eb2882c0a62a3bfe3') in 0.028560 seconds 
========================================================================
Received Import Request.
  Time since last request: 103.334969 seconds.
  path: Assets/Section 5 = Realm Rush/Prefabs/Straight Road 2.prefab
  artifactKey: Guid(0d999cdd95106834a823c4514a3420a3) Importer(815301076,1909f56bfc062723c751e8b465ee728b)
Start importing Assets/Section 5 = Realm Rush/Prefabs/Straight Road 2.prefab using Guid(0d999cdd95106834a823c4514a3420a3) Importer(815301076,1909f56bfc062723c751e8b465ee728b)  -> (artifact id: 'd965806f92e01e0f146dc4767a8b496d') in 0.032609 seconds 
========================================================================
Received Import Request.
  Time since last request: 9.282564 seconds.
  path: Assets/Section 5 = Realm Rush/Prefabs/Straight Road 2.prefab
  artifactKey: Guid(0d999cdd95106834a823c4514a3420a3) Importer(815301076,1909f56bfc062723c751e8b465ee728b)
Start importing Assets/Section 5 = Realm Rush/Prefabs/Straight Road 2.prefab using Guid(0d999cdd95106834a823c4514a3420a3) Importer(815301076,1909f56bfc062723c751e8b465ee728b)  -> (artifact id: '0964bf3174edb6e509823652983ddccf') in 0.023529 seconds 
========================================================================
Received Import Request.
  Time since last request: 8.579168 seconds.
  path: Assets/Section 5 = Realm Rush/Prefabs/Straight Road 90.prefab
  artifactKey: Guid(0d999cdd95106834a823c4514a3420a3) Importer(815301076,1909f56bfc062723c751e8b465ee728b)
Start importing Assets/Section 5 = Realm Rush/Prefabs/Straight Road 90.prefab using Guid(0d999cdd95106834a823c4514a3420a3) Importer(815301076,1909f56bfc062723c751e8b465ee728b)  -> (artifact id: '3f217fce0b71c7584c9ae32485215a46') in 0.031510 seconds 
========================================================================
Received Import Request.
  Time since last request: 39.232056 seconds.
  path: Assets/Section 5 = Realm Rush/Prefabs/Turn Road 90.prefab
  artifactKey: Guid(1d99113e38b1a784bb163a26e30a9ac3) Importer(815301076,1909f56bfc062723c751e8b465ee728b)
Start importing Assets/Section 5 = Realm Rush/Prefabs/Turn Road 90.prefab using Guid(1d99113e38b1a784bb163a26e30a9ac3) Importer(815301076,1909f56bfc062723c751e8b465ee728b)  -> (artifact id: '8170e840fe363406287d6910524d18e2') in 0.032404 seconds 
========================================================================
Received Import Request.
  Time since last request: 8.248674 seconds.
  path: Assets/Section 5 = Realm Rush/Prefabs/Turn Road 90.prefab
  artifactKey: Guid(1d99113e38b1a784bb163a26e30a9ac3) Importer(815301076,1909f56bfc062723c751e8b465ee728b)
Start importing Assets/Section 5 = Realm Rush/Prefabs/Turn Road 90.prefab using Guid(1d99113e38b1a784bb163a26e30a9ac3) Importer(815301076,1909f56bfc062723c751e8b465ee728b)  -> (artifact id: '519e5ab82667f62c2eb14a7ab807d7f3') in 0.022554 seconds 
========================================================================
Received Import Request.
  Time since last request: 10.758581 seconds.
  path: Assets/Section 5 = Realm Rush/Prefabs/Turn Road -90Variant.prefab
  artifactKey: Guid(554d8c432cbc36944a879dca93e287a2) Importer(815301076,1909f56bfc062723c751e8b465ee728b)
Start importing Assets/Section 5 = Realm Rush/Prefabs/Turn Road -90Variant.prefab using Guid(554d8c432cbc36944a879dca93e287a2) Importer(815301076,1909f56bfc062723c751e8b465ee728b)  -> (artifact id: '983d04864cab366d22197cd833c354f6') in 0.032617 seconds 
========================================================================
Received Import Request.
  Time since last request: 7.574148 seconds.
  path: Assets/Section 5 = Realm Rush/Prefabs/Turn Road -90Variant.prefab
  artifactKey: Guid(554d8c432cbc36944a879dca93e287a2) Importer(815301076,1909f56bfc062723c751e8b465ee728b)
Start importing Assets/Section 5 = Realm Rush/Prefabs/Turn Road -90Variant.prefab using Guid(554d8c432cbc36944a879dca93e287a2) Importer(815301076,1909f56bfc062723c751e8b465ee728b)  -> (artifact id: '455b7895698a7a75410c10c96d8b4c25') in 0.023584 seconds 
========================================================================
Received Import Request.
  Time since last request: 19.768193 seconds.
  path: Assets/Section 5 = Realm Rush/Prefabs/Turn Road 180.prefab
  artifactKey: Guid(936f38b85178a954a843fc3c328230d5) Importer(815301076,1909f56bfc062723c751e8b465ee728b)
Start importing Assets/Section 5 = Realm Rush/Prefabs/Turn Road 180.prefab using Guid(936f38b85178a954a843fc3c328230d5) Importer(815301076,1909f56bfc062723c751e8b465ee728b)  -> (artifact id: '60b3478e1e5394a00d4430ea21c684ae') in 0.043995 seconds 
========================================================================
Received Import Request.
  Time since last request: 9.418210 seconds.
  path: Assets/Section 5 = Realm Rush/Prefabs/Turn Road -90.prefab
  artifactKey: Guid(554d8c432cbc36944a879dca93e287a2) Importer(815301076,1909f56bfc062723c751e8b465ee728b)
Start importing Assets/Section 5 = Realm Rush/Prefabs/Turn Road -90.prefab using Guid(554d8c432cbc36944a879dca93e287a2) Importer(815301076,1909f56bfc062723c751e8b465ee728b)  -> (artifact id: '859890e6542fcc17592e3e91afdc4f2a') in 0.031424 seconds 
========================================================================
Received Import Request.
  Time since last request: 47.183468 seconds.
  path: Assets/Section 5 = Realm Rush/Prefabs/Turn Road -90.prefab
  artifactKey: Guid(554d8c432cbc36944a879dca93e287a2) Importer(815301076,1909f56bfc062723c751e8b465ee728b)
Start importing Assets/Section 5 = Realm Rush/Prefabs/Turn Road -90.prefab using Guid(554d8c432cbc36944a879dca93e287a2) Importer(815301076,1909f56bfc062723c751e8b465ee728b)  -> (artifact id: '7f740c10fd27907c7ac7bda95601ee58') in 0.021946 seconds 
========================================================================
Received Import Request.
  Time since last request: 13.534359 seconds.
  path: Assets/Section 5 = Realm Rush/Prefabs/Turn Road 180.prefab
  artifactKey: Guid(936f38b85178a954a843fc3c328230d5) Importer(815301076,1909f56bfc062723c751e8b465ee728b)
Start importing Assets/Section 5 = Realm Rush/Prefabs/Turn Road 180.prefab using Guid(936f38b85178a954a843fc3c328230d5) Importer(815301076,1909f56bfc062723c751e8b465ee728b)  -> (artifact id: '93e586f49f32f9064599ec0f86a730c8') in 0.025936 seconds 
========================================================================
Received Import Request.
  Time since last request: 27.587199 seconds.
  path: Assets/Section 5 = Realm Rush/Prefabs/Turn Road -90.prefab
  artifactKey: Guid(554d8c432cbc36944a879dca93e287a2) Importer(815301076,1909f56bfc062723c751e8b465ee728b)
Start importing Assets/Section 5 = Realm Rush/Prefabs/Turn Road -90.prefab using Guid(554d8c432cbc36944a879dca93e287a2) Importer(815301076,1909f56bfc062723c751e8b465ee728b)  -> (artifact id: '972ca8f9631b0118f252f4e046fb53c4') in 0.026197 seconds 
========================================================================
Received Import Request.
  Time since last request: 18.246802 seconds.
  path: Assets/Section 5 = Realm Rush/Prefabs/Turn Road -90.prefab
  artifactKey: Guid(554d8c432cbc36944a879dca93e287a2) Importer(815301076,1909f56bfc062723c751e8b465ee728b)
Start importing Assets/Section 5 = Realm Rush/Prefabs/Turn Road -90.prefab using Guid(554d8c432cbc36944a879dca93e287a2) Importer(815301076,1909f56bfc062723c751e8b465ee728b)  -> (artifact id: '9f33a5dd1855fe1a474b4d68139a40a8') in 0.024728 seconds 
========================================================================
Received Import Request.
  Time since last request: 90.131120 seconds.
  path: Assets/Section 5 = Realm Rush/Prefabs/Turn Road -90.prefab
  artifactKey: Guid(554d8c432cbc36944a879dca93e287a2) Importer(815301076,1909f56bfc062723c751e8b465ee728b)
Start importing Assets/Section 5 = Realm Rush/Prefabs/Turn Road -90.prefab using Guid(554d8c432cbc36944a879dca93e287a2) Importer(815301076,1909f56bfc062723c751e8b465ee728b)  -> (artifact id: '23b58ffb1289153a61466a8a3fc4d134') in 0.022753 seconds 
========================================================================
Received Prepare
Registering precompiled user dll's ...
Registered in 0.005274 seconds.
Begin MonoManager ReloadAssembly
Symbol file LoadedFromMemory doesn't match image C:\Users\PC\OneDrive\Documents\GitHub\Complete-C-Unity-Game-Developer-3D\Library\PackageCache\com.unity.visualscripting@1.7.8\Editor\VisualScripting.Core\Dependencies\YamlDotNet\Unity.VisualScripting.YamlDotNet.dll
Symbol file LoadedFromMemory doesn't match image C:\Users\PC\OneDrive\Documents\GitHub\Complete-C-Unity-Game-Developer-3D\Library\PackageCache\com.unity.visualscripting@1.7.8\Editor\VisualScripting.Core\Dependencies\DotNetZip\Unity.VisualScripting.IonicZip.dll
Native extension for UWP target not found
Native extension for WindowsStandalone target not found
Native extension for WebGL target not found
Refreshing native plugins compatible for Editor in 0.72 ms, found 3 plugins.
Preloading 0 native plugins for Editor in 0.00 ms.
Mono: successfully reloaded assembly
- Completed reload, in  0.784 seconds
Domain Reload Profiling:
	ReloadAssembly (784ms)
		BeginReloadAssembly (102ms)
			ExecutionOrderSort (0ms)
			DisableScriptedObjects (3ms)
			BackupInstance (0ms)
			ReleaseScriptingObjects (0ms)
			CreateAndSetChildDomain (35ms)
		EndReloadAssembly (622ms)
			LoadAssemblies (59ms)
			RebuildTransferFunctionScriptingTraits (0ms)
			SetupTypeCache (160ms)
			ReleaseScriptCaches (1ms)
			RebuildScriptCaches (29ms)
			SetupLoadedEditorAssemblies (346ms)
				LogAssemblyErrors (0ms)
				InitializePlatformSupportModulesInManaged (10ms)
				SetLoadedEditorAssemblies (0ms)
				RefreshPlugins (1ms)
				BeforeProcessingInitializeOnLoad (58ms)
				ProcessInitializeOnLoadAttributes (257ms)
				ProcessInitializeOnLoadMethodAttributes (14ms)
				AfterProcessingInitializeOnLoad (5ms)
				EditorAssembliesLoaded (0ms)
			ExecutionOrderSort2 (0ms)
			AwakeInstancesAfterBackupRestoration (4ms)
Platform modules already initialized, skipping
Refreshing native plugins compatible for Editor in 2.89 ms, found 3 plugins.
Preloading 0 native plugins for Editor in 0.00 ms.
Unloading 4138 Unused Serialized files (Serialized files now loaded: 0)
Unloading 46 unused Assets / (2.8 MB). Loaded Objects now: 4714.
Memory consumption went from 248.8 MB to 246.0 MB.
Total: 4.699400 ms (FindLiveObjects: 0.460000 ms CreateObjectMapping: 0.170900 ms MarkObjects: 3.373800 ms  DeleteObjects: 0.692000 ms)

AssetImportParameters requested are different than current active one (requested -> active):
  custom:video-decoder-ogg-theora: a1e56fd34408186e4bbccfd4996cb3dc -> 
  custom:container-muxer-webm: aa71ff27fc2769a1b78a27578f13a17b -> 
  custom:container-demuxer-webm: 4f35f7cbe854078d1ac9338744f61a02 -> 
  custom:video-encoder-webm-vp8: eb34c28f22e8b96e1ab97ce403110664 -> 
  custom:video-codec-MediaFoundation-h265: 746d11721c4dcdbdad8f713fa42b33f4 -> 
  custom:audio-encoder-webm-vorbis: bf7c407c2cedff20999df2af8eb42d56 -> 
  custom:framework-win-MediaFoundation: 216162199b28c13a410421893ffa2e32 -> 
  custom:container-demuxer-ogg: 62fdf1f143b41e24485cea50d1cbac27 -> 
  custom:video-decoder-webm-vp8: 9c59270c3fd7afecdb556c50c9e8de78 -> 
  custom:audio-decoder-ogg-vorbis: bf7c407c2cedff20999df2af8eb42d56 -> 
========================================================================
Received Prepare
Registering precompiled user dll's ...
Registered in 0.005155 seconds.
Begin MonoManager ReloadAssembly
Symbol file LoadedFromMemory doesn't match image C:\Users\PC\OneDrive\Documents\GitHub\Complete-C-Unity-Game-Developer-3D\Library\PackageCache\com.unity.visualscripting@1.7.8\Editor\VisualScripting.Core\Dependencies\YamlDotNet\Unity.VisualScripting.YamlDotNet.dll
Symbol file LoadedFromMemory doesn't match image C:\Users\PC\OneDrive\Documents\GitHub\Complete-C-Unity-Game-Developer-3D\Library\PackageCache\com.unity.visualscripting@1.7.8\Editor\VisualScripting.Core\Dependencies\DotNetZip\Unity.VisualScripting.IonicZip.dll
Native extension for UWP target not found
Native extension for WindowsStandalone target not found
Native extension for WebGL target not found
Refreshing native plugins compatible for Editor in 0.71 ms, found 3 plugins.
Preloading 0 native plugins for Editor in 0.00 ms.
Mono: successfully reloaded assembly
- Completed reload, in  0.744 seconds
Domain Reload Profiling:
	ReloadAssembly (744ms)
		BeginReloadAssembly (97ms)
			ExecutionOrderSort (0ms)
			DisableScriptedObjects (3ms)
			BackupInstance (0ms)
			ReleaseScriptingObjects (0ms)
			CreateAndSetChildDomain (33ms)
		EndReloadAssembly (589ms)
			LoadAssemblies (56ms)
			RebuildTransferFunctionScriptingTraits (0ms)
			SetupTypeCache (154ms)
			ReleaseScriptCaches (1ms)
			RebuildScriptCaches (26ms)
			SetupLoadedEditorAssemblies (327ms)
				LogAssemblyErrors (0ms)
				InitializePlatformSupportModulesInManaged (9ms)
				SetLoadedEditorAssemblies (0ms)
				RefreshPlugins (1ms)
				BeforeProcessingInitializeOnLoad (54ms)
				ProcessInitializeOnLoadAttributes (241ms)
				ProcessInitializeOnLoadMethodAttributes (17ms)
				AfterProcessingInitializeOnLoad (5ms)
				EditorAssembliesLoaded (0ms)
			ExecutionOrderSort2 (0ms)
			AwakeInstancesAfterBackupRestoration (3ms)
Platform modules already initialized, skipping
Refreshing native plugins compatible for Editor in 2.80 ms, found 3 plugins.
Preloading 0 native plugins for Editor in 0.00 ms.
Unloading 4138 Unused Serialized files (Serialized files now loaded: 0)
Unloading 46 unused Assets / (2.8 MB). Loaded Objects now: 4729.
Memory consumption went from 248.8 MB to 246.0 MB.
Total: 4.773500 ms (FindLiveObjects: 0.557000 ms CreateObjectMapping: 0.212400 ms MarkObjects: 3.204000 ms  DeleteObjects: 0.799300 ms)

AssetImportParameters requested are different than current active one (requested -> active):
  custom:video-decoder-ogg-theora: a1e56fd34408186e4bbccfd4996cb3dc -> 
  custom:container-muxer-webm: aa71ff27fc2769a1b78a27578f13a17b -> 
  custom:container-demuxer-webm: 4f35f7cbe854078d1ac9338744f61a02 -> 
  custom:video-encoder-webm-vp8: eb34c28f22e8b96e1ab97ce403110664 -> 
  custom:video-codec-MediaFoundation-h265: 746d11721c4dcdbdad8f713fa42b33f4 -> 
  custom:audio-encoder-webm-vorbis: bf7c407c2cedff20999df2af8eb42d56 -> 
  custom:framework-win-MediaFoundation: 216162199b28c13a410421893ffa2e32 -> 
  custom:container-demuxer-ogg: 62fdf1f143b41e24485cea50d1cbac27 -> 
  custom:video-decoder-webm-vp8: 9c59270c3fd7afecdb556c50c9e8de78 -> 
  custom:audio-decoder-ogg-vorbis: bf7c407c2cedff20999df2af8eb42d56 -> 
========================================================================
Received Prepare
Registering precompiled user dll's ...
Registered in 0.005079 seconds.
Begin MonoManager ReloadAssembly
Symbol file LoadedFromMemory doesn't match image C:\Users\PC\OneDrive\Documents\GitHub\Complete-C-Unity-Game-Developer-3D\Library\PackageCache\com.unity.visualscripting@1.7.8\Editor\VisualScripting.Core\Dependencies\YamlDotNet\Unity.VisualScripting.YamlDotNet.dll
Symbol file LoadedFromMemory doesn't match image C:\Users\PC\OneDrive\Documents\GitHub\Complete-C-Unity-Game-Developer-3D\Library\PackageCache\com.unity.visualscripting@1.7.8\Editor\VisualScripting.Core\Dependencies\DotNetZip\Unity.VisualScripting.IonicZip.dll
Native extension for UWP target not found
Native extension for WindowsStandalone target not found
Native extension for WebGL target not found
Refreshing native plugins compatible for Editor in 0.53 ms, found 3 plugins.
Preloading 0 native plugins for Editor in 0.00 ms.
Mono: successfully reloaded assembly
- Completed reload, in  0.796 seconds
Domain Reload Profiling:
	ReloadAssembly (797ms)
		BeginReloadAssembly (111ms)
			ExecutionOrderSort (0ms)
			DisableScriptedObjects (3ms)
			BackupInstance (0ms)
			ReleaseScriptingObjects (0ms)
			CreateAndSetChildDomain (42ms)
		EndReloadAssembly (621ms)
			LoadAssemblies (65ms)
			RebuildTransferFunctionScriptingTraits (0ms)
			SetupTypeCache (176ms)
			ReleaseScriptCaches (1ms)
			RebuildScriptCaches (32ms)
			SetupLoadedEditorAssemblies (324ms)
				LogAssemblyErrors (0ms)
				InitializePlatformSupportModulesInManaged (9ms)
				SetLoadedEditorAssemblies (0ms)
				RefreshPlugins (1ms)
				BeforeProcessingInitializeOnLoad (51ms)
				ProcessInitializeOnLoadAttributes (244ms)
				ProcessInitializeOnLoadMethodAttributes (15ms)
				AfterProcessingInitializeOnLoad (5ms)
				EditorAssembliesLoaded (0ms)
			ExecutionOrderSort2 (0ms)
			AwakeInstancesAfterBackupRestoration (3ms)
Platform modules already initialized, skipping
Refreshing native plugins compatible for Editor in 2.58 ms, found 3 plugins.
Preloading 0 native plugins for Editor in 0.00 ms.
Unloading 4138 Unused Serialized files (Serialized files now loaded: 0)
Unloading 46 unused Assets / (2.8 MB). Loaded Objects now: 4744.
Memory consumption went from 248.8 MB to 246.0 MB.
Total: 4.572700 ms (FindLiveObjects: 0.493100 ms CreateObjectMapping: 0.182900 ms MarkObjects: 3.223700 ms  DeleteObjects: 0.671800 ms)

AssetImportParameters requested are different than current active one (requested -> active):
  custom:video-decoder-ogg-theora: a1e56fd34408186e4bbccfd4996cb3dc -> 
  custom:container-muxer-webm: aa71ff27fc2769a1b78a27578f13a17b -> 
  custom:container-demuxer-webm: 4f35f7cbe854078d1ac9338744f61a02 -> 
  custom:video-encoder-webm-vp8: eb34c28f22e8b96e1ab97ce403110664 -> 
  custom:video-codec-MediaFoundation-h265: 746d11721c4dcdbdad8f713fa42b33f4 -> 
  custom:audio-encoder-webm-vorbis: bf7c407c2cedff20999df2af8eb42d56 -> 
  custom:framework-win-MediaFoundation: 216162199b28c13a410421893ffa2e32 -> 
  custom:container-demuxer-ogg: 62fdf1f143b41e24485cea50d1cbac27 -> 
  custom:video-decoder-webm-vp8: 9c59270c3fd7afecdb556c50c9e8de78 -> 
  custom:audio-decoder-ogg-vorbis: bf7c407c2cedff20999df2af8eb42d56 -> 
========================================================================
Received Import Request.
  Time since last request: 349.698762 seconds.
  path: Assets/Section 5 = Realm Rush/Prefabs/Straight Road 90.prefab
  artifactKey: Guid(0d999cdd95106834a823c4514a3420a3) Importer(815301076,1909f56bfc062723c751e8b465ee728b)
Start importing Assets/Section 5 = Realm Rush/Prefabs/Straight Road 90.prefab using Guid(0d999cdd95106834a823c4514a3420a3) Importer(815301076,1909f56bfc062723c751e8b465ee728b)  -> (artifact id: 'e3c5e7464dd3032f3522eb22adabf204') in 0.081191 seconds 
========================================================================
Received Import Request.
  Time since last request: 0.000017 seconds.
  path: Assets/Section 5 = Realm Rush/Prefabs/Turn Road.prefab
  artifactKey: Guid(fe3bab9163511f147b9cf9048f187a0f) Importer(815301076,1909f56bfc062723c751e8b465ee728b)
Start importing Assets/Section 5 = Realm Rush/Prefabs/Turn Road.prefab using Guid(fe3bab9163511f147b9cf9048f187a0f) Importer(815301076,1909f56bfc062723c751e8b465ee728b)  -> (artifact id: 'e6f3acc60cc08c17afc1470ca471804b') in 0.035056 seconds 
========================================================================
Received Import Request.
  Time since last request: 0.000020 seconds.
  path: Assets/Section 5 = Realm Rush/Prefabs/Turn Road 180.prefab
  artifactKey: Guid(936f38b85178a954a843fc3c328230d5) Importer(815301076,1909f56bfc062723c751e8b465ee728b)
Start importing Assets/Section 5 = Realm Rush/Prefabs/Turn Road 180.prefab using Guid(936f38b85178a954a843fc3c328230d5) Importer(815301076,1909f56bfc062723c751e8b465ee728b)  -> (artifact id: 'f003e0fd9e84be306ddd38e76d5a8f80') in 0.024715 seconds 
========================================================================
Received Import Request.
  Time since last request: 0.000011 seconds.
  path: Assets/Section 5 = Realm Rush/Prefabs/Turn Road -90.prefab
  artifactKey: Guid(554d8c432cbc36944a879dca93e287a2) Importer(815301076,1909f56bfc062723c751e8b465ee728b)
Start importing Assets/Section 5 = Realm Rush/Prefabs/Turn Road -90.prefab using Guid(554d8c432cbc36944a879dca93e287a2) Importer(815301076,1909f56bfc062723c751e8b465ee728b)  -> (artifact id: '5c4822d5cf95e50abac82812af2e9c3a') in 0.022125 seconds 
========================================================================
Received Import Request.
  Time since last request: 3.389995 seconds.
  path: Assets/Section 5 = Realm Rush/Prefabs/Straight Road 90.prefab
  artifactKey: Guid(0d999cdd95106834a823c4514a3420a3) Importer(815301076,1909f56bfc062723c751e8b465ee728b)
Start importing Assets/Section 5 = Realm Rush/Prefabs/Straight Road 90.prefab using Guid(0d999cdd95106834a823c4514a3420a3) Importer(815301076,1909f56bfc062723c751e8b465ee728b)  -> (artifact id: '7c9e3208c6430dd0d4bb016d0d50d237') in 0.024828 seconds 
========================================================================
Received Import Request.
  Time since last request: 0.000015 seconds.
  path: Assets/Section 5 = Realm Rush/Prefabs/Turn Road 90.prefab
  artifactKey: Guid(1d99113e38b1a784bb163a26e30a9ac3) Importer(815301076,1909f56bfc062723c751e8b465ee728b)
Start importing Assets/Section 5 = Realm Rush/Prefabs/Turn Road 90.prefab using Guid(1d99113e38b1a784bb163a26e30a9ac3) Importer(815301076,1909f56bfc062723c751e8b465ee728b)  -> (artifact id: '4a0215db4c3ed9f3d7256587ebed3e94') in 0.021200 seconds 
========================================================================
Received Import Request.
  Time since last request: 0.000017 seconds.
  path: Assets/Section 5 = Realm Rush/Prefabs/Turn Road 180.prefab
  artifactKey: Guid(936f38b85178a954a843fc3c328230d5) Importer(815301076,1909f56bfc062723c751e8b465ee728b)
Start importing Assets/Section 5 = Realm Rush/Prefabs/Turn Road 180.prefab using Guid(936f38b85178a954a843fc3c328230d5) Importer(815301076,1909f56bfc062723c751e8b465ee728b)  -> (artifact id: '6ecbfefcefcf5e59728f821d02a88ff0') in 0.026334 seconds 
========================================================================
Received Prepare
Registering precompiled user dll's ...
Registered in 0.006559 seconds.
Begin MonoManager ReloadAssembly
Symbol file LoadedFromMemory doesn't match image C:\Users\PC\OneDrive\Documents\GitHub\Complete-C-Unity-Game-Developer-3D\Library\PackageCache\com.unity.visualscripting@1.7.8\Editor\VisualScripting.Core\Dependencies\YamlDotNet\Unity.VisualScripting.YamlDotNet.dll
Symbol file LoadedFromMemory doesn't match image C:\Users\PC\OneDrive\Documents\GitHub\Complete-C-Unity-Game-Developer-3D\Library\PackageCache\com.unity.visualscripting@1.7.8\Editor\VisualScripting.Core\Dependencies\DotNetZip\Unity.VisualScripting.IonicZip.dll
Native extension for UWP target not found
Native extension for WindowsStandalone target not found
Native extension for WebGL target not found
Refreshing native plugins compatible for Editor in 0.61 ms, found 3 plugins.
Preloading 0 native plugins for Editor in 0.00 ms.
Mono: successfully reloaded assembly
- Completed reload, in  0.881 seconds
Domain Reload Profiling:
	ReloadAssembly (882ms)
		BeginReloadAssembly (109ms)
			ExecutionOrderSort (0ms)
			DisableScriptedObjects (3ms)
			BackupInstance (0ms)
			ReleaseScriptingObjects (0ms)
			CreateAndSetChildDomain (39ms)
		EndReloadAssembly (702ms)
			LoadAssemblies (65ms)
			RebuildTransferFunctionScriptingTraits (0ms)
			SetupTypeCache (218ms)
			ReleaseScriptCaches (1ms)
			RebuildScriptCaches (34ms)
			SetupLoadedEditorAssemblies (356ms)
				LogAssemblyErrors (0ms)
				InitializePlatformSupportModulesInManaged (10ms)
				SetLoadedEditorAssemblies (0ms)
				RefreshPlugins (1ms)
				BeforeProcessingInitializeOnLoad (53ms)
				ProcessInitializeOnLoadAttributes (269ms)
				ProcessInitializeOnLoadMethodAttributes (18ms)
				AfterProcessingInitializeOnLoad (5ms)
				EditorAssembliesLoaded (0ms)
			ExecutionOrderSort2 (0ms)
			AwakeInstancesAfterBackupRestoration (3ms)
Platform modules already initialized, skipping
Refreshing native plugins compatible for Editor in 3.62 ms, found 3 plugins.
Preloading 0 native plugins for Editor in 0.00 ms.
Unloading 4138 Unused Serialized files (Serialized files now loaded: 0)
Unloading 46 unused Assets / (2.8 MB). Loaded Objects now: 4759.
Memory consumption went from 248.9 MB to 246.1 MB.
Total: 5.413500 ms (FindLiveObjects: 0.698700 ms CreateObjectMapping: 0.319300 ms MarkObjects: 3.535900 ms  DeleteObjects: 0.859000 ms)

AssetImportParameters requested are different than current active one (requested -> active):
  custom:video-decoder-ogg-theora: a1e56fd34408186e4bbccfd4996cb3dc -> 
  custom:container-muxer-webm: aa71ff27fc2769a1b78a27578f13a17b -> 
  custom:container-demuxer-webm: 4f35f7cbe854078d1ac9338744f61a02 -> 
  custom:video-encoder-webm-vp8: eb34c28f22e8b96e1ab97ce403110664 -> 
  custom:video-codec-MediaFoundation-h265: 746d11721c4dcdbdad8f713fa42b33f4 -> 
  custom:audio-encoder-webm-vorbis: bf7c407c2cedff20999df2af8eb42d56 -> 
  custom:framework-win-MediaFoundation: 216162199b28c13a410421893ffa2e32 -> 
  custom:container-demuxer-ogg: 62fdf1f143b41e24485cea50d1cbac27 -> 
  custom:video-decoder-webm-vp8: 9c59270c3fd7afecdb556c50c9e8de78 -> 
  custom:audio-decoder-ogg-vorbis: bf7c407c2cedff20999df2af8eb42d56 -> 
========================================================================
Received Import Request.
  Time since last request: 73.449170 seconds.
  path: Assets/Section 5 = Realm Rush/Prefabs/Straight Road 90.prefab
  artifactKey: Guid(0d999cdd95106834a823c4514a3420a3) Importer(815301076,1909f56bfc062723c751e8b465ee728b)
Start importing Assets/Section 5 = Realm Rush/Prefabs/Straight Road 90.prefab using Guid(0d999cdd95106834a823c4514a3420a3) Importer(815301076,1909f56bfc062723c751e8b465ee728b)  -> (artifact id: '27dc1a065314aa4b5604dbbf23f15d62') in 0.089426 seconds 
========================================================================
Received Import Request.
  Time since last request: 0.000014 seconds.
  path: Assets/Section 5 = Realm Rush/Prefabs/Turn Road.prefab
  artifactKey: Guid(fe3bab9163511f147b9cf9048f187a0f) Importer(815301076,1909f56bfc062723c751e8b465ee728b)
Start importing Assets/Section 5 = Realm Rush/Prefabs/Turn Road.prefab using Guid(fe3bab9163511f147b9cf9048f187a0f) Importer(815301076,1909f56bfc062723c751e8b465ee728b)  -> (artifact id: '6db97e3f58288e24766f67282d1a6b00') in 0.036396 seconds 
========================================================================
Received Import Request.
  Time since last request: 0.000011 seconds.
  path: Assets/Section 5 = Realm Rush/Prefabs/Turn Road 180.prefab
  artifactKey: Guid(936f38b85178a954a843fc3c328230d5) Importer(815301076,1909f56bfc062723c751e8b465ee728b)
Start importing Assets/Section 5 = Realm Rush/Prefabs/Turn Road 180.prefab using Guid(936f38b85178a954a843fc3c328230d5) Importer(815301076,1909f56bfc062723c751e8b465ee728b)  -> (artifact id: '9a5153ec59ad84d8d2dedd91aafce468') in 0.031075 seconds 
========================================================================
Received Import Request.
  Time since last request: 5.101620 seconds.
  path: Assets/Section 5 = Realm Rush/Prefabs/Straight Road 90.prefab
  artifactKey: Guid(0d999cdd95106834a823c4514a3420a3) Importer(815301076,1909f56bfc062723c751e8b465ee728b)
Start importing Assets/Section 5 = Realm Rush/Prefabs/Straight Road 90.prefab using Guid(0d999cdd95106834a823c4514a3420a3) Importer(815301076,1909f56bfc062723c751e8b465ee728b)  -> (artifact id: 'd7ff1dc1c5c11531a368ce7b6cab11e4') in 0.024660 seconds 
========================================================================
Received Import Request.
  Time since last request: 0.000012 seconds.
  path: Assets/Section 5 = Realm Rush/Prefabs/Turn Road.prefab
  artifactKey: Guid(fe3bab9163511f147b9cf9048f187a0f) Importer(815301076,1909f56bfc062723c751e8b465ee728b)
Start importing Assets/Section 5 = Realm Rush/Prefabs/Turn Road.prefab using Guid(fe3bab9163511f147b9cf9048f187a0f) Importer(815301076,1909f56bfc062723c751e8b465ee728b)  -> (artifact id: '0cd1f55ab60a7fda1d3130dce01aa592') in 0.022679 seconds 
========================================================================
Received Import Request.
  Time since last request: 0.000012 seconds.
  path: Assets/Section 5 = Realm Rush/Prefabs/Turn Road 180.prefab
  artifactKey: Guid(936f38b85178a954a843fc3c328230d5) Importer(815301076,1909f56bfc062723c751e8b465ee728b)
Start importing Assets/Section 5 = Realm Rush/Prefabs/Turn Road 180.prefab using Guid(936f38b85178a954a843fc3c328230d5) Importer(815301076,1909f56bfc062723c751e8b465ee728b)  -> (artifact id: '4cc70a197e5289feab46386efdd00793') in 0.023319 seconds 
